CRITICAL - 2022-05-26 14:17:21 --> Call to undefined function CodeIgniter\locale_set_default()
#0 /var/www/html/plataforma-contabilidad/vendor/codeigniter4/framework/system/bootstrap.php(146): CodeIgniter\CodeIgniter->initialize()
#1 /var/www/html/plataforma-contabilidad/public/index.php(28): require('/var/www/html/p...')
#2 {main}
CRITICAL - 2022-05-26 14:18:37 --> Call to undefined function CodeIgniter\locale_set_default()
#0 /var/www/html/plataforma-contabilidad/vendor/codeigniter4/framework/system/bootstrap.php(146): CodeIgniter\CodeIgniter->initialize()
#1 /var/www/html/plataforma-contabilidad/public/index.php(28): require('/var/www/html/p...')
#2 {main}
CRITICAL - 2022-05-26 14:18:39 --> Call to undefined function CodeIgniter\locale_set_default()
#0 /var/www/html/plataforma-contabilidad/vendor/codeigniter4/framework/system/bootstrap.php(146): CodeIgniter\CodeIgniter->initialize()
#1 /var/www/html/plataforma-contabilidad/public/index.php(28): require('/var/www/html/p...')
#2 {main}
CRITICAL - 2022-05-26 14:18:56 --> Call to undefined function CodeIgniter\locale_set_default()
#0 /var/www/html/plataforma-contabilidad/vendor/codeigniter4/framework/system/bootstrap.php(146): CodeIgniter\CodeIgniter->initialize()
#1 /var/www/html/plataforma-contabilidad/public/index.php(28): require('/var/www/html/p...')
#2 {main}
CRITICAL - 2022-05-26 14:21:12 --> Call to undefined function CodeIgniter\locale_set_default()
#0 /var/www/html/plataforma-contabilidad/vendor/codeigniter4/framework/system/bootstrap.php(146): CodeIgniter\CodeIgniter->initialize()
#1 /var/www/html/plataforma-contabilidad/public/index.php(28): require('/var/www/html/p...')
#2 {main}
CRITICAL - 2022-05-26 14:21:14 --> Call to undefined function CodeIgniter\locale_set_default()
#0 /var/www/html/plataforma-contabilidad/vendor/codeigniter4/framework/system/bootstrap.php(146): CodeIgniter\CodeIgniter->initialize()
#1 /var/www/html/plataforma-contabilidad/public/index.php(28): require('/var/www/html/p...')
#2 {main}
CRITICAL - 2022-05-26 14:22:39 --> Call to undefined function CodeIgniter\locale_set_default()
#0 /var/www/html/plataforma-contabilidad/vendor/codeigniter4/framework/system/bootstrap.php(146): CodeIgniter\CodeIgniter->initialize()
#1 /var/www/html/plataforma-contabilidad/public/index.php(28): require('/var/www/html/p...')
#2 {main}
CRITICAL - 2022-05-26 16:42:47 --> Invalid file: empresa/nueva.php
#0 /var/www/html/plataforma-contabilidad/vendor/codeigniter4/framework/system/View/View.php(198): CodeIgniter\Exceptions\FrameworkException::forInvalidFile()
#1 /var/www/html/plataforma-contabilidad/vendor/codeigniter4/framework/system/Common.php(1089): CodeIgniter\View\View->render()
#2 /var/www/html/plataforma-contabilidad/app/Controllers/Empresa.php(9): view()
#3 /var/www/html/plataforma-contabilidad/vendor/codeigniter4/framework/system/CodeIgniter.php(832): App\Controllers\Empresa->index()
#4 /var/www/html/plataforma-contabilidad/vendor/codeigniter4/framework/system/CodeIgniter.php(419): CodeIgniter\CodeIgniter->runController()
#5 /var/www/html/plataforma-contabilidad/vendor/codeigniter4/framework/system/CodeIgniter.php(326): CodeIgniter\CodeIgniter->handleRequest()
#6 /var/www/html/plataforma-contabilidad/public/index.php(37): CodeIgniter\CodeIgniter->run()
#7 {main}
CRITICAL - 2022-05-26 16:44:09 --> Call to undefined method CodeIgniter\View\View::extends()
#0 /var/www/html/plataforma-contabilidad/vendor/codeigniter4/framework/system/View/View.php(210): include()
#1 /var/www/html/plataforma-contabilidad/vendor/codeigniter4/framework/system/View/View.php(213): CodeIgniter\View\View->CodeIgniter\View\{closure}()
#2 /var/www/html/plataforma-contabilidad/vendor/codeigniter4/framework/system/Common.php(1089): CodeIgniter\View\View->render()
#3 /var/www/html/plataforma-contabilidad/app/Controllers/Empresa.php(9): view()
#4 /var/www/html/plataforma-contabilidad/vendor/codeigniter4/framework/system/CodeIgniter.php(832): App\Controllers\Empresa->index()
#5 /var/www/html/plataforma-contabilidad/vendor/codeigniter4/framework/system/CodeIgniter.php(419): CodeIgniter\CodeIgniter->runController()
#6 /var/www/html/plataforma-contabilidad/vendor/codeigniter4/framework/system/CodeIgniter.php(326): CodeIgniter\CodeIgniter->handleRequest()
#7 /var/www/html/plataforma-contabilidad/public/index.php(37): CodeIgniter\CodeIgniter->run()
#8 {main}
CRITICAL - 2022-05-26 17:29:48 --> Invalid file: login.php
#0 /var/www/html/plataforma-contabilidad/vendor/codeigniter4/framework/system/View/View.php(198): CodeIgniter\Exceptions\FrameworkException::forInvalidFile()
#1 /var/www/html/plataforma-contabilidad/vendor/codeigniter4/framework/system/Common.php(1089): CodeIgniter\View\View->render()
#2 /var/www/html/plataforma-contabilidad/app/Controllers/Login.php(8): view()
#3 /var/www/html/plataforma-contabilidad/vendor/codeigniter4/framework/system/CodeIgniter.php(832): App\Controllers\Login->index()
#4 /var/www/html/plataforma-contabilidad/vendor/codeigniter4/framework/system/CodeIgniter.php(419): CodeIgniter\CodeIgniter->runController()
#5 /var/www/html/plataforma-contabilidad/vendor/codeigniter4/framework/system/CodeIgniter.php(326): CodeIgniter\CodeIgniter->handleRequest()
#6 /var/www/html/plataforma-contabilidad/public/index.php(37): CodeIgniter\CodeIgniter->run()
#7 {main}
