ERROR - 2022-06-09 10:26:28 --> ErrorException: pg_query(): Query failed: ERROR:  invalid input syntax for type date: &quot;&quot;
LINE 1: ...uñoz', &quot;materno&quot; = 'Zúñiga', &quot;fecha_nacimiento&quot; = '', &quot;direc...
                                                             ^ in C:\xampp\htdocs\plataforma-contabilidad\vendor\codeigniter4\framework\system\Database\Postgre\Connection.php:135
Stack trace:
#0 [internal function]: CodeIgniter\Debug\Exceptions->errorHandler(2, 'pg_query(): Que...', 'C:\\xampp\\htdocs...', 135, Array)
#1 C:\xampp\htdocs\plataforma-contabilidad\vendor\codeigniter4\framework\system\Database\Postgre\Connection.php(135): pg_query(Resource id #144, 'UPDATE "emplead...')
#2 C:\xampp\htdocs\plataforma-contabilidad\vendor\codeigniter4\framework\system\Database\BaseConnection.php(670): CodeIgniter\Database\Postgre\Connection->execute('UPDATE "emplead...')
#3 C:\xampp\htdocs\plataforma-contabilidad\vendor\codeigniter4\framework\system\Database\BaseConnection.php(598): CodeIgniter\Database\BaseConnection->simpleQuery('UPDATE "emplead...')
#4 C:\xampp\htdocs\plataforma-contabilidad\vendor\codeigniter4\framework\system\Database\BaseBuilder.php(1913): CodeIgniter\Database\BaseConnection->query('UPDATE "emplead...', Array, false)
#5 C:\xampp\htdocs\plataforma-contabilidad\vendor\codeigniter4\framework\system\Model.php(298): CodeIgniter\Database\BaseBuilder->update()
#6 C:\xampp\htdocs\plataforma-contabilidad\vendor\codeigniter4\framework\system\BaseModel.php(865): CodeIgniter\Model->doUpdate(Array, Array)
#7 C:\xampp\htdocs\plataforma-contabilidad\vendor\codeigniter4\framework\system\Model.php(651): CodeIgniter\BaseModel->update(Array, Array)
#8 C:\xampp\htdocs\plataforma-contabilidad\app\Controllers\EmpleadoController.php(173): CodeIgniter\Model->update('4', Array)
#9 C:\xampp\htdocs\plataforma-contabilidad\vendor\codeigniter4\framework\system\CodeIgniter.php(832): App\Controllers\EmpleadoController->update('4')
#10 C:\xampp\htdocs\plataforma-contabilidad\vendor\codeigniter4\framework\system\CodeIgniter.php(419): CodeIgniter\CodeIgniter->runController(Object(App\Controllers\EmpleadoController))
#11 C:\xampp\htdocs\plataforma-contabilidad\vendor\codeigniter4\framework\system\CodeIgniter.php(326): CodeIgniter\CodeIgniter->handleRequest(NULL, Object(Config\Cache), false)
#12 C:\xampp\htdocs\plataforma-contabilidad\public\index.php(37): CodeIgniter\CodeIgniter->run()
#13 C:\xampp\htdocs\plataforma-contabilidad\vendor\codeigniter4\framework\system\Commands\Server\rewrite.php(43): require_once('C:\\xampp\\htdocs...')
#14 {main}
CRITICAL - 2022-06-09 10:26:28 --> pg_query(): Query failed: ERROR:  invalid input syntax for type date: &quot;&quot;
LINE 1: ...uñoz', &quot;materno&quot; = 'Zúñiga', &quot;fecha_nacimiento&quot; = '', &quot;direc...
                                                             ^
#0 [internal function]: CodeIgniter\Debug\Exceptions->errorHandler(2, 'pg_query(): Que...', 'C:\\xampp\\htdocs...', 135, Array)
#1 C:\xampp\htdocs\plataforma-contabilidad\vendor\codeigniter4\framework\system\Database\Postgre\Connection.php(135): pg_query(Resource id #144, 'UPDATE "emplead...')
#2 C:\xampp\htdocs\plataforma-contabilidad\vendor\codeigniter4\framework\system\Database\BaseConnection.php(670): CodeIgniter\Database\Postgre\Connection->execute('UPDATE "emplead...')
#3 C:\xampp\htdocs\plataforma-contabilidad\vendor\codeigniter4\framework\system\Database\BaseConnection.php(598): CodeIgniter\Database\BaseConnection->simpleQuery('UPDATE "emplead...')
#4 C:\xampp\htdocs\plataforma-contabilidad\vendor\codeigniter4\framework\system\Database\BaseBuilder.php(1913): CodeIgniter\Database\BaseConnection->query('UPDATE "emplead...', Array, false)
#5 C:\xampp\htdocs\plataforma-contabilidad\vendor\codeigniter4\framework\system\Model.php(298): CodeIgniter\Database\BaseBuilder->update()
#6 C:\xampp\htdocs\plataforma-contabilidad\vendor\codeigniter4\framework\system\BaseModel.php(865): CodeIgniter\Model->doUpdate(Array, Array)
#7 C:\xampp\htdocs\plataforma-contabilidad\vendor\codeigniter4\framework\system\Model.php(651): CodeIgniter\BaseModel->update(Array, Array)
#8 C:\xampp\htdocs\plataforma-contabilidad\app\Controllers\EmpleadoController.php(173): CodeIgniter\Model->update('4', Array)
#9 C:\xampp\htdocs\plataforma-contabilidad\vendor\codeigniter4\framework\system\CodeIgniter.php(832): App\Controllers\EmpleadoController->update('4')
#10 C:\xampp\htdocs\plataforma-contabilidad\vendor\codeigniter4\framework\system\CodeIgniter.php(419): CodeIgniter\CodeIgniter->runController(Object(App\Controllers\EmpleadoController))
#11 C:\xampp\htdocs\plataforma-contabilidad\vendor\codeigniter4\framework\system\CodeIgniter.php(326): CodeIgniter\CodeIgniter->handleRequest(NULL, Object(Config\Cache), false)
#12 C:\xampp\htdocs\plataforma-contabilidad\public\index.php(37): CodeIgniter\CodeIgniter->run()
#13 C:\xampp\htdocs\plataforma-contabilidad\vendor\codeigniter4\framework\system\Commands\Server\rewrite.php(43): require_once('C:\\xampp\\htdocs...')
#14 {main}
CRITICAL - 2022-06-09 10:58:42 --> Undefined variable: base_url
#0 C:\xampp\htdocs\plataforma-contabilidad\app\Views\empleado\editar.php(11): CodeIgniter\Debug\Exceptions->errorHandler(8, 'Undefined varia...', 'C:\\xampp\\htdocs...', 11, Array)
#1 C:\xampp\htdocs\plataforma-contabilidad\vendor\codeigniter4\framework\system\View\View.php(210): include('C:\\xampp\\htdocs...')
#2 C:\xampp\htdocs\plataforma-contabilidad\vendor\codeigniter4\framework\system\View\View.php(213): CodeIgniter\View\View->CodeIgniter\View\{closure}()
#3 C:\xampp\htdocs\plataforma-contabilidad\vendor\codeigniter4\framework\system\Common.php(1089): CodeIgniter\View\View->render('empleado/editar', Array, true)
#4 C:\xampp\htdocs\plataforma-contabilidad\app\Controllers\EmpleadoController.php(28): view('empleado/editar', Array)
#5 C:\xampp\htdocs\plataforma-contabilidad\vendor\codeigniter4\framework\system\CodeIgniter.php(832): App\Controllers\EmpleadoController->edit('10')
#6 C:\xampp\htdocs\plataforma-contabilidad\vendor\codeigniter4\framework\system\CodeIgniter.php(419): CodeIgniter\CodeIgniter->runController(Object(App\Controllers\EmpleadoController))
#7 C:\xampp\htdocs\plataforma-contabilidad\vendor\codeigniter4\framework\system\CodeIgniter.php(326): CodeIgniter\CodeIgniter->handleRequest(NULL, Object(Config\Cache), false)
#8 C:\xampp\htdocs\plataforma-contabilidad\public\index.php(37): CodeIgniter\CodeIgniter->run()
#9 C:\xampp\htdocs\plataforma-contabilidad\vendor\codeigniter4\framework\system\Commands\Server\rewrite.php(43): require_once('C:\\xampp\\htdocs...')
#10 {main}
CRITICAL - 2022-06-09 12:02:13 --> Class 'App\Controllers\ContratoModel' not found
#0 C:\xampp\htdocs\plataforma-contabilidad\vendor\codeigniter4\framework\system\CodeIgniter.php(832): App\Controllers\EmpleadoController->editContrato('$id')
#1 C:\xampp\htdocs\plataforma-contabilidad\vendor\codeigniter4\framework\system\CodeIgniter.php(419): CodeIgniter\CodeIgniter->runController(Object(App\Controllers\EmpleadoController))
#2 C:\xampp\htdocs\plataforma-contabilidad\vendor\codeigniter4\framework\system\CodeIgniter.php(326): CodeIgniter\CodeIgniter->handleRequest(NULL, Object(Config\Cache), false)
#3 C:\xampp\htdocs\plataforma-contabilidad\public\index.php(37): CodeIgniter\CodeIgniter->run()
#4 C:\xampp\htdocs\plataforma-contabilidad\vendor\codeigniter4\framework\system\Commands\Server\rewrite.php(43): require_once('C:\\xampp\\htdocs...')
#5 {main}
ERROR - 2022-06-09 12:02:49 --> ErrorException: pg_query(): Query failed: ERROR:  invalid input syntax for integer: &quot;$id&quot;
LINE 3: WHERE &quot;contratos&quot;.&quot;id&quot; = '$id'
                                 ^ in C:\xampp\htdocs\plataforma-contabilidad\vendor\codeigniter4\framework\system\Database\Postgre\Connection.php:135
Stack trace:
#0 [internal function]: CodeIgniter\Debug\Exceptions->errorHandler(2, 'pg_query(): Que...', 'C:\\xampp\\htdocs...', 135, Array)
#1 C:\xampp\htdocs\plataforma-contabilidad\vendor\codeigniter4\framework\system\Database\Postgre\Connection.php(135): pg_query(Resource id #133, 'SELECT *\nFROM "...')
#2 C:\xampp\htdocs\plataforma-contabilidad\vendor\codeigniter4\framework\system\Database\BaseConnection.php(670): CodeIgniter\Database\Postgre\Connection->execute('SELECT *\nFROM "...')
#3 C:\xampp\htdocs\plataforma-contabilidad\vendor\codeigniter4\framework\system\Database\BaseConnection.php(598): CodeIgniter\Database\BaseConnection->simpleQuery('SELECT *\nFROM "...')
#4 C:\xampp\htdocs\plataforma-contabilidad\vendor\codeigniter4\framework\system\Database\BaseBuilder.php(1455): CodeIgniter\Database\BaseConnection->query('SELECT *\nFROM "...', Array, false)
#5 C:\xampp\htdocs\plataforma-contabilidad\vendor\codeigniter4\framework\system\Model.php(142): CodeIgniter\Database\BaseBuilder->get()
#6 C:\xampp\htdocs\plataforma-contabilidad\vendor\codeigniter4\framework\system\BaseModel.php(523): CodeIgniter\Model->doFind(true, '$id')
#7 C:\xampp\htdocs\plataforma-contabilidad\app\Controllers\EmpleadoController.php(34): CodeIgniter\BaseModel->find('$id')
#8 C:\xampp\htdocs\plataforma-contabilidad\vendor\codeigniter4\framework\system\CodeIgniter.php(832): App\Controllers\EmpleadoController->editContrato('$id')
#9 C:\xampp\htdocs\plataforma-contabilidad\vendor\codeigniter4\framework\system\CodeIgniter.php(419): CodeIgniter\CodeIgniter->runController(Object(App\Controllers\EmpleadoController))
#10 C:\xampp\htdocs\plataforma-contabilidad\vendor\codeigniter4\framework\system\CodeIgniter.php(326): CodeIgniter\CodeIgniter->handleRequest(NULL, Object(Config\Cache), false)
#11 C:\xampp\htdocs\plataforma-contabilidad\public\index.php(37): CodeIgniter\CodeIgniter->run()
#12 C:\xampp\htdocs\plataforma-contabilidad\vendor\codeigniter4\framework\system\Commands\Server\rewrite.php(43): require_once('C:\\xampp\\htdocs...')
#13 {main}
CRITICAL - 2022-06-09 12:02:49 --> pg_query(): Query failed: ERROR:  invalid input syntax for integer: &quot;$id&quot;
LINE 3: WHERE &quot;contratos&quot;.&quot;id&quot; = '$id'
                                 ^
#0 [internal function]: CodeIgniter\Debug\Exceptions->errorHandler(2, 'pg_query(): Que...', 'C:\\xampp\\htdocs...', 135, Array)
#1 C:\xampp\htdocs\plataforma-contabilidad\vendor\codeigniter4\framework\system\Database\Postgre\Connection.php(135): pg_query(Resource id #133, 'SELECT *\nFROM "...')
#2 C:\xampp\htdocs\plataforma-contabilidad\vendor\codeigniter4\framework\system\Database\BaseConnection.php(670): CodeIgniter\Database\Postgre\Connection->execute('SELECT *\nFROM "...')
#3 C:\xampp\htdocs\plataforma-contabilidad\vendor\codeigniter4\framework\system\Database\BaseConnection.php(598): CodeIgniter\Database\BaseConnection->simpleQuery('SELECT *\nFROM "...')
#4 C:\xampp\htdocs\plataforma-contabilidad\vendor\codeigniter4\framework\system\Database\BaseBuilder.php(1455): CodeIgniter\Database\BaseConnection->query('SELECT *\nFROM "...', Array, false)
#5 C:\xampp\htdocs\plataforma-contabilidad\vendor\codeigniter4\framework\system\Model.php(142): CodeIgniter\Database\BaseBuilder->get()
#6 C:\xampp\htdocs\plataforma-contabilidad\vendor\codeigniter4\framework\system\BaseModel.php(523): CodeIgniter\Model->doFind(true, '$id')
#7 C:\xampp\htdocs\plataforma-contabilidad\app\Controllers\EmpleadoController.php(34): CodeIgniter\BaseModel->find('$id')
#8 C:\xampp\htdocs\plataforma-contabilidad\vendor\codeigniter4\framework\system\CodeIgniter.php(832): App\Controllers\EmpleadoController->editContrato('$id')
#9 C:\xampp\htdocs\plataforma-contabilidad\vendor\codeigniter4\framework\system\CodeIgniter.php(419): CodeIgniter\CodeIgniter->runController(Object(App\Controllers\EmpleadoController))
#10 C:\xampp\htdocs\plataforma-contabilidad\vendor\codeigniter4\framework\system\CodeIgniter.php(326): CodeIgniter\CodeIgniter->handleRequest(NULL, Object(Config\Cache), false)
#11 C:\xampp\htdocs\plataforma-contabilidad\public\index.php(37): CodeIgniter\CodeIgniter->run()
#12 C:\xampp\htdocs\plataforma-contabilidad\vendor\codeigniter4\framework\system\Commands\Server\rewrite.php(43): require_once('C:\\xampp\\htdocs...')
#13 {main}
CRITICAL - 2022-06-09 12:30:57 --> Array to string conversion
#0 C:\xampp\htdocs\plataforma-contabilidad\app\Controllers\EmpleadoController.php(40): CodeIgniter\Debug\Exceptions->errorHandler(8, 'Array to string...', 'C:\\xampp\\htdocs...', 40, Array)
#1 C:\xampp\htdocs\plataforma-contabilidad\vendor\codeigniter4\framework\system\CodeIgniter.php(832): App\Controllers\EmpleadoController->editContrato('10')
#2 C:\xampp\htdocs\plataforma-contabilidad\vendor\codeigniter4\framework\system\CodeIgniter.php(419): CodeIgniter\CodeIgniter->runController(Object(App\Controllers\EmpleadoController))
#3 C:\xampp\htdocs\plataforma-contabilidad\vendor\codeigniter4\framework\system\CodeIgniter.php(326): CodeIgniter\CodeIgniter->handleRequest(NULL, Object(Config\Cache), false)
#4 C:\xampp\htdocs\plataforma-contabilidad\public\index.php(37): CodeIgniter\CodeIgniter->run()
#5 C:\xampp\htdocs\plataforma-contabilidad\vendor\codeigniter4\framework\system\Commands\Server\rewrite.php(43): require_once('C:\\xampp\\htdocs...')
#6 {main}
CRITICAL - 2022-06-09 12:36:14 --> Undefined variable: id_empleado
#0 C:\xampp\htdocs\plataforma-contabilidad\app\Controllers\EmpleadoController.php(36): CodeIgniter\Debug\Exceptions->errorHandler(8, 'Undefined varia...', 'C:\\xampp\\htdocs...', 36, Array)
#1 C:\xampp\htdocs\plataforma-contabilidad\vendor\codeigniter4\framework\system\CodeIgniter.php(832): App\Controllers\EmpleadoController->editContrato('3')
#2 C:\xampp\htdocs\plataforma-contabilidad\vendor\codeigniter4\framework\system\CodeIgniter.php(419): CodeIgniter\CodeIgniter->runController(Object(App\Controllers\EmpleadoController))
#3 C:\xampp\htdocs\plataforma-contabilidad\vendor\codeigniter4\framework\system\CodeIgniter.php(326): CodeIgniter\CodeIgniter->handleRequest(NULL, Object(Config\Cache), false)
#4 C:\xampp\htdocs\plataforma-contabilidad\public\index.php(37): CodeIgniter\CodeIgniter->run()
#5 C:\xampp\htdocs\plataforma-contabilidad\vendor\codeigniter4\framework\system\Commands\Server\rewrite.php(43): require_once('C:\\xampp\\htdocs...')
#6 {main}
CRITICAL - 2022-06-09 12:37:21 --> Undefined variable: contrato
#0 C:\xampp\htdocs\plataforma-contabilidad\app\Controllers\EmpleadoController.php(36): CodeIgniter\Debug\Exceptions->errorHandler(8, 'Undefined varia...', 'C:\\xampp\\htdocs...', 36, Array)
#1 C:\xampp\htdocs\plataforma-contabilidad\vendor\codeigniter4\framework\system\CodeIgniter.php(832): App\Controllers\EmpleadoController->editContrato('3')
#2 C:\xampp\htdocs\plataforma-contabilidad\vendor\codeigniter4\framework\system\CodeIgniter.php(419): CodeIgniter\CodeIgniter->runController(Object(App\Controllers\EmpleadoController))
#3 C:\xampp\htdocs\plataforma-contabilidad\vendor\codeigniter4\framework\system\CodeIgniter.php(326): CodeIgniter\CodeIgniter->handleRequest(NULL, Object(Config\Cache), false)
#4 C:\xampp\htdocs\plataforma-contabilidad\public\index.php(37): CodeIgniter\CodeIgniter->run()
#5 C:\xampp\htdocs\plataforma-contabilidad\vendor\codeigniter4\framework\system\Commands\Server\rewrite.php(43): require_once('C:\\xampp\\htdocs...')
#6 {main}
CRITICAL - 2022-06-09 12:37:23 --> Undefined variable: contrato
#0 C:\xampp\htdocs\plataforma-contabilidad\app\Controllers\EmpleadoController.php(36): CodeIgniter\Debug\Exceptions->errorHandler(8, 'Undefined varia...', 'C:\\xampp\\htdocs...', 36, Array)
#1 C:\xampp\htdocs\plataforma-contabilidad\vendor\codeigniter4\framework\system\CodeIgniter.php(832): App\Controllers\EmpleadoController->editContrato('3')
#2 C:\xampp\htdocs\plataforma-contabilidad\vendor\codeigniter4\framework\system\CodeIgniter.php(419): CodeIgniter\CodeIgniter->runController(Object(App\Controllers\EmpleadoController))
#3 C:\xampp\htdocs\plataforma-contabilidad\vendor\codeigniter4\framework\system\CodeIgniter.php(326): CodeIgniter\CodeIgniter->handleRequest(NULL, Object(Config\Cache), false)
#4 C:\xampp\htdocs\plataforma-contabilidad\public\index.php(37): CodeIgniter\CodeIgniter->run()
#5 C:\xampp\htdocs\plataforma-contabilidad\vendor\codeigniter4\framework\system\Commands\Server\rewrite.php(43): require_once('C:\\xampp\\htdocs...')
#6 {main}
CRITICAL - 2022-06-09 12:38:02 --> Trying to get property 'id_empresa' of non-object
#0 C:\xampp\htdocs\plataforma-contabilidad\app\Controllers\EmpleadoController.php(36): CodeIgniter\Debug\Exceptions->errorHandler(8, 'Trying to get p...', 'C:\\xampp\\htdocs...', 36, Array)
#1 C:\xampp\htdocs\plataforma-contabilidad\vendor\codeigniter4\framework\system\CodeIgniter.php(832): App\Controllers\EmpleadoController->editContrato('3')
#2 C:\xampp\htdocs\plataforma-contabilidad\vendor\codeigniter4\framework\system\CodeIgniter.php(419): CodeIgniter\CodeIgniter->runController(Object(App\Controllers\EmpleadoController))
#3 C:\xampp\htdocs\plataforma-contabilidad\vendor\codeigniter4\framework\system\CodeIgniter.php(326): CodeIgniter\CodeIgniter->handleRequest(NULL, Object(Config\Cache), false)
#4 C:\xampp\htdocs\plataforma-contabilidad\public\index.php(37): CodeIgniter\CodeIgniter->run()
#5 C:\xampp\htdocs\plataforma-contabilidad\vendor\codeigniter4\framework\system\Commands\Server\rewrite.php(43): require_once('C:\\xampp\\htdocs...')
#6 {main}
CRITICAL - 2022-06-09 12:43:17 --> Undefined variable: empleadoModel
#0 C:\xampp\htdocs\plataforma-contabilidad\app\Controllers\EmpleadoController.php(36): CodeIgniter\Debug\Exceptions->errorHandler(8, 'Undefined varia...', 'C:\\xampp\\htdocs...', 36, Array)
#1 C:\xampp\htdocs\plataforma-contabilidad\vendor\codeigniter4\framework\system\CodeIgniter.php(832): App\Controllers\EmpleadoController->editContrato('3')
#2 C:\xampp\htdocs\plataforma-contabilidad\vendor\codeigniter4\framework\system\CodeIgniter.php(419): CodeIgniter\CodeIgniter->runController(Object(App\Controllers\EmpleadoController))
#3 C:\xampp\htdocs\plataforma-contabilidad\vendor\codeigniter4\framework\system\CodeIgniter.php(326): CodeIgniter\CodeIgniter->handleRequest(NULL, Object(Config\Cache), false)
#4 C:\xampp\htdocs\plataforma-contabilidad\public\index.php(37): CodeIgniter\CodeIgniter->run()
#5 C:\xampp\htdocs\plataforma-contabilidad\vendor\codeigniter4\framework\system\Commands\Server\rewrite.php(43): require_once('C:\\xampp\\htdocs...')
#6 {main}
CRITICAL - 2022-06-09 12:44:41 --> Array to string conversion
#0 C:\xampp\htdocs\plataforma-contabilidad\app\Controllers\EmpleadoController.php(43): CodeIgniter\Debug\Exceptions->errorHandler(8, 'Array to string...', 'C:\\xampp\\htdocs...', 43, Array)
#1 C:\xampp\htdocs\plataforma-contabilidad\vendor\codeigniter4\framework\system\CodeIgniter.php(832): App\Controllers\EmpleadoController->editContrato('3')
#2 C:\xampp\htdocs\plataforma-contabilidad\vendor\codeigniter4\framework\system\CodeIgniter.php(419): CodeIgniter\CodeIgniter->runController(Object(App\Controllers\EmpleadoController))
#3 C:\xampp\htdocs\plataforma-contabilidad\vendor\codeigniter4\framework\system\CodeIgniter.php(326): CodeIgniter\CodeIgniter->handleRequest(NULL, Object(Config\Cache), false)
#4 C:\xampp\htdocs\plataforma-contabilidad\public\index.php(37): CodeIgniter\CodeIgniter->run()
#5 C:\xampp\htdocs\plataforma-contabilidad\vendor\codeigniter4\framework\system\Commands\Server\rewrite.php(43): require_once('C:\\xampp\\htdocs...')
#6 {main}
CRITICAL - 2022-06-09 13:15:37 --> Trying to get property 'rut' of non-object
#0 C:\xampp\htdocs\plataforma-contabilidad\app\Views\empleado\datos_contrato.php(21): CodeIgniter\Debug\Exceptions->errorHandler(8, 'Trying to get p...', 'C:\\xampp\\htdocs...', 21, Array)
#1 C:\xampp\htdocs\plataforma-contabilidad\vendor\codeigniter4\framework\system\View\View.php(210): include('C:\\xampp\\htdocs...')
#2 C:\xampp\htdocs\plataforma-contabilidad\vendor\codeigniter4\framework\system\View\View.php(213): CodeIgniter\View\View->CodeIgniter\View\{closure}()
#3 C:\xampp\htdocs\plataforma-contabilidad\vendor\codeigniter4\framework\system\Common.php(1089): CodeIgniter\View\View->render('/empleado/datos...', Array, true)
#4 C:\xampp\htdocs\plataforma-contabilidad\app\Controllers\EmpleadoController.php(43): view('/empleado/datos...', Array)
#5 C:\xampp\htdocs\plataforma-contabilidad\vendor\codeigniter4\framework\system\CodeIgniter.php(832): App\Controllers\EmpleadoController->editContrato('3')
#6 C:\xampp\htdocs\plataforma-contabilidad\vendor\codeigniter4\framework\system\CodeIgniter.php(419): CodeIgniter\CodeIgniter->runController(Object(App\Controllers\EmpleadoController))
#7 C:\xampp\htdocs\plataforma-contabilidad\vendor\codeigniter4\framework\system\CodeIgniter.php(326): CodeIgniter\CodeIgniter->handleRequest(NULL, Object(Config\Cache), false)
#8 C:\xampp\htdocs\plataforma-contabilidad\public\index.php(37): CodeIgniter\CodeIgniter->run()
#9 C:\xampp\htdocs\plataforma-contabilidad\vendor\codeigniter4\framework\system\Commands\Server\rewrite.php(43): require_once('C:\\xampp\\htdocs...')
#10 {main}
CRITICAL - 2022-06-09 13:24:20 --> Trying to get property 'cargo' of non-object
#0 C:\xampp\htdocs\plataforma-contabilidad\app\Views\empleado\datos_contrato.php(29): CodeIgniter\Debug\Exceptions->errorHandler(8, 'Trying to get p...', 'C:\\xampp\\htdocs...', 29, Array)
#1 C:\xampp\htdocs\plataforma-contabilidad\vendor\codeigniter4\framework\system\View\View.php(210): include('C:\\xampp\\htdocs...')
#2 C:\xampp\htdocs\plataforma-contabilidad\vendor\codeigniter4\framework\system\View\View.php(213): CodeIgniter\View\View->CodeIgniter\View\{closure}()
#3 C:\xampp\htdocs\plataforma-contabilidad\vendor\codeigniter4\framework\system\Common.php(1089): CodeIgniter\View\View->render('/empleado/datos...', Array, true)
#4 C:\xampp\htdocs\plataforma-contabilidad\app\Controllers\EmpleadoController.php(43): view('/empleado/datos...', Array)
#5 C:\xampp\htdocs\plataforma-contabilidad\vendor\codeigniter4\framework\system\CodeIgniter.php(832): App\Controllers\EmpleadoController->editContrato('3')
#6 C:\xampp\htdocs\plataforma-contabilidad\vendor\codeigniter4\framework\system\CodeIgniter.php(419): CodeIgniter\CodeIgniter->runController(Object(App\Controllers\EmpleadoController))
#7 C:\xampp\htdocs\plataforma-contabilidad\vendor\codeigniter4\framework\system\CodeIgniter.php(326): CodeIgniter\CodeIgniter->handleRequest(NULL, Object(Config\Cache), false)
#8 C:\xampp\htdocs\plataforma-contabilidad\public\index.php(37): CodeIgniter\CodeIgniter->run()
#9 C:\xampp\htdocs\plataforma-contabilidad\vendor\codeigniter4\framework\system\Commands\Server\rewrite.php(43): require_once('C:\\xampp\\htdocs...')
#10 {main}
CRITICAL - 2022-06-09 13:25:13 --> Trying to get property 'cargo' of non-object
#0 C:\xampp\htdocs\plataforma-contabilidad\app\Views\empleado\datos_contrato.php(29): CodeIgniter\Debug\Exceptions->errorHandler(8, 'Trying to get p...', 'C:\\xampp\\htdocs...', 29, Array)
#1 C:\xampp\htdocs\plataforma-contabilidad\vendor\codeigniter4\framework\system\View\View.php(210): include('C:\\xampp\\htdocs...')
#2 C:\xampp\htdocs\plataforma-contabilidad\vendor\codeigniter4\framework\system\View\View.php(213): CodeIgniter\View\View->CodeIgniter\View\{closure}()
#3 C:\xampp\htdocs\plataforma-contabilidad\vendor\codeigniter4\framework\system\Common.php(1089): CodeIgniter\View\View->render('/empleado/datos...', Array, true)
#4 C:\xampp\htdocs\plataforma-contabilidad\app\Controllers\EmpleadoController.php(43): view('/empleado/datos...', Array)
#5 C:\xampp\htdocs\plataforma-contabilidad\vendor\codeigniter4\framework\system\CodeIgniter.php(832): App\Controllers\EmpleadoController->editContrato('3')
#6 C:\xampp\htdocs\plataforma-contabilidad\vendor\codeigniter4\framework\system\CodeIgniter.php(419): CodeIgniter\CodeIgniter->runController(Object(App\Controllers\EmpleadoController))
#7 C:\xampp\htdocs\plataforma-contabilidad\vendor\codeigniter4\framework\system\CodeIgniter.php(326): CodeIgniter\CodeIgniter->handleRequest(NULL, Object(Config\Cache), false)
#8 C:\xampp\htdocs\plataforma-contabilidad\public\index.php(37): CodeIgniter\CodeIgniter->run()
#9 C:\xampp\htdocs\plataforma-contabilidad\vendor\codeigniter4\framework\system\Commands\Server\rewrite.php(43): require_once('C:\\xampp\\htdocs...')
#10 {main}
CRITICAL - 2022-06-09 15:09:51 --> Trying to get property 'suc' of non-object
#0 C:\xampp\htdocs\plataforma-contabilidad\app\Views\empleado\datos_contrato.php(29): CodeIgniter\Debug\Exceptions->errorHandler(8, 'Trying to get p...', 'C:\\xampp\\htdocs...', 29, Array)
#1 C:\xampp\htdocs\plataforma-contabilidad\vendor\codeigniter4\framework\system\View\View.php(210): include('C:\\xampp\\htdocs...')
#2 C:\xampp\htdocs\plataforma-contabilidad\vendor\codeigniter4\framework\system\View\View.php(213): CodeIgniter\View\View->CodeIgniter\View\{closure}()
#3 C:\xampp\htdocs\plataforma-contabilidad\vendor\codeigniter4\framework\system\Common.php(1089): CodeIgniter\View\View->render('/empleado/datos...', Array, true)
#4 C:\xampp\htdocs\plataforma-contabilidad\app\Controllers\EmpleadoController.php(43): view('/empleado/datos...', Array)
#5 C:\xampp\htdocs\plataforma-contabilidad\vendor\codeigniter4\framework\system\CodeIgniter.php(832): App\Controllers\EmpleadoController->editContrato('3')
#6 C:\xampp\htdocs\plataforma-contabilidad\vendor\codeigniter4\framework\system\CodeIgniter.php(419): CodeIgniter\CodeIgniter->runController(Object(App\Controllers\EmpleadoController))
#7 C:\xampp\htdocs\plataforma-contabilidad\vendor\codeigniter4\framework\system\CodeIgniter.php(326): CodeIgniter\CodeIgniter->handleRequest(NULL, Object(Config\Cache), false)
#8 C:\xampp\htdocs\plataforma-contabilidad\public\index.php(37): CodeIgniter\CodeIgniter->run()
#9 C:\xampp\htdocs\plataforma-contabilidad\vendor\codeigniter4\framework\system\Commands\Server\rewrite.php(43): require_once('C:\\xampp\\htdocs...')
#10 {main}
CRITICAL - 2022-06-09 15:16:59 --> Undefined index: suc
#0 C:\xampp\htdocs\plataforma-contabilidad\app\Views\empleado\datos_contrato.php(29): CodeIgniter\Debug\Exceptions->errorHandler(8, 'Undefined index...', 'C:\\xampp\\htdocs...', 29, Array)
#1 C:\xampp\htdocs\plataforma-contabilidad\vendor\codeigniter4\framework\system\View\View.php(210): include('C:\\xampp\\htdocs...')
#2 C:\xampp\htdocs\plataforma-contabilidad\vendor\codeigniter4\framework\system\View\View.php(213): CodeIgniter\View\View->CodeIgniter\View\{closure}()
#3 C:\xampp\htdocs\plataforma-contabilidad\vendor\codeigniter4\framework\system\Common.php(1089): CodeIgniter\View\View->render('/empleado/datos...', Array, true)
#4 C:\xampp\htdocs\plataforma-contabilidad\app\Controllers\EmpleadoController.php(42): view('/empleado/datos...', Array)
#5 C:\xampp\htdocs\plataforma-contabilidad\vendor\codeigniter4\framework\system\CodeIgniter.php(832): App\Controllers\EmpleadoController->editContrato('3')
#6 C:\xampp\htdocs\plataforma-contabilidad\vendor\codeigniter4\framework\system\CodeIgniter.php(419): CodeIgniter\CodeIgniter->runController(Object(App\Controllers\EmpleadoController))
#7 C:\xampp\htdocs\plataforma-contabilidad\vendor\codeigniter4\framework\system\CodeIgniter.php(326): CodeIgniter\CodeIgniter->handleRequest(NULL, Object(Config\Cache), false)
#8 C:\xampp\htdocs\plataforma-contabilidad\public\index.php(37): CodeIgniter\CodeIgniter->run()
#9 C:\xampp\htdocs\plataforma-contabilidad\vendor\codeigniter4\framework\system\Commands\Server\rewrite.php(43): require_once('C:\\xampp\\htdocs...')
#10 {main}
CRITICAL - 2022-06-09 15:26:33 --> Array to string conversion
#0 C:\xampp\htdocs\plataforma-contabilidad\app\Views\empleado\datos_contrato.php(28): CodeIgniter\Debug\Exceptions->errorHandler(8, 'Array to string...', 'C:\\xampp\\htdocs...', 28, Array)
#1 C:\xampp\htdocs\plataforma-contabilidad\vendor\codeigniter4\framework\system\View\View.php(210): include('C:\\xampp\\htdocs...')
#2 C:\xampp\htdocs\plataforma-contabilidad\vendor\codeigniter4\framework\system\View\View.php(213): CodeIgniter\View\View->CodeIgniter\View\{closure}()
#3 C:\xampp\htdocs\plataforma-contabilidad\vendor\codeigniter4\framework\system\Common.php(1089): CodeIgniter\View\View->render('/empleado/datos...', Array, true)
#4 C:\xampp\htdocs\plataforma-contabilidad\app\Controllers\EmpleadoController.php(42): view('/empleado/datos...', Array)
#5 C:\xampp\htdocs\plataforma-contabilidad\vendor\codeigniter4\framework\system\CodeIgniter.php(832): App\Controllers\EmpleadoController->editContrato('3')
#6 C:\xampp\htdocs\plataforma-contabilidad\vendor\codeigniter4\framework\system\CodeIgniter.php(419): CodeIgniter\CodeIgniter->runController(Object(App\Controllers\EmpleadoController))
#7 C:\xampp\htdocs\plataforma-contabilidad\vendor\codeigniter4\framework\system\CodeIgniter.php(326): CodeIgniter\CodeIgniter->handleRequest(NULL, Object(Config\Cache), false)
#8 C:\xampp\htdocs\plataforma-contabilidad\public\index.php(37): CodeIgniter\CodeIgniter->run()
#9 C:\xampp\htdocs\plataforma-contabilidad\vendor\codeigniter4\framework\system\Commands\Server\rewrite.php(43): require_once('C:\\xampp\\htdocs...')
#10 {main}
CRITICAL - 2022-06-09 15:51:33 --> Call to undefined method App\Models\ContratoModel::getRow
#0 C:\xampp\htdocs\plataforma-contabilidad\app\Controllers\EmpleadoController.php(37): CodeIgniter\Model->__call('getRow', Array)
#1 C:\xampp\htdocs\plataforma-contabilidad\vendor\codeigniter4\framework\system\CodeIgniter.php(832): App\Controllers\EmpleadoController->editContrato('3')
#2 C:\xampp\htdocs\plataforma-contabilidad\vendor\codeigniter4\framework\system\CodeIgniter.php(419): CodeIgniter\CodeIgniter->runController(Object(App\Controllers\EmpleadoController))
#3 C:\xampp\htdocs\plataforma-contabilidad\vendor\codeigniter4\framework\system\CodeIgniter.php(326): CodeIgniter\CodeIgniter->handleRequest(NULL, Object(Config\Cache), false)
#4 C:\xampp\htdocs\plataforma-contabilidad\public\index.php(37): CodeIgniter\CodeIgniter->run()
#5 C:\xampp\htdocs\plataforma-contabilidad\vendor\codeigniter4\framework\system\Commands\Server\rewrite.php(43): require_once('C:\\xampp\\htdocs...')
#6 {main}
CRITICAL - 2022-06-09 15:51:53 --> Call to undefined method App\Models\ContratoModel::row
#0 C:\xampp\htdocs\plataforma-contabilidad\app\Controllers\EmpleadoController.php(37): CodeIgniter\Model->__call('row', Array)
#1 C:\xampp\htdocs\plataforma-contabilidad\vendor\codeigniter4\framework\system\CodeIgniter.php(832): App\Controllers\EmpleadoController->editContrato('3')
#2 C:\xampp\htdocs\plataforma-contabilidad\vendor\codeigniter4\framework\system\CodeIgniter.php(419): CodeIgniter\CodeIgniter->runController(Object(App\Controllers\EmpleadoController))
#3 C:\xampp\htdocs\plataforma-contabilidad\vendor\codeigniter4\framework\system\CodeIgniter.php(326): CodeIgniter\CodeIgniter->handleRequest(NULL, Object(Config\Cache), false)
#4 C:\xampp\htdocs\plataforma-contabilidad\public\index.php(37): CodeIgniter\CodeIgniter->run()
#5 C:\xampp\htdocs\plataforma-contabilidad\vendor\codeigniter4\framework\system\Commands\Server\rewrite.php(43): require_once('C:\\xampp\\htdocs...')
#6 {main}
CRITICAL - 2022-06-09 15:51:54 --> Call to undefined method App\Models\ContratoModel::row
#0 C:\xampp\htdocs\plataforma-contabilidad\app\Controllers\EmpleadoController.php(37): CodeIgniter\Model->__call('row', Array)
#1 C:\xampp\htdocs\plataforma-contabilidad\vendor\codeigniter4\framework\system\CodeIgniter.php(832): App\Controllers\EmpleadoController->editContrato('3')
#2 C:\xampp\htdocs\plataforma-contabilidad\vendor\codeigniter4\framework\system\CodeIgniter.php(419): CodeIgniter\CodeIgniter->runController(Object(App\Controllers\EmpleadoController))
#3 C:\xampp\htdocs\plataforma-contabilidad\vendor\codeigniter4\framework\system\CodeIgniter.php(326): CodeIgniter\CodeIgniter->handleRequest(NULL, Object(Config\Cache), false)
#4 C:\xampp\htdocs\plataforma-contabilidad\public\index.php(37): CodeIgniter\CodeIgniter->run()
#5 C:\xampp\htdocs\plataforma-contabilidad\vendor\codeigniter4\framework\system\Commands\Server\rewrite.php(43): require_once('C:\\xampp\\htdocs...')
#6 {main}
CRITICAL - 2022-06-09 15:52:21 --> Call to undefined method App\Models\ContratoModel::getRowArray
#0 C:\xampp\htdocs\plataforma-contabilidad\app\Controllers\EmpleadoController.php(37): CodeIgniter\Model->__call('getRowArray', Array)
#1 C:\xampp\htdocs\plataforma-contabilidad\vendor\codeigniter4\framework\system\CodeIgniter.php(832): App\Controllers\EmpleadoController->editContrato('3')
#2 C:\xampp\htdocs\plataforma-contabilidad\vendor\codeigniter4\framework\system\CodeIgniter.php(419): CodeIgniter\CodeIgniter->runController(Object(App\Controllers\EmpleadoController))
#3 C:\xampp\htdocs\plataforma-contabilidad\vendor\codeigniter4\framework\system\CodeIgniter.php(326): CodeIgniter\CodeIgniter->handleRequest(NULL, Object(Config\Cache), false)
#4 C:\xampp\htdocs\plataforma-contabilidad\public\index.php(37): CodeIgniter\CodeIgniter->run()
#5 C:\xampp\htdocs\plataforma-contabilidad\vendor\codeigniter4\framework\system\Commands\Server\rewrite.php(43): require_once('C:\\xampp\\htdocs...')
#6 {main}
CRITICAL - 2022-06-09 15:52:46 --> Call to undefined method App\Models\ContratoModel::getFirstRow
#0 C:\xampp\htdocs\plataforma-contabilidad\app\Controllers\EmpleadoController.php(37): CodeIgniter\Model->__call('getFirstRow', Array)
#1 C:\xampp\htdocs\plataforma-contabilidad\vendor\codeigniter4\framework\system\CodeIgniter.php(832): App\Controllers\EmpleadoController->editContrato('3')
#2 C:\xampp\htdocs\plataforma-contabilidad\vendor\codeigniter4\framework\system\CodeIgniter.php(419): CodeIgniter\CodeIgniter->runController(Object(App\Controllers\EmpleadoController))
#3 C:\xampp\htdocs\plataforma-contabilidad\vendor\codeigniter4\framework\system\CodeIgniter.php(326): CodeIgniter\CodeIgniter->handleRequest(NULL, Object(Config\Cache), false)
#4 C:\xampp\htdocs\plataforma-contabilidad\public\index.php(37): CodeIgniter\CodeIgniter->run()
#5 C:\xampp\htdocs\plataforma-contabilidad\vendor\codeigniter4\framework\system\Commands\Server\rewrite.php(43): require_once('C:\\xampp\\htdocs...')
#6 {main}
CRITICAL - 2022-06-09 15:52:47 --> Call to undefined method App\Models\ContratoModel::getFirstRow
#0 C:\xampp\htdocs\plataforma-contabilidad\app\Controllers\EmpleadoController.php(37): CodeIgniter\Model->__call('getFirstRow', Array)
#1 C:\xampp\htdocs\plataforma-contabilidad\vendor\codeigniter4\framework\system\CodeIgniter.php(832): App\Controllers\EmpleadoController->editContrato('3')
#2 C:\xampp\htdocs\plataforma-contabilidad\vendor\codeigniter4\framework\system\CodeIgniter.php(419): CodeIgniter\CodeIgniter->runController(Object(App\Controllers\EmpleadoController))
#3 C:\xampp\htdocs\plataforma-contabilidad\vendor\codeigniter4\framework\system\CodeIgniter.php(326): CodeIgniter\CodeIgniter->handleRequest(NULL, Object(Config\Cache), false)
#4 C:\xampp\htdocs\plataforma-contabilidad\public\index.php(37): CodeIgniter\CodeIgniter->run()
#5 C:\xampp\htdocs\plataforma-contabilidad\vendor\codeigniter4\framework\system\Commands\Server\rewrite.php(43): require_once('C:\\xampp\\htdocs...')
#6 {main}
CRITICAL - 2022-06-09 15:58:21 --> Cannot use object of type stdClass as array
#0 C:\xampp\htdocs\plataforma-contabilidad\vendor\codeigniter4\framework\system\View\View.php(210): include()
#1 C:\xampp\htdocs\plataforma-contabilidad\vendor\codeigniter4\framework\system\View\View.php(213): CodeIgniter\View\View->CodeIgniter\View\{closure}()
#2 C:\xampp\htdocs\plataforma-contabilidad\vendor\codeigniter4\framework\system\Common.php(1089): CodeIgniter\View\View->render('/empleado/datos...', Array, true)
#3 C:\xampp\htdocs\plataforma-contabilidad\app\Controllers\EmpleadoController.php(42): view('/empleado/datos...', Array)
#4 C:\xampp\htdocs\plataforma-contabilidad\vendor\codeigniter4\framework\system\CodeIgniter.php(832): App\Controllers\EmpleadoController->editContrato('3')
#5 C:\xampp\htdocs\plataforma-contabilidad\vendor\codeigniter4\framework\system\CodeIgniter.php(419): CodeIgniter\CodeIgniter->runController(Object(App\Controllers\EmpleadoController))
#6 C:\xampp\htdocs\plataforma-contabilidad\vendor\codeigniter4\framework\system\CodeIgniter.php(326): CodeIgniter\CodeIgniter->handleRequest(NULL, Object(Config\Cache), false)
#7 C:\xampp\htdocs\plataforma-contabilidad\public\index.php(37): CodeIgniter\CodeIgniter->run()
#8 C:\xampp\htdocs\plataforma-contabilidad\vendor\codeigniter4\framework\system\Commands\Server\rewrite.php(43): require_once('C:\\xampp\\htdocs...')
#9 {main}
CRITICAL - 2022-06-09 16:00:16 --> Undefined index: suc
#0 C:\xampp\htdocs\plataforma-contabilidad\app\Views\empleado\datos_contrato.php(28): CodeIgniter\Debug\Exceptions->errorHandler(8, 'Undefined index...', 'C:\\xampp\\htdocs...', 28, Array)
#1 C:\xampp\htdocs\plataforma-contabilidad\vendor\codeigniter4\framework\system\View\View.php(210): include('C:\\xampp\\htdocs...')
#2 C:\xampp\htdocs\plataforma-contabilidad\vendor\codeigniter4\framework\system\View\View.php(213): CodeIgniter\View\View->CodeIgniter\View\{closure}()
#3 C:\xampp\htdocs\plataforma-contabilidad\vendor\codeigniter4\framework\system\Common.php(1089): CodeIgniter\View\View->render('/empleado/datos...', Array, true)
#4 C:\xampp\htdocs\plataforma-contabilidad\app\Controllers\EmpleadoController.php(42): view('/empleado/datos...', Array)
#5 C:\xampp\htdocs\plataforma-contabilidad\vendor\codeigniter4\framework\system\CodeIgniter.php(832): App\Controllers\EmpleadoController->editContrato('3')
#6 C:\xampp\htdocs\plataforma-contabilidad\vendor\codeigniter4\framework\system\CodeIgniter.php(419): CodeIgniter\CodeIgniter->runController(Object(App\Controllers\EmpleadoController))
#7 C:\xampp\htdocs\plataforma-contabilidad\vendor\codeigniter4\framework\system\CodeIgniter.php(326): CodeIgniter\CodeIgniter->handleRequest(NULL, Object(Config\Cache), false)
#8 C:\xampp\htdocs\plataforma-contabilidad\public\index.php(37): CodeIgniter\CodeIgniter->run()
#9 C:\xampp\htdocs\plataforma-contabilidad\vendor\codeigniter4\framework\system\Commands\Server\rewrite.php(43): require_once('C:\\xampp\\htdocs...')
#10 {main}
CRITICAL - 2022-06-09 16:00:30 --> Trying to get property 'suc' of non-object
#0 C:\xampp\htdocs\plataforma-contabilidad\app\Views\empleado\datos_contrato.php(28): CodeIgniter\Debug\Exceptions->errorHandler(8, 'Trying to get p...', 'C:\\xampp\\htdocs...', 28, Array)
#1 C:\xampp\htdocs\plataforma-contabilidad\vendor\codeigniter4\framework\system\View\View.php(210): include('C:\\xampp\\htdocs...')
#2 C:\xampp\htdocs\plataforma-contabilidad\vendor\codeigniter4\framework\system\View\View.php(213): CodeIgniter\View\View->CodeIgniter\View\{closure}()
#3 C:\xampp\htdocs\plataforma-contabilidad\vendor\codeigniter4\framework\system\Common.php(1089): CodeIgniter\View\View->render('/empleado/datos...', Array, true)
#4 C:\xampp\htdocs\plataforma-contabilidad\app\Controllers\EmpleadoController.php(42): view('/empleado/datos...', Array)
#5 C:\xampp\htdocs\plataforma-contabilidad\vendor\codeigniter4\framework\system\CodeIgniter.php(832): App\Controllers\EmpleadoController->editContrato('3')
#6 C:\xampp\htdocs\plataforma-contabilidad\vendor\codeigniter4\framework\system\CodeIgniter.php(419): CodeIgniter\CodeIgniter->runController(Object(App\Controllers\EmpleadoController))
#7 C:\xampp\htdocs\plataforma-contabilidad\vendor\codeigniter4\framework\system\CodeIgniter.php(326): CodeIgniter\CodeIgniter->handleRequest(NULL, Object(Config\Cache), false)
#8 C:\xampp\htdocs\plataforma-contabilidad\public\index.php(37): CodeIgniter\CodeIgniter->run()
#9 C:\xampp\htdocs\plataforma-contabilidad\vendor\codeigniter4\framework\system\Commands\Server\rewrite.php(43): require_once('C:\\xampp\\htdocs...')
#10 {main}
CRITICAL - 2022-06-09 16:00:32 --> Trying to get property 'suc' of non-object
#0 C:\xampp\htdocs\plataforma-contabilidad\app\Views\empleado\datos_contrato.php(28): CodeIgniter\Debug\Exceptions->errorHandler(8, 'Trying to get p...', 'C:\\xampp\\htdocs...', 28, Array)
#1 C:\xampp\htdocs\plataforma-contabilidad\vendor\codeigniter4\framework\system\View\View.php(210): include('C:\\xampp\\htdocs...')
#2 C:\xampp\htdocs\plataforma-contabilidad\vendor\codeigniter4\framework\system\View\View.php(213): CodeIgniter\View\View->CodeIgniter\View\{closure}()
#3 C:\xampp\htdocs\plataforma-contabilidad\vendor\codeigniter4\framework\system\Common.php(1089): CodeIgniter\View\View->render('/empleado/datos...', Array, true)
#4 C:\xampp\htdocs\plataforma-contabilidad\app\Controllers\EmpleadoController.php(42): view('/empleado/datos...', Array)
#5 C:\xampp\htdocs\plataforma-contabilidad\vendor\codeigniter4\framework\system\CodeIgniter.php(832): App\Controllers\EmpleadoController->editContrato('3')
#6 C:\xampp\htdocs\plataforma-contabilidad\vendor\codeigniter4\framework\system\CodeIgniter.php(419): CodeIgniter\CodeIgniter->runController(Object(App\Controllers\EmpleadoController))
#7 C:\xampp\htdocs\plataforma-contabilidad\vendor\codeigniter4\framework\system\CodeIgniter.php(326): CodeIgniter\CodeIgniter->handleRequest(NULL, Object(Config\Cache), false)
#8 C:\xampp\htdocs\plataforma-contabilidad\public\index.php(37): CodeIgniter\CodeIgniter->run()
#9 C:\xampp\htdocs\plataforma-contabilidad\vendor\codeigniter4\framework\system\Commands\Server\rewrite.php(43): require_once('C:\\xampp\\htdocs...')
#10 {main}
CRITICAL - 2022-06-09 16:09:36 --> Use of undefined constant length - assumed 'length' (this will throw an Error in a future version of PHP)
#0 C:\xampp\htdocs\plataforma-contabilidad\app\Controllers\EmpleadoController.php(38): CodeIgniter\Debug\Exceptions->errorHandler(2, 'Use of undefine...', 'C:\\xampp\\htdocs...', 38, Array)
#1 C:\xampp\htdocs\plataforma-contabilidad\vendor\codeigniter4\framework\system\CodeIgniter.php(832): App\Controllers\EmpleadoController->editContrato('3')
#2 C:\xampp\htdocs\plataforma-contabilidad\vendor\codeigniter4\framework\system\CodeIgniter.php(419): CodeIgniter\CodeIgniter->runController(Object(App\Controllers\EmpleadoController))
#3 C:\xampp\htdocs\plataforma-contabilidad\vendor\codeigniter4\framework\system\CodeIgniter.php(326): CodeIgniter\CodeIgniter->handleRequest(NULL, Object(Config\Cache), false)
#4 C:\xampp\htdocs\plataforma-contabilidad\public\index.php(37): CodeIgniter\CodeIgniter->run()
#5 C:\xampp\htdocs\plataforma-contabilidad\vendor\codeigniter4\framework\system\Commands\Server\rewrite.php(43): require_once('C:\\xampp\\htdocs...')
#6 {main}
CRITICAL - 2022-06-09 16:09:47 --> Call to undefined function App\Controllers\length()
#0 C:\xampp\htdocs\plataforma-contabilidad\vendor\codeigniter4\framework\system\CodeIgniter.php(832): App\Controllers\EmpleadoController->editContrato('3')
#1 C:\xampp\htdocs\plataforma-contabilidad\vendor\codeigniter4\framework\system\CodeIgniter.php(419): CodeIgniter\CodeIgniter->runController(Object(App\Controllers\EmpleadoController))
#2 C:\xampp\htdocs\plataforma-contabilidad\vendor\codeigniter4\framework\system\CodeIgniter.php(326): CodeIgniter\CodeIgniter->handleRequest(NULL, Object(Config\Cache), false)
#3 C:\xampp\htdocs\plataforma-contabilidad\public\index.php(37): CodeIgniter\CodeIgniter->run()
#4 C:\xampp\htdocs\plataforma-contabilidad\vendor\codeigniter4\framework\system\Commands\Server\rewrite.php(43): require_once('C:\\xampp\\htdocs...')
#5 {main}
CRITICAL - 2022-06-09 16:10:19 --> Call to undefined function App\Controllers\length()
#0 C:\xampp\htdocs\plataforma-contabilidad\vendor\codeigniter4\framework\system\CodeIgniter.php(832): App\Controllers\EmpleadoController->editContrato('3')
#1 C:\xampp\htdocs\plataforma-contabilidad\vendor\codeigniter4\framework\system\CodeIgniter.php(419): CodeIgniter\CodeIgniter->runController(Object(App\Controllers\EmpleadoController))
#2 C:\xampp\htdocs\plataforma-contabilidad\vendor\codeigniter4\framework\system\CodeIgniter.php(326): CodeIgniter\CodeIgniter->handleRequest(NULL, Object(Config\Cache), false)
#3 C:\xampp\htdocs\plataforma-contabilidad\public\index.php(37): CodeIgniter\CodeIgniter->run()
#4 C:\xampp\htdocs\plataforma-contabilidad\vendor\codeigniter4\framework\system\Commands\Server\rewrite.php(43): require_once('C:\\xampp\\htdocs...')
#5 {main}
CRITICAL - 2022-06-09 16:10:20 --> Call to undefined function App\Controllers\length()
#0 C:\xampp\htdocs\plataforma-contabilidad\vendor\codeigniter4\framework\system\CodeIgniter.php(832): App\Controllers\EmpleadoController->editContrato('3')
#1 C:\xampp\htdocs\plataforma-contabilidad\vendor\codeigniter4\framework\system\CodeIgniter.php(419): CodeIgniter\CodeIgniter->runController(Object(App\Controllers\EmpleadoController))
#2 C:\xampp\htdocs\plataforma-contabilidad\vendor\codeigniter4\framework\system\CodeIgniter.php(326): CodeIgniter\CodeIgniter->handleRequest(NULL, Object(Config\Cache), false)
#3 C:\xampp\htdocs\plataforma-contabilidad\public\index.php(37): CodeIgniter\CodeIgniter->run()
#4 C:\xampp\htdocs\plataforma-contabilidad\vendor\codeigniter4\framework\system\Commands\Server\rewrite.php(43): require_once('C:\\xampp\\htdocs...')
#5 {main}
CRITICAL - 2022-06-09 16:10:20 --> Call to undefined function App\Controllers\length()
#0 C:\xampp\htdocs\plataforma-contabilidad\vendor\codeigniter4\framework\system\CodeIgniter.php(832): App\Controllers\EmpleadoController->editContrato('3')
#1 C:\xampp\htdocs\plataforma-contabilidad\vendor\codeigniter4\framework\system\CodeIgniter.php(419): CodeIgniter\CodeIgniter->runController(Object(App\Controllers\EmpleadoController))
#2 C:\xampp\htdocs\plataforma-contabilidad\vendor\codeigniter4\framework\system\CodeIgniter.php(326): CodeIgniter\CodeIgniter->handleRequest(NULL, Object(Config\Cache), false)
#3 C:\xampp\htdocs\plataforma-contabilidad\public\index.php(37): CodeIgniter\CodeIgniter->run()
#4 C:\xampp\htdocs\plataforma-contabilidad\vendor\codeigniter4\framework\system\Commands\Server\rewrite.php(43): require_once('C:\\xampp\\htdocs...')
#5 {main}
CRITICAL - 2022-06-09 16:10:20 --> Call to undefined function App\Controllers\length()
#0 C:\xampp\htdocs\plataforma-contabilidad\vendor\codeigniter4\framework\system\CodeIgniter.php(832): App\Controllers\EmpleadoController->editContrato('3')
#1 C:\xampp\htdocs\plataforma-contabilidad\vendor\codeigniter4\framework\system\CodeIgniter.php(419): CodeIgniter\CodeIgniter->runController(Object(App\Controllers\EmpleadoController))
#2 C:\xampp\htdocs\plataforma-contabilidad\vendor\codeigniter4\framework\system\CodeIgniter.php(326): CodeIgniter\CodeIgniter->handleRequest(NULL, Object(Config\Cache), false)
#3 C:\xampp\htdocs\plataforma-contabilidad\public\index.php(37): CodeIgniter\CodeIgniter->run()
#4 C:\xampp\htdocs\plataforma-contabilidad\vendor\codeigniter4\framework\system\Commands\Server\rewrite.php(43): require_once('C:\\xampp\\htdocs...')
#5 {main}
CRITICAL - 2022-06-09 16:10:21 --> Call to undefined function App\Controllers\length()
#0 C:\xampp\htdocs\plataforma-contabilidad\vendor\codeigniter4\framework\system\CodeIgniter.php(832): App\Controllers\EmpleadoController->editContrato('3')
#1 C:\xampp\htdocs\plataforma-contabilidad\vendor\codeigniter4\framework\system\CodeIgniter.php(419): CodeIgniter\CodeIgniter->runController(Object(App\Controllers\EmpleadoController))
#2 C:\xampp\htdocs\plataforma-contabilidad\vendor\codeigniter4\framework\system\CodeIgniter.php(326): CodeIgniter\CodeIgniter->handleRequest(NULL, Object(Config\Cache), false)
#3 C:\xampp\htdocs\plataforma-contabilidad\public\index.php(37): CodeIgniter\CodeIgniter->run()
#4 C:\xampp\htdocs\plataforma-contabilidad\vendor\codeigniter4\framework\system\Commands\Server\rewrite.php(43): require_once('C:\\xampp\\htdocs...')
#5 {main}
CRITICAL - 2022-06-09 16:10:21 --> Call to undefined function App\Controllers\length()
#0 C:\xampp\htdocs\plataforma-contabilidad\vendor\codeigniter4\framework\system\CodeIgniter.php(832): App\Controllers\EmpleadoController->editContrato('3')
#1 C:\xampp\htdocs\plataforma-contabilidad\vendor\codeigniter4\framework\system\CodeIgniter.php(419): CodeIgniter\CodeIgniter->runController(Object(App\Controllers\EmpleadoController))
#2 C:\xampp\htdocs\plataforma-contabilidad\vendor\codeigniter4\framework\system\CodeIgniter.php(326): CodeIgniter\CodeIgniter->handleRequest(NULL, Object(Config\Cache), false)
#3 C:\xampp\htdocs\plataforma-contabilidad\public\index.php(37): CodeIgniter\CodeIgniter->run()
#4 C:\xampp\htdocs\plataforma-contabilidad\vendor\codeigniter4\framework\system\Commands\Server\rewrite.php(43): require_once('C:\\xampp\\htdocs...')
#5 {main}
CRITICAL - 2022-06-09 16:15:25 --> Trying to get property 'suc' of non-object
#0 C:\xampp\htdocs\plataforma-contabilidad\app\Views\empleado\datos_contrato.php(28): CodeIgniter\Debug\Exceptions->errorHandler(8, 'Trying to get p...', 'C:\\xampp\\htdocs...', 28, Array)
#1 C:\xampp\htdocs\plataforma-contabilidad\vendor\codeigniter4\framework\system\View\View.php(210): include('C:\\xampp\\htdocs...')
#2 C:\xampp\htdocs\plataforma-contabilidad\vendor\codeigniter4\framework\system\View\View.php(213): CodeIgniter\View\View->CodeIgniter\View\{closure}()
#3 C:\xampp\htdocs\plataforma-contabilidad\vendor\codeigniter4\framework\system\Common.php(1089): CodeIgniter\View\View->render('/empleado/datos...', Array, true)
#4 C:\xampp\htdocs\plataforma-contabilidad\app\Controllers\EmpleadoController.php(42): view('/empleado/datos...', Array)
#5 C:\xampp\htdocs\plataforma-contabilidad\vendor\codeigniter4\framework\system\CodeIgniter.php(832): App\Controllers\EmpleadoController->editContrato('3')
#6 C:\xampp\htdocs\plataforma-contabilidad\vendor\codeigniter4\framework\system\CodeIgniter.php(419): CodeIgniter\CodeIgniter->runController(Object(App\Controllers\EmpleadoController))
#7 C:\xampp\htdocs\plataforma-contabilidad\vendor\codeigniter4\framework\system\CodeIgniter.php(326): CodeIgniter\CodeIgniter->handleRequest(NULL, Object(Config\Cache), false)
#8 C:\xampp\htdocs\plataforma-contabilidad\public\index.php(37): CodeIgniter\CodeIgniter->run()
#9 C:\xampp\htdocs\plataforma-contabilidad\vendor\codeigniter4\framework\system\Commands\Server\rewrite.php(43): require_once('C:\\xampp\\htdocs...')
#10 {main}
CRITICAL - 2022-06-09 16:17:40 --> Undefined index: cargo
#0 C:\xampp\htdocs\plataforma-contabilidad\app\Views\empleado\datos_contrato.php(38): CodeIgniter\Debug\Exceptions->errorHandler(8, 'Undefined index...', 'C:\\xampp\\htdocs...', 38, Array)
#1 C:\xampp\htdocs\plataforma-contabilidad\vendor\codeigniter4\framework\system\View\View.php(210): include('C:\\xampp\\htdocs...')
#2 C:\xampp\htdocs\plataforma-contabilidad\vendor\codeigniter4\framework\system\View\View.php(213): CodeIgniter\View\View->CodeIgniter\View\{closure}()
#3 C:\xampp\htdocs\plataforma-contabilidad\vendor\codeigniter4\framework\system\Common.php(1089): CodeIgniter\View\View->render('/empleado/datos...', Array, true)
#4 C:\xampp\htdocs\plataforma-contabilidad\app\Controllers\EmpleadoController.php(42): view('/empleado/datos...', Array)
#5 C:\xampp\htdocs\plataforma-contabilidad\vendor\codeigniter4\framework\system\CodeIgniter.php(832): App\Controllers\EmpleadoController->editContrato('3')
#6 C:\xampp\htdocs\plataforma-contabilidad\vendor\codeigniter4\framework\system\CodeIgniter.php(419): CodeIgniter\CodeIgniter->runController(Object(App\Controllers\EmpleadoController))
#7 C:\xampp\htdocs\plataforma-contabilidad\vendor\codeigniter4\framework\system\CodeIgniter.php(326): CodeIgniter\CodeIgniter->handleRequest(NULL, Object(Config\Cache), false)
#8 C:\xampp\htdocs\plataforma-contabilidad\public\index.php(37): CodeIgniter\CodeIgniter->run()
#9 C:\xampp\htdocs\plataforma-contabilidad\vendor\codeigniter4\framework\system\Commands\Server\rewrite.php(43): require_once('C:\\xampp\\htdocs...')
#10 {main}
CRITICAL - 2022-06-09 16:17:43 --> Undefined index: cargo
#0 C:\xampp\htdocs\plataforma-contabilidad\app\Views\empleado\datos_contrato.php(38): CodeIgniter\Debug\Exceptions->errorHandler(8, 'Undefined index...', 'C:\\xampp\\htdocs...', 38, Array)
#1 C:\xampp\htdocs\plataforma-contabilidad\vendor\codeigniter4\framework\system\View\View.php(210): include('C:\\xampp\\htdocs...')
#2 C:\xampp\htdocs\plataforma-contabilidad\vendor\codeigniter4\framework\system\View\View.php(213): CodeIgniter\View\View->CodeIgniter\View\{closure}()
#3 C:\xampp\htdocs\plataforma-contabilidad\vendor\codeigniter4\framework\system\Common.php(1089): CodeIgniter\View\View->render('/empleado/datos...', Array, true)
#4 C:\xampp\htdocs\plataforma-contabilidad\app\Controllers\EmpleadoController.php(42): view('/empleado/datos...', Array)
#5 C:\xampp\htdocs\plataforma-contabilidad\vendor\codeigniter4\framework\system\CodeIgniter.php(832): App\Controllers\EmpleadoController->editContrato('3')
#6 C:\xampp\htdocs\plataforma-contabilidad\vendor\codeigniter4\framework\system\CodeIgniter.php(419): CodeIgniter\CodeIgniter->runController(Object(App\Controllers\EmpleadoController))
#7 C:\xampp\htdocs\plataforma-contabilidad\vendor\codeigniter4\framework\system\CodeIgniter.php(326): CodeIgniter\CodeIgniter->handleRequest(NULL, Object(Config\Cache), false)
#8 C:\xampp\htdocs\plataforma-contabilidad\public\index.php(37): CodeIgniter\CodeIgniter->run()
#9 C:\xampp\htdocs\plataforma-contabilidad\vendor\codeigniter4\framework\system\Commands\Server\rewrite.php(43): require_once('C:\\xampp\\htdocs...')
#10 {main}
CRITICAL - 2022-06-09 16:17:44 --> Undefined index: cargo
#0 C:\xampp\htdocs\plataforma-contabilidad\app\Views\empleado\datos_contrato.php(38): CodeIgniter\Debug\Exceptions->errorHandler(8, 'Undefined index...', 'C:\\xampp\\htdocs...', 38, Array)
#1 C:\xampp\htdocs\plataforma-contabilidad\vendor\codeigniter4\framework\system\View\View.php(210): include('C:\\xampp\\htdocs...')
#2 C:\xampp\htdocs\plataforma-contabilidad\vendor\codeigniter4\framework\system\View\View.php(213): CodeIgniter\View\View->CodeIgniter\View\{closure}()
#3 C:\xampp\htdocs\plataforma-contabilidad\vendor\codeigniter4\framework\system\Common.php(1089): CodeIgniter\View\View->render('/empleado/datos...', Array, true)
#4 C:\xampp\htdocs\plataforma-contabilidad\app\Controllers\EmpleadoController.php(42): view('/empleado/datos...', Array)
#5 C:\xampp\htdocs\plataforma-contabilidad\vendor\codeigniter4\framework\system\CodeIgniter.php(832): App\Controllers\EmpleadoController->editContrato('3')
#6 C:\xampp\htdocs\plataforma-contabilidad\vendor\codeigniter4\framework\system\CodeIgniter.php(419): CodeIgniter\CodeIgniter->runController(Object(App\Controllers\EmpleadoController))
#7 C:\xampp\htdocs\plataforma-contabilidad\vendor\codeigniter4\framework\system\CodeIgniter.php(326): CodeIgniter\CodeIgniter->handleRequest(NULL, Object(Config\Cache), false)
#8 C:\xampp\htdocs\plataforma-contabilidad\public\index.php(37): CodeIgniter\CodeIgniter->run()
#9 C:\xampp\htdocs\plataforma-contabilidad\vendor\codeigniter4\framework\system\Commands\Server\rewrite.php(43): require_once('C:\\xampp\\htdocs...')
#10 {main}
CRITICAL - 2022-06-09 16:33:52 --> Undefined property: stdClass::$fecha_causa
#0 C:\xampp\htdocs\plataforma-contabilidad\app\Views\empleado\datos_contrato.php(152): CodeIgniter\Debug\Exceptions->errorHandler(8, 'Undefined prope...', 'C:\\xampp\\htdocs...', 152, Array)
#1 C:\xampp\htdocs\plataforma-contabilidad\vendor\codeigniter4\framework\system\View\View.php(210): include('C:\\xampp\\htdocs...')
#2 C:\xampp\htdocs\plataforma-contabilidad\vendor\codeigniter4\framework\system\View\View.php(213): CodeIgniter\View\View->CodeIgniter\View\{closure}()
#3 C:\xampp\htdocs\plataforma-contabilidad\vendor\codeigniter4\framework\system\Common.php(1089): CodeIgniter\View\View->render('/empleado/datos...', Array, true)
#4 C:\xampp\htdocs\plataforma-contabilidad\app\Controllers\EmpleadoController.php(42): view('/empleado/datos...', Array)
#5 C:\xampp\htdocs\plataforma-contabilidad\vendor\codeigniter4\framework\system\CodeIgniter.php(832): App\Controllers\EmpleadoController->editContrato('3')
#6 C:\xampp\htdocs\plataforma-contabilidad\vendor\codeigniter4\framework\system\CodeIgniter.php(419): CodeIgniter\CodeIgniter->runController(Object(App\Controllers\EmpleadoController))
#7 C:\xampp\htdocs\plataforma-contabilidad\vendor\codeigniter4\framework\system\CodeIgniter.php(326): CodeIgniter\CodeIgniter->handleRequest(NULL, Object(Config\Cache), false)
#8 C:\xampp\htdocs\plataforma-contabilidad\public\index.php(37): CodeIgniter\CodeIgniter->run()
#9 C:\xampp\htdocs\plataforma-contabilidad\vendor\codeigniter4\framework\system\Commands\Server\rewrite.php(43): require_once('C:\\xampp\\htdocs...')
#10 {main}
CRITICAL - 2022-06-09 16:35:26 --> Undefined property: stdClass::$fecha_causa
#0 C:\xampp\htdocs\plataforma-contabilidad\app\Views\empleado\datos_contrato.php(152): CodeIgniter\Debug\Exceptions->errorHandler(8, 'Undefined prope...', 'C:\\xampp\\htdocs...', 152, Array)
#1 C:\xampp\htdocs\plataforma-contabilidad\vendor\codeigniter4\framework\system\View\View.php(210): include('C:\\xampp\\htdocs...')
#2 C:\xampp\htdocs\plataforma-contabilidad\vendor\codeigniter4\framework\system\View\View.php(213): CodeIgniter\View\View->CodeIgniter\View\{closure}()
#3 C:\xampp\htdocs\plataforma-contabilidad\vendor\codeigniter4\framework\system\Common.php(1089): CodeIgniter\View\View->render('/empleado/datos...', Array, true)
#4 C:\xampp\htdocs\plataforma-contabilidad\app\Controllers\EmpleadoController.php(42): view('/empleado/datos...', Array)
#5 C:\xampp\htdocs\plataforma-contabilidad\vendor\codeigniter4\framework\system\CodeIgniter.php(832): App\Controllers\EmpleadoController->editContrato('3')
#6 C:\xampp\htdocs\plataforma-contabilidad\vendor\codeigniter4\framework\system\CodeIgniter.php(419): CodeIgniter\CodeIgniter->runController(Object(App\Controllers\EmpleadoController))
#7 C:\xampp\htdocs\plataforma-contabilidad\vendor\codeigniter4\framework\system\CodeIgniter.php(326): CodeIgniter\CodeIgniter->handleRequest(NULL, Object(Config\Cache), false)
#8 C:\xampp\htdocs\plataforma-contabilidad\public\index.php(37): CodeIgniter\CodeIgniter->run()
#9 C:\xampp\htdocs\plataforma-contabilidad\vendor\codeigniter4\framework\system\Commands\Server\rewrite.php(43): require_once('C:\\xampp\\htdocs...')
#10 {main}
CRITICAL - 2022-06-09 16:35:35 --> Undefined property: stdClass::$fecha_causa
#0 C:\xampp\htdocs\plataforma-contabilidad\app\Views\empleado\datos_contrato.php(152): CodeIgniter\Debug\Exceptions->errorHandler(8, 'Undefined prope...', 'C:\\xampp\\htdocs...', 152, Array)
#1 C:\xampp\htdocs\plataforma-contabilidad\vendor\codeigniter4\framework\system\View\View.php(210): include('C:\\xampp\\htdocs...')
#2 C:\xampp\htdocs\plataforma-contabilidad\vendor\codeigniter4\framework\system\View\View.php(213): CodeIgniter\View\View->CodeIgniter\View\{closure}()
#3 C:\xampp\htdocs\plataforma-contabilidad\vendor\codeigniter4\framework\system\Common.php(1089): CodeIgniter\View\View->render('/empleado/datos...', Array, true)
#4 C:\xampp\htdocs\plataforma-contabilidad\app\Controllers\EmpleadoController.php(42): view('/empleado/datos...', Array)
#5 C:\xampp\htdocs\plataforma-contabilidad\vendor\codeigniter4\framework\system\CodeIgniter.php(832): App\Controllers\EmpleadoController->editContrato('3')
#6 C:\xampp\htdocs\plataforma-contabilidad\vendor\codeigniter4\framework\system\CodeIgniter.php(419): CodeIgniter\CodeIgniter->runController(Object(App\Controllers\EmpleadoController))
#7 C:\xampp\htdocs\plataforma-contabilidad\vendor\codeigniter4\framework\system\CodeIgniter.php(326): CodeIgniter\CodeIgniter->handleRequest(NULL, Object(Config\Cache), false)
#8 C:\xampp\htdocs\plataforma-contabilidad\public\index.php(37): CodeIgniter\CodeIgniter->run()
#9 C:\xampp\htdocs\plataforma-contabilidad\vendor\codeigniter4\framework\system\Commands\Server\rewrite.php(43): require_once('C:\\xampp\\htdocs...')
#10 {main}
CRITICAL - 2022-06-09 16:36:34 --> Undefined property: stdClass::$monto_aviso
#0 C:\xampp\htdocs\plataforma-contabilidad\app\Views\empleado\datos_contrato.php(199): CodeIgniter\Debug\Exceptions->errorHandler(8, 'Undefined prope...', 'C:\\xampp\\htdocs...', 199, Array)
#1 C:\xampp\htdocs\plataforma-contabilidad\vendor\codeigniter4\framework\system\View\View.php(210): include('C:\\xampp\\htdocs...')
#2 C:\xampp\htdocs\plataforma-contabilidad\vendor\codeigniter4\framework\system\View\View.php(213): CodeIgniter\View\View->CodeIgniter\View\{closure}()
#3 C:\xampp\htdocs\plataforma-contabilidad\vendor\codeigniter4\framework\system\Common.php(1089): CodeIgniter\View\View->render('/empleado/datos...', Array, true)
#4 C:\xampp\htdocs\plataforma-contabilidad\app\Controllers\EmpleadoController.php(42): view('/empleado/datos...', Array)
#5 C:\xampp\htdocs\plataforma-contabilidad\vendor\codeigniter4\framework\system\CodeIgniter.php(832): App\Controllers\EmpleadoController->editContrato('3')
#6 C:\xampp\htdocs\plataforma-contabilidad\vendor\codeigniter4\framework\system\CodeIgniter.php(419): CodeIgniter\CodeIgniter->runController(Object(App\Controllers\EmpleadoController))
#7 C:\xampp\htdocs\plataforma-contabilidad\vendor\codeigniter4\framework\system\CodeIgniter.php(326): CodeIgniter\CodeIgniter->handleRequest(NULL, Object(Config\Cache), false)
#8 C:\xampp\htdocs\plataforma-contabilidad\public\index.php(37): CodeIgniter\CodeIgniter->run()
#9 C:\xampp\htdocs\plataforma-contabilidad\vendor\codeigniter4\framework\system\Commands\Server\rewrite.php(43): require_once('C:\\xampp\\htdocs...')
#10 {main}
CRITICAL - 2022-06-09 16:36:35 --> Undefined property: stdClass::$monto_aviso
#0 C:\xampp\htdocs\plataforma-contabilidad\app\Views\empleado\datos_contrato.php(199): CodeIgniter\Debug\Exceptions->errorHandler(8, 'Undefined prope...', 'C:\\xampp\\htdocs...', 199, Array)
#1 C:\xampp\htdocs\plataforma-contabilidad\vendor\codeigniter4\framework\system\View\View.php(210): include('C:\\xampp\\htdocs...')
#2 C:\xampp\htdocs\plataforma-contabilidad\vendor\codeigniter4\framework\system\View\View.php(213): CodeIgniter\View\View->CodeIgniter\View\{closure}()
#3 C:\xampp\htdocs\plataforma-contabilidad\vendor\codeigniter4\framework\system\Common.php(1089): CodeIgniter\View\View->render('/empleado/datos...', Array, true)
#4 C:\xampp\htdocs\plataforma-contabilidad\app\Controllers\EmpleadoController.php(42): view('/empleado/datos...', Array)
#5 C:\xampp\htdocs\plataforma-contabilidad\vendor\codeigniter4\framework\system\CodeIgniter.php(832): App\Controllers\EmpleadoController->editContrato('3')
#6 C:\xampp\htdocs\plataforma-contabilidad\vendor\codeigniter4\framework\system\CodeIgniter.php(419): CodeIgniter\CodeIgniter->runController(Object(App\Controllers\EmpleadoController))
#7 C:\xampp\htdocs\plataforma-contabilidad\vendor\codeigniter4\framework\system\CodeIgniter.php(326): CodeIgniter\CodeIgniter->handleRequest(NULL, Object(Config\Cache), false)
#8 C:\xampp\htdocs\plataforma-contabilidad\public\index.php(37): CodeIgniter\CodeIgniter->run()
#9 C:\xampp\htdocs\plataforma-contabilidad\vendor\codeigniter4\framework\system\Commands\Server\rewrite.php(43): require_once('C:\\xampp\\htdocs...')
#10 {main}
CRITICAL - 2022-06-09 16:36:36 --> Undefined property: stdClass::$monto_aviso
#0 C:\xampp\htdocs\plataforma-contabilidad\app\Views\empleado\datos_contrato.php(199): CodeIgniter\Debug\Exceptions->errorHandler(8, 'Undefined prope...', 'C:\\xampp\\htdocs...', 199, Array)
#1 C:\xampp\htdocs\plataforma-contabilidad\vendor\codeigniter4\framework\system\View\View.php(210): include('C:\\xampp\\htdocs...')
#2 C:\xampp\htdocs\plataforma-contabilidad\vendor\codeigniter4\framework\system\View\View.php(213): CodeIgniter\View\View->CodeIgniter\View\{closure}()
#3 C:\xampp\htdocs\plataforma-contabilidad\vendor\codeigniter4\framework\system\Common.php(1089): CodeIgniter\View\View->render('/empleado/datos...', Array, true)
#4 C:\xampp\htdocs\plataforma-contabilidad\app\Controllers\EmpleadoController.php(42): view('/empleado/datos...', Array)
#5 C:\xampp\htdocs\plataforma-contabilidad\vendor\codeigniter4\framework\system\CodeIgniter.php(832): App\Controllers\EmpleadoController->editContrato('3')
#6 C:\xampp\htdocs\plataforma-contabilidad\vendor\codeigniter4\framework\system\CodeIgniter.php(419): CodeIgniter\CodeIgniter->runController(Object(App\Controllers\EmpleadoController))
#7 C:\xampp\htdocs\plataforma-contabilidad\vendor\codeigniter4\framework\system\CodeIgniter.php(326): CodeIgniter\CodeIgniter->handleRequest(NULL, Object(Config\Cache), false)
#8 C:\xampp\htdocs\plataforma-contabilidad\public\index.php(37): CodeIgniter\CodeIgniter->run()
#9 C:\xampp\htdocs\plataforma-contabilidad\vendor\codeigniter4\framework\system\Commands\Server\rewrite.php(43): require_once('C:\\xampp\\htdocs...')
#10 {main}
CRITICAL - 2022-06-09 16:39:16 --> Undefined property: stdClass::$fecha_causa
#0 C:\xampp\htdocs\plataforma-contabilidad\app\Views\empleado\datos_contrato.php(152): CodeIgniter\Debug\Exceptions->errorHandler(8, 'Undefined prope...', 'C:\\xampp\\htdocs...', 152, Array)
#1 C:\xampp\htdocs\plataforma-contabilidad\vendor\codeigniter4\framework\system\View\View.php(210): include('C:\\xampp\\htdocs...')
#2 C:\xampp\htdocs\plataforma-contabilidad\vendor\codeigniter4\framework\system\View\View.php(213): CodeIgniter\View\View->CodeIgniter\View\{closure}()
#3 C:\xampp\htdocs\plataforma-contabilidad\vendor\codeigniter4\framework\system\Common.php(1089): CodeIgniter\View\View->render('/empleado/datos...', Array, true)
#4 C:\xampp\htdocs\plataforma-contabilidad\app\Controllers\EmpleadoController.php(42): view('/empleado/datos...', Array)
#5 C:\xampp\htdocs\plataforma-contabilidad\vendor\codeigniter4\framework\system\CodeIgniter.php(832): App\Controllers\EmpleadoController->editContrato('3')
#6 C:\xampp\htdocs\plataforma-contabilidad\vendor\codeigniter4\framework\system\CodeIgniter.php(419): CodeIgniter\CodeIgniter->runController(Object(App\Controllers\EmpleadoController))
#7 C:\xampp\htdocs\plataforma-contabilidad\vendor\codeigniter4\framework\system\CodeIgniter.php(326): CodeIgniter\CodeIgniter->handleRequest(NULL, Object(Config\Cache), false)
#8 C:\xampp\htdocs\plataforma-contabilidad\public\index.php(37): CodeIgniter\CodeIgniter->run()
#9 C:\xampp\htdocs\plataforma-contabilidad\vendor\codeigniter4\framework\system\Commands\Server\rewrite.php(43): require_once('C:\\xampp\\htdocs...')
#10 {main}
CRITICAL - 2022-06-09 17:04:07 --> Undefined variable: empleado
#0 C:\xampp\htdocs\plataforma-contabilidad\app\Views\empleado\datos_contrato.php(23): CodeIgniter\Debug\Exceptions->errorHandler(8, 'Undefined varia...', 'C:\\xampp\\htdocs...', 23, Array)
#1 C:\xampp\htdocs\plataforma-contabilidad\vendor\codeigniter4\framework\system\View\View.php(210): include('C:\\xampp\\htdocs...')
#2 C:\xampp\htdocs\plataforma-contabilidad\vendor\codeigniter4\framework\system\View\View.php(213): CodeIgniter\View\View->CodeIgniter\View\{closure}()
#3 C:\xampp\htdocs\plataforma-contabilidad\vendor\codeigniter4\framework\system\Common.php(1089): CodeIgniter\View\View->render('/empleado/datos...', Array, true)
#4 C:\xampp\htdocs\plataforma-contabilidad\app\Controllers\EmpleadoController.php(42): view('/empleado/datos...', Array)
#5 C:\xampp\htdocs\plataforma-contabilidad\vendor\codeigniter4\framework\system\CodeIgniter.php(832): App\Controllers\EmpleadoController->editContrato('3')
#6 C:\xampp\htdocs\plataforma-contabilidad\vendor\codeigniter4\framework\system\CodeIgniter.php(419): CodeIgniter\CodeIgniter->runController(Object(App\Controllers\EmpleadoController))
#7 C:\xampp\htdocs\plataforma-contabilidad\vendor\codeigniter4\framework\system\CodeIgniter.php(326): CodeIgniter\CodeIgniter->handleRequest(NULL, Object(Config\Cache), false)
#8 C:\xampp\htdocs\plataforma-contabilidad\public\index.php(37): CodeIgniter\CodeIgniter->run()
#9 C:\xampp\htdocs\plataforma-contabilidad\vendor\codeigniter4\framework\system\Commands\Server\rewrite.php(43): require_once('C:\\xampp\\htdocs...')
#10 {main}
CRITICAL - 2022-06-09 17:33:10 --> Invalid file: prueba.php
#0 C:\xampp\htdocs\plataforma-contabilidad\vendor\codeigniter4\framework\system\View\View.php(198): CodeIgniter\Exceptions\FrameworkException::forInvalidFile('prueba.php')
#1 C:\xampp\htdocs\plataforma-contabilidad\vendor\codeigniter4\framework\system\Common.php(1089): CodeIgniter\View\View->render('prueba', Array, true)
#2 C:\xampp\htdocs\plataforma-contabilidad\app\Controllers\EmpleadoController.php(202): view('prueba')
#3 C:\xampp\htdocs\plataforma-contabilidad\vendor\codeigniter4\framework\system\CodeIgniter.php(832): App\Controllers\EmpleadoController->updateContrato('3')
#4 C:\xampp\htdocs\plataforma-contabilidad\vendor\codeigniter4\framework\system\CodeIgniter.php(419): CodeIgniter\CodeIgniter->runController(Object(App\Controllers\EmpleadoController))
#5 C:\xampp\htdocs\plataforma-contabilidad\vendor\codeigniter4\framework\system\CodeIgniter.php(326): CodeIgniter\CodeIgniter->handleRequest(NULL, Object(Config\Cache), false)
#6 C:\xampp\htdocs\plataforma-contabilidad\public\index.php(37): CodeIgniter\CodeIgniter->run()
#7 C:\xampp\htdocs\plataforma-contabilidad\vendor\codeigniter4\framework\system\Commands\Server\rewrite.php(43): require_once('C:\\xampp\\htdocs...')
#8 {main}
CRITICAL - 2022-06-09 17:56:33 --> Undefined variable: data
#0 C:\xampp\htdocs\plataforma-contabilidad\app\Controllers\EmpleadoController.php(234): CodeIgniter\Debug\Exceptions->errorHandler(8, 'Undefined varia...', 'C:\\xampp\\htdocs...', 234, Array)
#1 C:\xampp\htdocs\plataforma-contabilidad\vendor\codeigniter4\framework\system\CodeIgniter.php(832): App\Controllers\EmpleadoController->updateContrato('3')
#2 C:\xampp\htdocs\plataforma-contabilidad\vendor\codeigniter4\framework\system\CodeIgniter.php(419): CodeIgniter\CodeIgniter->runController(Object(App\Controllers\EmpleadoController))
#3 C:\xampp\htdocs\plataforma-contabilidad\vendor\codeigniter4\framework\system\CodeIgniter.php(326): CodeIgniter\CodeIgniter->handleRequest(NULL, Object(Config\Cache), false)
#4 C:\xampp\htdocs\plataforma-contabilidad\public\index.php(37): CodeIgniter\CodeIgniter->run()
#5 C:\xampp\htdocs\plataforma-contabilidad\vendor\codeigniter4\framework\system\Commands\Server\rewrite.php(43): require_once('C:\\xampp\\htdocs...')
#6 {main}
CRITICAL - 2022-06-09 18:21:53 --> There is no data to update.
#0 C:\xampp\htdocs\plataforma-contabilidad\vendor\codeigniter4\framework\system\BaseModel.php(1574): CodeIgniter\Database\Exceptions\DataException::forEmptyDataset('update')
#1 C:\xampp\htdocs\plataforma-contabilidad\vendor\codeigniter4\framework\system\BaseModel.php(832): CodeIgniter\BaseModel->transformDataToArray(NULL, 'update')
#2 C:\xampp\htdocs\plataforma-contabilidad\vendor\codeigniter4\framework\system\Model.php(651): CodeIgniter\BaseModel->update(Array, NULL)
#3 C:\xampp\htdocs\plataforma-contabilidad\app\Controllers\EmpleadoController.php(231): CodeIgniter\Model->update(Array)
#4 C:\xampp\htdocs\plataforma-contabilidad\vendor\codeigniter4\framework\system\CodeIgniter.php(832): App\Controllers\EmpleadoController->updateContrato('3')
#5 C:\xampp\htdocs\plataforma-contabilidad\vendor\codeigniter4\framework\system\CodeIgniter.php(419): CodeIgniter\CodeIgniter->runController(Object(App\Controllers\EmpleadoController))
#6 C:\xampp\htdocs\plataforma-contabilidad\vendor\codeigniter4\framework\system\CodeIgniter.php(326): CodeIgniter\CodeIgniter->handleRequest(NULL, Object(Config\Cache), false)
#7 C:\xampp\htdocs\plataforma-contabilidad\public\index.php(37): CodeIgniter\CodeIgniter->run()
#8 C:\xampp\htdocs\plataforma-contabilidad\vendor\codeigniter4\framework\system\Commands\Server\rewrite.php(43): require_once('C:\\xampp\\htdocs...')
#9 {main}
