CRITICAL - 2022-05-31 08:29:17 --> Undefined variable: roles
#0 /var/www/html/plataforma-contabilidad/app/Views/configuracion/roles.php(51): CodeIgniter\Debug\Exceptions->errorHandler()
#1 /var/www/html/plataforma-contabilidad/vendor/codeigniter4/framework/system/View/View.php(210): include('/var/www/html/p...')
#2 /var/www/html/plataforma-contabilidad/vendor/codeigniter4/framework/system/View/View.php(213): CodeIgniter\View\View->CodeIgniter\View\{closure}()
#3 /var/www/html/plataforma-contabilidad/vendor/codeigniter4/framework/system/Common.php(1089): CodeIgniter\View\View->render()
#4 /var/www/html/plataforma-contabilidad/app/Controllers/Roles.php(20): view()
#5 /var/www/html/plataforma-contabilidad/vendor/codeigniter4/framework/system/CodeIgniter.php(832): App\Controllers\Roles->crear()
#6 /var/www/html/plataforma-contabilidad/vendor/codeigniter4/framework/system/CodeIgniter.php(419): CodeIgniter\CodeIgniter->runController()
#7 /var/www/html/plataforma-contabilidad/vendor/codeigniter4/framework/system/CodeIgniter.php(326): CodeIgniter\CodeIgniter->handleRequest()
#8 /var/www/html/plataforma-contabilidad/public/index.php(37): CodeIgniter\CodeIgniter->run()
#9 {main}
CRITICAL - 2022-05-31 08:30:49 --> Undefined variable: roles
#0 /var/www/html/plataforma-contabilidad/app/Views/configuracion/roles.php(51): CodeIgniter\Debug\Exceptions->errorHandler()
#1 /var/www/html/plataforma-contabilidad/vendor/codeigniter4/framework/system/View/View.php(210): include('/var/www/html/p...')
#2 /var/www/html/plataforma-contabilidad/vendor/codeigniter4/framework/system/View/View.php(213): CodeIgniter\View\View->CodeIgniter\View\{closure}()
#3 /var/www/html/plataforma-contabilidad/vendor/codeigniter4/framework/system/Common.php(1089): CodeIgniter\View\View->render()
#4 /var/www/html/plataforma-contabilidad/app/Controllers/Roles.php(26): view()
#5 /var/www/html/plataforma-contabilidad/vendor/codeigniter4/framework/system/CodeIgniter.php(832): App\Controllers\Roles->crear()
#6 /var/www/html/plataforma-contabilidad/vendor/codeigniter4/framework/system/CodeIgniter.php(419): CodeIgniter\CodeIgniter->runController()
#7 /var/www/html/plataforma-contabilidad/vendor/codeigniter4/framework/system/CodeIgniter.php(326): CodeIgniter\CodeIgniter->handleRequest()
#8 /var/www/html/plataforma-contabilidad/public/index.php(37): CodeIgniter\CodeIgniter->run()
#9 {main}
CRITICAL - 2022-05-31 08:30:56 --> Undefined variable: roles
#0 /var/www/html/plataforma-contabilidad/app/Views/configuracion/roles.php(51): CodeIgniter\Debug\Exceptions->errorHandler()
#1 /var/www/html/plataforma-contabilidad/vendor/codeigniter4/framework/system/View/View.php(210): include('/var/www/html/p...')
#2 /var/www/html/plataforma-contabilidad/vendor/codeigniter4/framework/system/View/View.php(213): CodeIgniter\View\View->CodeIgniter\View\{closure}()
#3 /var/www/html/plataforma-contabilidad/vendor/codeigniter4/framework/system/Common.php(1089): CodeIgniter\View\View->render()
#4 /var/www/html/plataforma-contabilidad/app/Controllers/Roles.php(26): view()
#5 /var/www/html/plataforma-contabilidad/vendor/codeigniter4/framework/system/CodeIgniter.php(832): App\Controllers\Roles->crear()
#6 /var/www/html/plataforma-contabilidad/vendor/codeigniter4/framework/system/CodeIgniter.php(419): CodeIgniter\CodeIgniter->runController()
#7 /var/www/html/plataforma-contabilidad/vendor/codeigniter4/framework/system/CodeIgniter.php(326): CodeIgniter\CodeIgniter->handleRequest()
#8 /var/www/html/plataforma-contabilidad/public/index.php(37): CodeIgniter\CodeIgniter->run()
#9 {main}
CRITICAL - 2022-05-31 08:34:28 -->  route cannot be found while reverse-routing.
#0 /var/www/html/plataforma-contabilidad/vendor/codeigniter4/framework/system/HTTP/RedirectResponse.php(56): CodeIgniter\HTTP\Exceptions\HTTPException::forInvalidRedirectRoute()
#1 /var/www/html/plataforma-contabilidad/vendor/codeigniter4/framework/system/Common.php(832): CodeIgniter\HTTP\RedirectResponse->route()
#2 /var/www/html/plataforma-contabilidad/app/Controllers/Roles.php(26): redirect()
#3 /var/www/html/plataforma-contabilidad/vendor/codeigniter4/framework/system/CodeIgniter.php(832): App\Controllers\Roles->crear()
#4 /var/www/html/plataforma-contabilidad/vendor/codeigniter4/framework/system/CodeIgniter.php(419): CodeIgniter\CodeIgniter->runController()
#5 /var/www/html/plataforma-contabilidad/vendor/codeigniter4/framework/system/CodeIgniter.php(326): CodeIgniter\CodeIgniter->handleRequest()
#6 /var/www/html/plataforma-contabilidad/public/index.php(37): CodeIgniter\CodeIgniter->run()
#7 {main}
CRITICAL - 2022-05-31 08:35:20 -->  route cannot be found while reverse-routing.
#0 /var/www/html/plataforma-contabilidad/vendor/codeigniter4/framework/system/HTTP/RedirectResponse.php(56): CodeIgniter\HTTP\Exceptions\HTTPException::forInvalidRedirectRoute()
#1 /var/www/html/plataforma-contabilidad/vendor/codeigniter4/framework/system/Common.php(832): CodeIgniter\HTTP\RedirectResponse->route()
#2 /var/www/html/plataforma-contabilidad/app/Controllers/Roles.php(26): redirect()
#3 /var/www/html/plataforma-contabilidad/vendor/codeigniter4/framework/system/CodeIgniter.php(832): App\Controllers\Roles->crear()
#4 /var/www/html/plataforma-contabilidad/vendor/codeigniter4/framework/system/CodeIgniter.php(419): CodeIgniter\CodeIgniter->runController()
#5 /var/www/html/plataforma-contabilidad/vendor/codeigniter4/framework/system/CodeIgniter.php(326): CodeIgniter\CodeIgniter->handleRequest()
#6 /var/www/html/plataforma-contabilidad/public/index.php(37): CodeIgniter\CodeIgniter->run()
#7 {main}
CRITICAL - 2022-05-31 08:35:24 -->  route cannot be found while reverse-routing.
#0 /var/www/html/plataforma-contabilidad/vendor/codeigniter4/framework/system/HTTP/RedirectResponse.php(56): CodeIgniter\HTTP\Exceptions\HTTPException::forInvalidRedirectRoute()
#1 /var/www/html/plataforma-contabilidad/vendor/codeigniter4/framework/system/Common.php(832): CodeIgniter\HTTP\RedirectResponse->route()
#2 /var/www/html/plataforma-contabilidad/app/Controllers/Roles.php(26): redirect()
#3 /var/www/html/plataforma-contabilidad/vendor/codeigniter4/framework/system/CodeIgniter.php(832): App\Controllers\Roles->crear()
#4 /var/www/html/plataforma-contabilidad/vendor/codeigniter4/framework/system/CodeIgniter.php(419): CodeIgniter\CodeIgniter->runController()
#5 /var/www/html/plataforma-contabilidad/vendor/codeigniter4/framework/system/CodeIgniter.php(326): CodeIgniter\CodeIgniter->handleRequest()
#6 /var/www/html/plataforma-contabilidad/public/index.php(37): CodeIgniter\CodeIgniter->run()
#7 {main}
CRITICAL - 2022-05-31 08:41:28 --> Undefined property: App\Controllers\Roles::$uri
#0 /var/www/html/plataforma-contabilidad/app/Controllers/Roles.php(37): CodeIgniter\Debug\Exceptions->errorHandler()
#1 /var/www/html/plataforma-contabilidad/vendor/codeigniter4/framework/system/CodeIgniter.php(832): App\Controllers\Roles->permisos()
#2 /var/www/html/plataforma-contabilidad/vendor/codeigniter4/framework/system/CodeIgniter.php(419): CodeIgniter\CodeIgniter->runController()
#3 /var/www/html/plataforma-contabilidad/vendor/codeigniter4/framework/system/CodeIgniter.php(326): CodeIgniter\CodeIgniter->handleRequest()
#4 /var/www/html/plataforma-contabilidad/public/index.php(37): CodeIgniter\CodeIgniter->run()
#5 {main}
CRITICAL - 2022-05-31 08:41:41 --> Undefined property: App\Controllers\Roles::$url
#0 /var/www/html/plataforma-contabilidad/app/Controllers/Roles.php(37): CodeIgniter\Debug\Exceptions->errorHandler()
#1 /var/www/html/plataforma-contabilidad/vendor/codeigniter4/framework/system/CodeIgniter.php(832): App\Controllers\Roles->permisos()
#2 /var/www/html/plataforma-contabilidad/vendor/codeigniter4/framework/system/CodeIgniter.php(419): CodeIgniter\CodeIgniter->runController()
#3 /var/www/html/plataforma-contabilidad/vendor/codeigniter4/framework/system/CodeIgniter.php(326): CodeIgniter\CodeIgniter->handleRequest()
#4 /var/www/html/plataforma-contabilidad/public/index.php(37): CodeIgniter\CodeIgniter->run()
#5 {main}
CRITICAL - 2022-05-31 08:41:41 --> Undefined property: App\Controllers\Roles::$url
#0 /var/www/html/plataforma-contabilidad/app/Controllers/Roles.php(37): CodeIgniter\Debug\Exceptions->errorHandler()
#1 /var/www/html/plataforma-contabilidad/vendor/codeigniter4/framework/system/CodeIgniter.php(832): App\Controllers\Roles->permisos()
#2 /var/www/html/plataforma-contabilidad/vendor/codeigniter4/framework/system/CodeIgniter.php(419): CodeIgniter\CodeIgniter->runController()
#3 /var/www/html/plataforma-contabilidad/vendor/codeigniter4/framework/system/CodeIgniter.php(326): CodeIgniter\CodeIgniter->handleRequest()
#4 /var/www/html/plataforma-contabilidad/public/index.php(37): CodeIgniter\CodeIgniter->run()
#5 {main}
CRITICAL - 2022-05-31 08:41:43 --> Undefined property: App\Controllers\Roles::$url
#0 /var/www/html/plataforma-contabilidad/app/Controllers/Roles.php(37): CodeIgniter\Debug\Exceptions->errorHandler()
#1 /var/www/html/plataforma-contabilidad/vendor/codeigniter4/framework/system/CodeIgniter.php(832): App\Controllers\Roles->permisos()
#2 /var/www/html/plataforma-contabilidad/vendor/codeigniter4/framework/system/CodeIgniter.php(419): CodeIgniter\CodeIgniter->runController()
#3 /var/www/html/plataforma-contabilidad/vendor/codeigniter4/framework/system/CodeIgniter.php(326): CodeIgniter\CodeIgniter->handleRequest()
#4 /var/www/html/plataforma-contabilidad/public/index.php(37): CodeIgniter\CodeIgniter->run()
#5 {main}
CRITICAL - 2022-05-31 08:42:34 --> Undefined property: App\Controllers\Roles::$uri
#0 /var/www/html/plataforma-contabilidad/app/Controllers/Roles.php(37): CodeIgniter\Debug\Exceptions->errorHandler()
#1 /var/www/html/plataforma-contabilidad/vendor/codeigniter4/framework/system/CodeIgniter.php(832): App\Controllers\Roles->permisos()
#2 /var/www/html/plataforma-contabilidad/vendor/codeigniter4/framework/system/CodeIgniter.php(419): CodeIgniter\CodeIgniter->runController()
#3 /var/www/html/plataforma-contabilidad/vendor/codeigniter4/framework/system/CodeIgniter.php(326): CodeIgniter\CodeIgniter->handleRequest()
#4 /var/www/html/plataforma-contabilidad/public/index.php(37): CodeIgniter\CodeIgniter->run()
#5 {main}
CRITICAL - 2022-05-31 08:42:35 --> Undefined property: App\Controllers\Roles::$uri
#0 /var/www/html/plataforma-contabilidad/app/Controllers/Roles.php(37): CodeIgniter\Debug\Exceptions->errorHandler()
#1 /var/www/html/plataforma-contabilidad/vendor/codeigniter4/framework/system/CodeIgniter.php(832): App\Controllers\Roles->permisos()
#2 /var/www/html/plataforma-contabilidad/vendor/codeigniter4/framework/system/CodeIgniter.php(419): CodeIgniter\CodeIgniter->runController()
#3 /var/www/html/plataforma-contabilidad/vendor/codeigniter4/framework/system/CodeIgniter.php(326): CodeIgniter\CodeIgniter->handleRequest()
#4 /var/www/html/plataforma-contabilidad/public/index.php(37): CodeIgniter\CodeIgniter->run()
#5 {main}
CRITICAL - 2022-05-31 08:44:08 --> Undefined property: App\Controllers\Roles::$uri
#0 /var/www/html/plataforma-contabilidad/app/Controllers/Roles.php(39): CodeIgniter\Debug\Exceptions->errorHandler()
#1 /var/www/html/plataforma-contabilidad/vendor/codeigniter4/framework/system/CodeIgniter.php(832): App\Controllers\Roles->permisos()
#2 /var/www/html/plataforma-contabilidad/vendor/codeigniter4/framework/system/CodeIgniter.php(419): CodeIgniter\CodeIgniter->runController()
#3 /var/www/html/plataforma-contabilidad/vendor/codeigniter4/framework/system/CodeIgniter.php(326): CodeIgniter\CodeIgniter->handleRequest()
#4 /var/www/html/plataforma-contabilidad/public/index.php(37): CodeIgniter\CodeIgniter->run()
#5 {main}
CRITICAL - 2022-05-31 08:44:08 --> Undefined property: App\Controllers\Roles::$uri
#0 /var/www/html/plataforma-contabilidad/app/Controllers/Roles.php(39): CodeIgniter\Debug\Exceptions->errorHandler()
#1 /var/www/html/plataforma-contabilidad/vendor/codeigniter4/framework/system/CodeIgniter.php(832): App\Controllers\Roles->permisos()
#2 /var/www/html/plataforma-contabilidad/vendor/codeigniter4/framework/system/CodeIgniter.php(419): CodeIgniter\CodeIgniter->runController()
#3 /var/www/html/plataforma-contabilidad/vendor/codeigniter4/framework/system/CodeIgniter.php(326): CodeIgniter\CodeIgniter->handleRequest()
#4 /var/www/html/plataforma-contabilidad/public/index.php(37): CodeIgniter\CodeIgniter->run()
#5 {main}
CRITICAL - 2022-05-31 10:31:14 --> noauth filter must have a matching alias defined.
#0 /var/www/html/plataforma-contabilidad/vendor/codeigniter4/framework/system/Filters/Filters.php(340): CodeIgniter\Filters\Exceptions\FilterException::forNoAlias()
#1 /var/www/html/plataforma-contabilidad/vendor/codeigniter4/framework/system/CodeIgniter.php(384): CodeIgniter\Filters\Filters->enableFilter()
#2 /var/www/html/plataforma-contabilidad/vendor/codeigniter4/framework/system/CodeIgniter.php(326): CodeIgniter\CodeIgniter->handleRequest()
#3 /var/www/html/plataforma-contabilidad/public/index.php(37): CodeIgniter\CodeIgniter->run()
#4 {main}
CRITICAL - 2022-05-31 13:24:09 --> Call to undefined function bs5_searchform()
#0 /var/www/html/plataforma-contabilidad/vendor/codeigniter4/framework/system/View/View.php(210): include()
#1 /var/www/html/plataforma-contabilidad/vendor/codeigniter4/framework/system/View/View.php(213): CodeIgniter\View\View->CodeIgniter\View\{closure}()
#2 /var/www/html/plataforma-contabilidad/vendor/codeigniter4/framework/system/Common.php(1089): CodeIgniter\View\View->render()
#3 /var/www/html/plataforma-contabilidad/app/ThirdParty/lewe/ci4-auth/src/Controllers/GroupController.php(219): view()
#4 /var/www/html/plataforma-contabilidad/app/ThirdParty/lewe/ci4-auth/src/Controllers/GroupController.php(88): CI4\Auth\Controllers\GroupController->_render()
#5 /var/www/html/plataforma-contabilidad/vendor/codeigniter4/framework/system/CodeIgniter.php(832): CI4\Auth\Controllers\GroupController->groups()
#6 /var/www/html/plataforma-contabilidad/vendor/codeigniter4/framework/system/CodeIgniter.php(419): CodeIgniter\CodeIgniter->runController()
#7 /var/www/html/plataforma-contabilidad/vendor/codeigniter4/framework/system/CodeIgniter.php(326): CodeIgniter\CodeIgniter->handleRequest()
#8 /var/www/html/plataforma-contabilidad/public/index.php(37): CodeIgniter\CodeIgniter->run()
#9 {main}
CRITICAL - 2022-05-31 13:35:52 --> Call to undefined function bs5_alert()
#0 /var/www/html/plataforma-contabilidad/vendor/codeigniter4/framework/system/View/View.php(210): include()
#1 /var/www/html/plataforma-contabilidad/vendor/codeigniter4/framework/system/View/View.php(213): CodeIgniter\View\View->CodeIgniter\View\{closure}()
#2 /var/www/html/plataforma-contabilidad/vendor/codeigniter4/framework/system/Common.php(1089): CodeIgniter\View\View->render()
#3 /var/www/html/plataforma-contabilidad/app/ThirdParty/lewe/ci4-auth/src/Views/auth/register.php(17): view()
#4 /var/www/html/plataforma-contabilidad/vendor/codeigniter4/framework/system/View/View.php(210): include('/var/www/html/p...')
#5 /var/www/html/plataforma-contabilidad/vendor/codeigniter4/framework/system/View/View.php(213): CodeIgniter\View\View->CodeIgniter\View\{closure}()
#6 /var/www/html/plataforma-contabilidad/vendor/codeigniter4/framework/system/Common.php(1089): CodeIgniter\View\View->render()
#7 /var/www/html/plataforma-contabilidad/app/ThirdParty/lewe/ci4-auth/src/Controllers/AuthController.php(452): view()
#8 /var/www/html/plataforma-contabilidad/app/ThirdParty/lewe/ci4-auth/src/Controllers/AuthController.php(253): CI4\Auth\Controllers\AuthController->_render()
#9 /var/www/html/plataforma-contabilidad/vendor/codeigniter4/framework/system/CodeIgniter.php(832): CI4\Auth\Controllers\AuthController->register()
#10 /var/www/html/plataforma-contabilidad/vendor/codeigniter4/framework/system/CodeIgniter.php(419): CodeIgniter\CodeIgniter->runController()
#11 /var/www/html/plataforma-contabilidad/vendor/codeigniter4/framework/system/CodeIgniter.php(326): CodeIgniter\CodeIgniter->handleRequest()
#12 /var/www/html/plataforma-contabilidad/public/index.php(37): CodeIgniter\CodeIgniter->run()
#13 {main}
CRITICAL - 2022-05-31 13:38:17 --> Call to undefined function bs5_alert()
#0 /var/www/html/plataforma-contabilidad/vendor/codeigniter4/framework/system/View/View.php(210): include()
#1 /var/www/html/plataforma-contabilidad/vendor/codeigniter4/framework/system/View/View.php(213): CodeIgniter\View\View->CodeIgniter\View\{closure}()
#2 /var/www/html/plataforma-contabilidad/vendor/codeigniter4/framework/system/Common.php(1089): CodeIgniter\View\View->render()
#3 /var/www/html/plataforma-contabilidad/app/ThirdParty/lewe/ci4-auth/src/Views/auth/register.php(17): view()
#4 /var/www/html/plataforma-contabilidad/vendor/codeigniter4/framework/system/View/View.php(210): include('/var/www/html/p...')
#5 /var/www/html/plataforma-contabilidad/vendor/codeigniter4/framework/system/View/View.php(213): CodeIgniter\View\View->CodeIgniter\View\{closure}()
#6 /var/www/html/plataforma-contabilidad/vendor/codeigniter4/framework/system/Common.php(1089): CodeIgniter\View\View->render()
#7 /var/www/html/plataforma-contabilidad/app/ThirdParty/lewe/ci4-auth/src/Controllers/AuthController.php(452): view()
#8 /var/www/html/plataforma-contabilidad/app/ThirdParty/lewe/ci4-auth/src/Controllers/AuthController.php(253): CI4\Auth\Controllers\AuthController->_render()
#9 /var/www/html/plataforma-contabilidad/vendor/codeigniter4/framework/system/CodeIgniter.php(832): CI4\Auth\Controllers\AuthController->register()
#10 /var/www/html/plataforma-contabilidad/vendor/codeigniter4/framework/system/CodeIgniter.php(419): CodeIgniter\CodeIgniter->runController()
#11 /var/www/html/plataforma-contabilidad/vendor/codeigniter4/framework/system/CodeIgniter.php(326): CodeIgniter\CodeIgniter->handleRequest()
#12 /var/www/html/plataforma-contabilidad/public/index.php(37): CodeIgniter\CodeIgniter->run()
#13 {main}
CRITICAL - 2022-05-31 13:54:44 --> Trying to get property 'id' of non-object
#0 /var/www/html/plataforma-contabilidad/app/ThirdParty/lewe/ci4-auth/src/Models/UserModel.php(249): CodeIgniter\Debug\Exceptions->errorHandler()
#1 /var/www/html/plataforma-contabilidad/app/ThirdParty/lewe/ci4-auth/src/Controllers/AuthController.php(293): CI4\Auth\Models\UserModel->withRole()
#2 /var/www/html/plataforma-contabilidad/vendor/codeigniter4/framework/system/CodeIgniter.php(832): CI4\Auth\Controllers\AuthController->registerDo()
#3 /var/www/html/plataforma-contabilidad/vendor/codeigniter4/framework/system/CodeIgniter.php(419): CodeIgniter\CodeIgniter->runController()
#4 /var/www/html/plataforma-contabilidad/vendor/codeigniter4/framework/system/CodeIgniter.php(326): CodeIgniter\CodeIgniter->handleRequest()
#5 /var/www/html/plataforma-contabilidad/public/index.php(37): CodeIgniter\CodeIgniter->run()
#6 {main}
CRITICAL - 2022-05-31 13:56:30 --> Trying to access array offset on value of type null
#0 /var/www/html/plataforma-contabilidad/app/ThirdParty/lewe/ci4-auth/src/Models/UserModel.php(249): CodeIgniter\Debug\Exceptions->errorHandler()
#1 /var/www/html/plataforma-contabilidad/app/ThirdParty/lewe/ci4-auth/src/Controllers/AuthController.php(293): CI4\Auth\Models\UserModel->withRole()
#2 /var/www/html/plataforma-contabilidad/vendor/codeigniter4/framework/system/CodeIgniter.php(832): CI4\Auth\Controllers\AuthController->registerDo()
#3 /var/www/html/plataforma-contabilidad/vendor/codeigniter4/framework/system/CodeIgniter.php(419): CodeIgniter\CodeIgniter->runController()
#4 /var/www/html/plataforma-contabilidad/vendor/codeigniter4/framework/system/CodeIgniter.php(326): CodeIgniter\CodeIgniter->handleRequest()
#5 /var/www/html/plataforma-contabilidad/public/index.php(37): CodeIgniter\CodeIgniter->run()
#6 {main}
CRITICAL - 2022-05-31 13:57:18 --> Trying to access array offset on value of type null
#0 /var/www/html/plataforma-contabilidad/app/ThirdParty/lewe/ci4-auth/src/Models/UserModel.php(249): CodeIgniter\Debug\Exceptions->errorHandler()
#1 /var/www/html/plataforma-contabilidad/app/ThirdParty/lewe/ci4-auth/src/Controllers/AuthController.php(293): CI4\Auth\Models\UserModel->withRole()
#2 /var/www/html/plataforma-contabilidad/vendor/codeigniter4/framework/system/CodeIgniter.php(832): CI4\Auth\Controllers\AuthController->registerDo()
#3 /var/www/html/plataforma-contabilidad/vendor/codeigniter4/framework/system/CodeIgniter.php(419): CodeIgniter\CodeIgniter->runController()
#4 /var/www/html/plataforma-contabilidad/vendor/codeigniter4/framework/system/CodeIgniter.php(326): CodeIgniter\CodeIgniter->handleRequest()
#5 /var/www/html/plataforma-contabilidad/public/index.php(37): CodeIgniter\CodeIgniter->run()
#6 {main}
CRITICAL - 2022-05-31 14:24:53 --> role filter must have a matching alias defined.
#0 /var/www/html/plataforma-contabilidad/vendor/codeigniter4/framework/system/Filters/Filters.php(340): CodeIgniter\Filters\Exceptions\FilterException::forNoAlias()
#1 /var/www/html/plataforma-contabilidad/vendor/codeigniter4/framework/system/CodeIgniter.php(384): CodeIgniter\Filters\Filters->enableFilter()
#2 /var/www/html/plataforma-contabilidad/vendor/codeigniter4/framework/system/CodeIgniter.php(326): CodeIgniter\CodeIgniter->handleRequest()
#3 /var/www/html/plataforma-contabilidad/public/index.php(37): CodeIgniter\CodeIgniter->run()
#4 {main}
CRITICAL - 2022-05-31 14:28:19 --> role filter must have a matching alias defined.
#0 /var/www/html/plataforma-contabilidad/vendor/codeigniter4/framework/system/Filters/Filters.php(340): CodeIgniter\Filters\Exceptions\FilterException::forNoAlias()
#1 /var/www/html/plataforma-contabilidad/vendor/codeigniter4/framework/system/CodeIgniter.php(384): CodeIgniter\Filters\Filters->enableFilter()
#2 /var/www/html/plataforma-contabilidad/vendor/codeigniter4/framework/system/CodeIgniter.php(326): CodeIgniter\CodeIgniter->handleRequest()
#3 /var/www/html/plataforma-contabilidad/public/index.php(37): CodeIgniter\CodeIgniter->run()
#4 {main}
CRITICAL - 2022-05-31 14:29:26 --> role filter must have a matching alias defined.
#0 /var/www/html/plataforma-contabilidad/vendor/codeigniter4/framework/system/Filters/Filters.php(340): CodeIgniter\Filters\Exceptions\FilterException::forNoAlias()
#1 /var/www/html/plataforma-contabilidad/vendor/codeigniter4/framework/system/CodeIgniter.php(384): CodeIgniter\Filters\Filters->enableFilter()
#2 /var/www/html/plataforma-contabilidad/vendor/codeigniter4/framework/system/CodeIgniter.php(326): CodeIgniter\CodeIgniter->handleRequest()
#3 /var/www/html/plataforma-contabilidad/public/index.php(37): CodeIgniter\CodeIgniter->run()
#4 {main}
CRITICAL - 2022-05-31 14:31:08 --> role filter must have a matching alias defined.
#0 /var/www/html/plataforma-contabilidad/vendor/codeigniter4/framework/system/Filters/Filters.php(340): CodeIgniter\Filters\Exceptions\FilterException::forNoAlias()
#1 /var/www/html/plataforma-contabilidad/vendor/codeigniter4/framework/system/CodeIgniter.php(384): CodeIgniter\Filters\Filters->enableFilter()
#2 /var/www/html/plataforma-contabilidad/vendor/codeigniter4/framework/system/CodeIgniter.php(326): CodeIgniter\CodeIgniter->handleRequest()
#3 /var/www/html/plataforma-contabilidad/public/index.php(37): CodeIgniter\CodeIgniter->run()
#4 {main}
CRITICAL - 2022-05-31 14:31:13 --> role filter must have a matching alias defined.
#0 /var/www/html/plataforma-contabilidad/vendor/codeigniter4/framework/system/Filters/Filters.php(340): CodeIgniter\Filters\Exceptions\FilterException::forNoAlias()
#1 /var/www/html/plataforma-contabilidad/vendor/codeigniter4/framework/system/CodeIgniter.php(384): CodeIgniter\Filters\Filters->enableFilter()
#2 /var/www/html/plataforma-contabilidad/vendor/codeigniter4/framework/system/CodeIgniter.php(326): CodeIgniter\CodeIgniter->handleRequest()
#3 /var/www/html/plataforma-contabilidad/public/index.php(37): CodeIgniter\CodeIgniter->run()
#4 {main}
CRITICAL - 2022-05-31 14:32:56 --> role filter must have a matching alias defined.
#0 /var/www/html/plataforma-contabilidad/vendor/codeigniter4/framework/system/Filters/Filters.php(340): CodeIgniter\Filters\Exceptions\FilterException::forNoAlias()
#1 /var/www/html/plataforma-contabilidad/vendor/codeigniter4/framework/system/CodeIgniter.php(384): CodeIgniter\Filters\Filters->enableFilter()
#2 /var/www/html/plataforma-contabilidad/vendor/codeigniter4/framework/system/CodeIgniter.php(326): CodeIgniter\CodeIgniter->handleRequest()
#3 /var/www/html/plataforma-contabilidad/public/index.php(37): CodeIgniter\CodeIgniter->run()
#4 {main}
CRITICAL - 2022-05-31 14:35:09 --> role filter must have a matching alias defined.
#0 /var/www/html/plataforma-contabilidad/vendor/codeigniter4/framework/system/Filters/Filters.php(340): CodeIgniter\Filters\Exceptions\FilterException::forNoAlias()
#1 /var/www/html/plataforma-contabilidad/vendor/codeigniter4/framework/system/CodeIgniter.php(384): CodeIgniter\Filters\Filters->enableFilter()
#2 /var/www/html/plataforma-contabilidad/vendor/codeigniter4/framework/system/CodeIgniter.php(326): CodeIgniter\CodeIgniter->handleRequest()
#3 /var/www/html/plataforma-contabilidad/public/index.php(37): CodeIgniter\CodeIgniter->run()
#4 {main}
CRITICAL - 2022-05-31 14:35:11 --> role filter must have a matching alias defined.
#0 /var/www/html/plataforma-contabilidad/vendor/codeigniter4/framework/system/Filters/Filters.php(340): CodeIgniter\Filters\Exceptions\FilterException::forNoAlias()
#1 /var/www/html/plataforma-contabilidad/vendor/codeigniter4/framework/system/CodeIgniter.php(384): CodeIgniter\Filters\Filters->enableFilter()
#2 /var/www/html/plataforma-contabilidad/vendor/codeigniter4/framework/system/CodeIgniter.php(326): CodeIgniter\CodeIgniter->handleRequest()
#3 /var/www/html/plataforma-contabilidad/public/index.php(37): CodeIgniter\CodeIgniter->run()
#4 {main}
CRITICAL - 2022-05-31 14:35:11 --> role filter must have a matching alias defined.
#0 /var/www/html/plataforma-contabilidad/vendor/codeigniter4/framework/system/Filters/Filters.php(340): CodeIgniter\Filters\Exceptions\FilterException::forNoAlias()
#1 /var/www/html/plataforma-contabilidad/vendor/codeigniter4/framework/system/CodeIgniter.php(384): CodeIgniter\Filters\Filters->enableFilter()
#2 /var/www/html/plataforma-contabilidad/vendor/codeigniter4/framework/system/CodeIgniter.php(326): CodeIgniter\CodeIgniter->handleRequest()
#3 /var/www/html/plataforma-contabilidad/public/index.php(37): CodeIgniter\CodeIgniter->run()
#4 {main}
CRITICAL - 2022-05-31 14:45:58 --> role filter must have a matching alias defined.
#0 /var/www/html/plataforma-contabilidad/vendor/codeigniter4/framework/system/Filters/Filters.php(340): CodeIgniter\Filters\Exceptions\FilterException::forNoAlias()
#1 /var/www/html/plataforma-contabilidad/vendor/codeigniter4/framework/system/CodeIgniter.php(384): CodeIgniter\Filters\Filters->enableFilter()
#2 /var/www/html/plataforma-contabilidad/vendor/codeigniter4/framework/system/CodeIgniter.php(326): CodeIgniter\CodeIgniter->handleRequest()
#3 /var/www/html/plataforma-contabilidad/public/index.php(37): CodeIgniter\CodeIgniter->run()
#4 {main}
CRITICAL - 2022-05-31 14:46:11 --> role filter must have a matching alias defined.
#0 /var/www/html/plataforma-contabilidad/vendor/codeigniter4/framework/system/Filters/Filters.php(340): CodeIgniter\Filters\Exceptions\FilterException::forNoAlias()
#1 /var/www/html/plataforma-contabilidad/vendor/codeigniter4/framework/system/CodeIgniter.php(384): CodeIgniter\Filters\Filters->enableFilter()
#2 /var/www/html/plataforma-contabilidad/vendor/codeigniter4/framework/system/CodeIgniter.php(326): CodeIgniter\CodeIgniter->handleRequest()
#3 /var/www/html/plataforma-contabilidad/public/index.php(37): CodeIgniter\CodeIgniter->run()
#4 {main}
CRITICAL - 2022-05-31 14:46:12 --> role filter must have a matching alias defined.
#0 /var/www/html/plataforma-contabilidad/vendor/codeigniter4/framework/system/Filters/Filters.php(340): CodeIgniter\Filters\Exceptions\FilterException::forNoAlias()
#1 /var/www/html/plataforma-contabilidad/vendor/codeigniter4/framework/system/CodeIgniter.php(384): CodeIgniter\Filters\Filters->enableFilter()
#2 /var/www/html/plataforma-contabilidad/vendor/codeigniter4/framework/system/CodeIgniter.php(326): CodeIgniter\CodeIgniter->handleRequest()
#3 /var/www/html/plataforma-contabilidad/public/index.php(37): CodeIgniter\CodeIgniter->run()
#4 {main}
CRITICAL - 2022-05-31 14:46:37 --> role filter must have a matching alias defined.
#0 /var/www/html/plataforma-contabilidad/vendor/codeigniter4/framework/system/Filters/Filters.php(340): CodeIgniter\Filters\Exceptions\FilterException::forNoAlias()
#1 /var/www/html/plataforma-contabilidad/vendor/codeigniter4/framework/system/CodeIgniter.php(384): CodeIgniter\Filters\Filters->enableFilter()
#2 /var/www/html/plataforma-contabilidad/vendor/codeigniter4/framework/system/CodeIgniter.php(326): CodeIgniter\CodeIgniter->handleRequest()
#3 /var/www/html/plataforma-contabilidad/public/index.php(37): CodeIgniter\CodeIgniter->run()
#4 {main}
CRITICAL - 2022-05-31 16:00:15 --> Cannot declare class App\Config\Auth, because the name is already in use
#0 [internal function]: CodeIgniter\Debug\Exceptions->shutdownHandler()
#1 {main}
CRITICAL - 2022-05-31 16:00:15 --> Cannot declare class App\Config\Auth, because the name is already in use
#0 [internal function]: CodeIgniter\Debug\Exceptions->shutdownHandler()
#1 {main}
CRITICAL - 2022-05-31 16:03:09 --> Cannot declare class App\Config\Auth, because the name is already in use
#0 [internal function]: CodeIgniter\Debug\Exceptions->shutdownHandler()
#1 {main}
CRITICAL - 2022-05-31 16:03:10 --> Cannot declare class App\Config\Auth, because the name is already in use
#0 [internal function]: CodeIgniter\Debug\Exceptions->shutdownHandler()
#1 {main}
CRITICAL - 2022-05-31 16:03:12 --> Cannot declare class App\Config\Auth, because the name is already in use
#0 [internal function]: CodeIgniter\Debug\Exceptions->shutdownHandler()
#1 {main}
CRITICAL - 2022-05-31 16:06:00 --> Cannot declare class App\Config\Auth, because the name is already in use
#0 [internal function]: CodeIgniter\Debug\Exceptions->shutdownHandler()
#1 {main}
CRITICAL - 2022-05-31 16:06:24 --> Cannot declare class App\Config\Auth, because the name is already in use
#0 [internal function]: CodeIgniter\Debug\Exceptions->shutdownHandler()
#1 {main}
CRITICAL - 2022-05-31 16:06:25 --> Cannot declare class App\Config\Auth, because the name is already in use
#0 [internal function]: CodeIgniter\Debug\Exceptions->shutdownHandler()
#1 {main}
CRITICAL - 2022-05-31 16:08:33 --> Cannot declare class App\Config\Auth, because the name is already in use
#0 [internal function]: CodeIgniter\Debug\Exceptions->shutdownHandler()
#1 {main}
CRITICAL - 2022-05-31 16:08:33 --> Cannot declare class App\Config\Auth, because the name is already in use
#0 [internal function]: CodeIgniter\Debug\Exceptions->shutdownHandler()
#1 {main}
CRITICAL - 2022-05-31 16:08:41 --> Cannot declare class App\Config\Auth, because the name is already in use
#0 [internal function]: CodeIgniter\Debug\Exceptions->shutdownHandler()
#1 {main}
CRITICAL - 2022-05-31 16:08:41 --> Cannot declare class App\Config\Auth, because the name is already in use
#0 [internal function]: CodeIgniter\Debug\Exceptions->shutdownHandler()
#1 {main}
CRITICAL - 2022-05-31 16:09:48 --> Cannot declare class App\Config\Auth, because the name is already in use
#0 [internal function]: CodeIgniter\Debug\Exceptions->shutdownHandler()
#1 {main}
CRITICAL - 2022-05-31 16:09:48 --> Cannot declare class App\Config\Auth, because the name is already in use
#0 [internal function]: CodeIgniter\Debug\Exceptions->shutdownHandler()
#1 {main}
CRITICAL - 2022-05-31 16:09:49 --> Cannot declare class App\Config\Auth, because the name is already in use
#0 [internal function]: CodeIgniter\Debug\Exceptions->shutdownHandler()
#1 {main}
CRITICAL - 2022-05-31 16:09:51 --> Cannot declare class App\Config\Auth, because the name is already in use
#0 [internal function]: CodeIgniter\Debug\Exceptions->shutdownHandler()
#1 {main}
CRITICAL - 2022-05-31 16:11:11 --> Cannot declare class App\Config\Auth, because the name is already in use
#0 [internal function]: CodeIgniter\Debug\Exceptions->shutdownHandler()
#1 {main}
CRITICAL - 2022-05-31 16:11:12 --> Cannot declare class App\Config\Auth, because the name is already in use
#0 [internal function]: CodeIgniter\Debug\Exceptions->shutdownHandler()
#1 {main}
CRITICAL - 2022-05-31 16:11:12 --> Cannot declare class App\Config\Auth, because the name is already in use
#0 [internal function]: CodeIgniter\Debug\Exceptions->shutdownHandler()
#1 {main}
CRITICAL - 2022-05-31 16:11:14 --> Cannot declare class App\Config\Auth, because the name is already in use
#0 [internal function]: CodeIgniter\Debug\Exceptions->shutdownHandler()
#1 {main}
CRITICAL - 2022-05-31 16:11:17 --> Cannot declare class App\Config\Auth, because the name is already in use
#0 [internal function]: CodeIgniter\Debug\Exceptions->shutdownHandler()
#1 {main}
CRITICAL - 2022-05-31 16:11:48 --> Cannot declare class App\Config\Auth, because the name is already in use
#0 [internal function]: CodeIgniter\Debug\Exceptions->shutdownHandler()
#1 {main}
CRITICAL - 2022-05-31 16:12:01 --> Cannot declare class App\Config\Auth, because the name is already in use
#0 [internal function]: CodeIgniter\Debug\Exceptions->shutdownHandler()
#1 {main}
CRITICAL - 2022-05-31 16:12:02 --> Cannot declare class App\Config\Auth, because the name is already in use
#0 [internal function]: CodeIgniter\Debug\Exceptions->shutdownHandler()
#1 {main}
CRITICAL - 2022-05-31 16:12:03 --> Cannot declare class App\Config\Auth, because the name is already in use
#0 [internal function]: CodeIgniter\Debug\Exceptions->shutdownHandler()
#1 {main}
CRITICAL - 2022-05-31 16:12:48 --> Cannot declare class App\Config\Auth, because the name is already in use
#0 [internal function]: CodeIgniter\Debug\Exceptions->shutdownHandler()
#1 {main}
CRITICAL - 2022-05-31 16:12:48 --> Cannot declare class App\Config\Auth, because the name is already in use
#0 [internal function]: CodeIgniter\Debug\Exceptions->shutdownHandler()
#1 {main}
CRITICAL - 2022-05-31 16:12:49 --> Cannot declare class App\Config\Auth, because the name is already in use
#0 [internal function]: CodeIgniter\Debug\Exceptions->shutdownHandler()
#1 {main}
CRITICAL - 2022-05-31 16:12:49 --> Cannot declare class App\Config\Auth, because the name is already in use
#0 [internal function]: CodeIgniter\Debug\Exceptions->shutdownHandler()
#1 {main}
CRITICAL - 2022-05-31 16:14:03 --> Cannot declare class App\Config\Auth, because the name is already in use
#0 [internal function]: CodeIgniter\Debug\Exceptions->shutdownHandler()
#1 {main}
CRITICAL - 2022-05-31 16:14:03 --> Cannot declare class App\Config\Auth, because the name is already in use
#0 [internal function]: CodeIgniter\Debug\Exceptions->shutdownHandler()
#1 {main}
CRITICAL - 2022-05-31 16:14:04 --> Cannot declare class App\Config\Auth, because the name is already in use
#0 [internal function]: CodeIgniter\Debug\Exceptions->shutdownHandler()
#1 {main}
CRITICAL - 2022-05-31 16:17:06 --> Cannot declare class App\Config\Auth, because the name is already in use
#0 [internal function]: CodeIgniter\Debug\Exceptions->shutdownHandler()
#1 {main}
CRITICAL - 2022-05-31 16:17:07 --> Cannot declare class App\Config\Auth, because the name is already in use
#0 [internal function]: CodeIgniter\Debug\Exceptions->shutdownHandler()
#1 {main}
CRITICAL - 2022-05-31 16:17:07 --> Cannot declare class App\Config\Auth, because the name is already in use
#0 [internal function]: CodeIgniter\Debug\Exceptions->shutdownHandler()
#1 {main}
CRITICAL - 2022-05-31 16:17:08 --> Cannot declare class App\Config\Auth, because the name is already in use
#0 [internal function]: CodeIgniter\Debug\Exceptions->shutdownHandler()
#1 {main}
CRITICAL - 2022-05-31 16:17:08 --> Cannot declare class App\Config\Auth, because the name is already in use
#0 [internal function]: CodeIgniter\Debug\Exceptions->shutdownHandler()
#1 {main}
CRITICAL - 2022-05-31 16:23:54 --> Cannot declare class App\Config\Auth, because the name is already in use
#0 [internal function]: CodeIgniter\Debug\Exceptions->shutdownHandler()
#1 {main}
CRITICAL - 2022-05-31 16:23:56 --> Cannot declare class App\Config\Auth, because the name is already in use
#0 [internal function]: CodeIgniter\Debug\Exceptions->shutdownHandler()
#1 {main}
CRITICAL - 2022-05-31 16:34:40 --> Cannot declare class App\Config\Auth, because the name is already in use
#0 [internal function]: CodeIgniter\Debug\Exceptions->shutdownHandler()
#1 {main}
CRITICAL - 2022-05-31 16:34:41 --> Cannot declare class App\Config\Auth, because the name is already in use
#0 [internal function]: CodeIgniter\Debug\Exceptions->shutdownHandler()
#1 {main}
CRITICAL - 2022-05-31 16:53:51 --> Cannot declare class App\Authentication\Auth, because the name is already in use
#0 [internal function]: CodeIgniter\Debug\Exceptions->shutdownHandler()
#1 {main}
CRITICAL - 2022-05-31 16:53:52 --> Cannot declare class App\Authentication\Auth, because the name is already in use
#0 [internal function]: CodeIgniter\Debug\Exceptions->shutdownHandler()
#1 {main}
CRITICAL - 2022-05-31 17:16:31 --> Invalid file: auth\login.php
#0 /var/www/html/plataforma-contabilidad/vendor/codeigniter4/framework/system/View/View.php(198): CodeIgniter\Exceptions\FrameworkException::forInvalidFile()
#1 /var/www/html/plataforma-contabilidad/vendor/codeigniter4/framework/system/Common.php(1089): CodeIgniter\View\View->render()
#2 /var/www/html/plataforma-contabilidad/app/Controllers/AuthController.php(452): view()
#3 /var/www/html/plataforma-contabilidad/app/Controllers/AuthController.php(181): App\Controllers\AuthController->_render()
#4 /var/www/html/plataforma-contabilidad/vendor/codeigniter4/framework/system/CodeIgniter.php(832): App\Controllers\AuthController->login()
#5 /var/www/html/plataforma-contabilidad/vendor/codeigniter4/framework/system/CodeIgniter.php(419): CodeIgniter\CodeIgniter->runController()
#6 /var/www/html/plataforma-contabilidad/vendor/codeigniter4/framework/system/CodeIgniter.php(326): CodeIgniter\CodeIgniter->handleRequest()
#7 /var/www/html/plataforma-contabilidad/public/index.php(37): CodeIgniter\CodeIgniter->run()
#8 {main}
CRITICAL - 2022-05-31 17:16:57 --> Invalid file: auth\login.php
#0 /var/www/html/plataforma-contabilidad/vendor/codeigniter4/framework/system/View/View.php(198): CodeIgniter\Exceptions\FrameworkException::forInvalidFile()
#1 /var/www/html/plataforma-contabilidad/vendor/codeigniter4/framework/system/Common.php(1089): CodeIgniter\View\View->render()
#2 /var/www/html/plataforma-contabilidad/app/Controllers/AuthController.php(452): view()
#3 /var/www/html/plataforma-contabilidad/app/Controllers/AuthController.php(181): App\Controllers\AuthController->_render()
#4 /var/www/html/plataforma-contabilidad/vendor/codeigniter4/framework/system/CodeIgniter.php(832): App\Controllers\AuthController->login()
#5 /var/www/html/plataforma-contabilidad/vendor/codeigniter4/framework/system/CodeIgniter.php(419): CodeIgniter\CodeIgniter->runController()
#6 /var/www/html/plataforma-contabilidad/vendor/codeigniter4/framework/system/CodeIgniter.php(326): CodeIgniter\CodeIgniter->handleRequest()
#7 /var/www/html/plataforma-contabilidad/public/index.php(37): CodeIgniter\CodeIgniter->run()
#8 {main}
CRITICAL - 2022-05-31 17:17:53 --> Invalid file: auth\login.php
#0 /var/www/html/plataforma-contabilidad/vendor/codeigniter4/framework/system/View/View.php(198): CodeIgniter\Exceptions\FrameworkException::forInvalidFile()
#1 /var/www/html/plataforma-contabilidad/vendor/codeigniter4/framework/system/Common.php(1089): CodeIgniter\View\View->render()
#2 /var/www/html/plataforma-contabilidad/app/Controllers/AuthController.php(452): view()
#3 /var/www/html/plataforma-contabilidad/app/Controllers/AuthController.php(181): App\Controllers\AuthController->_render()
#4 /var/www/html/plataforma-contabilidad/vendor/codeigniter4/framework/system/CodeIgniter.php(832): App\Controllers\AuthController->login()
#5 /var/www/html/plataforma-contabilidad/vendor/codeigniter4/framework/system/CodeIgniter.php(419): CodeIgniter\CodeIgniter->runController()
#6 /var/www/html/plataforma-contabilidad/vendor/codeigniter4/framework/system/CodeIgniter.php(326): CodeIgniter\CodeIgniter->handleRequest()
#7 /var/www/html/plataforma-contabilidad/public/index.php(37): CodeIgniter\CodeIgniter->run()
#8 {main}
CRITICAL - 2022-05-31 17:30:37 --> Invalid file: auth\login.php
#0 /var/www/html/plataforma-contabilidad/vendor/codeigniter4/framework/system/View/View.php(198): CodeIgniter\Exceptions\FrameworkException::forInvalidFile()
#1 /var/www/html/plataforma-contabilidad/vendor/codeigniter4/framework/system/Common.php(1089): CodeIgniter\View\View->render()
#2 /var/www/html/plataforma-contabilidad/app/Controllers/AuthController.php(452): view()
#3 /var/www/html/plataforma-contabilidad/app/Controllers/AuthController.php(181): App\Controllers\AuthController->_render()
#4 /var/www/html/plataforma-contabilidad/vendor/codeigniter4/framework/system/CodeIgniter.php(832): App\Controllers\AuthController->login()
#5 /var/www/html/plataforma-contabilidad/vendor/codeigniter4/framework/system/CodeIgniter.php(419): CodeIgniter\CodeIgniter->runController()
#6 /var/www/html/plataforma-contabilidad/vendor/codeigniter4/framework/system/CodeIgniter.php(326): CodeIgniter\CodeIgniter->handleRequest()
#7 /var/www/html/plataforma-contabilidad/public/index.php(37): CodeIgniter\CodeIgniter->run()
#8 {main}
CRITICAL - 2022-05-31 17:30:38 --> Invalid file: auth\login.php
#0 /var/www/html/plataforma-contabilidad/vendor/codeigniter4/framework/system/View/View.php(198): CodeIgniter\Exceptions\FrameworkException::forInvalidFile()
#1 /var/www/html/plataforma-contabilidad/vendor/codeigniter4/framework/system/Common.php(1089): CodeIgniter\View\View->render()
#2 /var/www/html/plataforma-contabilidad/app/Controllers/AuthController.php(452): view()
#3 /var/www/html/plataforma-contabilidad/app/Controllers/AuthController.php(181): App\Controllers\AuthController->_render()
#4 /var/www/html/plataforma-contabilidad/vendor/codeigniter4/framework/system/CodeIgniter.php(832): App\Controllers\AuthController->login()
#5 /var/www/html/plataforma-contabilidad/vendor/codeigniter4/framework/system/CodeIgniter.php(419): CodeIgniter\CodeIgniter->runController()
#6 /var/www/html/plataforma-contabilidad/vendor/codeigniter4/framework/system/CodeIgniter.php(326): CodeIgniter\CodeIgniter->handleRequest()
#7 /var/www/html/plataforma-contabilidad/public/index.php(37): CodeIgniter\CodeIgniter->run()
#8 {main}
CRITICAL - 2022-05-31 17:31:02 --> Invalid file: auth\login.php
#0 /var/www/html/plataforma-contabilidad/vendor/codeigniter4/framework/system/View/View.php(198): CodeIgniter\Exceptions\FrameworkException::forInvalidFile()
#1 /var/www/html/plataforma-contabilidad/vendor/codeigniter4/framework/system/Common.php(1089): CodeIgniter\View\View->render()
#2 /var/www/html/plataforma-contabilidad/app/Controllers/AuthController.php(452): view()
#3 /var/www/html/plataforma-contabilidad/app/Controllers/AuthController.php(181): App\Controllers\AuthController->_render()
#4 /var/www/html/plataforma-contabilidad/vendor/codeigniter4/framework/system/CodeIgniter.php(832): App\Controllers\AuthController->login()
#5 /var/www/html/plataforma-contabilidad/vendor/codeigniter4/framework/system/CodeIgniter.php(419): CodeIgniter\CodeIgniter->runController()
#6 /var/www/html/plataforma-contabilidad/vendor/codeigniter4/framework/system/CodeIgniter.php(326): CodeIgniter\CodeIgniter->handleRequest()
#7 /var/www/html/plataforma-contabilidad/public/index.php(37): CodeIgniter\CodeIgniter->run()
#8 {main}
CRITICAL - 2022-05-31 17:32:16 --> Invalid file: auth\login.php
#0 /var/www/html/plataforma-contabilidad/vendor/codeigniter4/framework/system/View/View.php(198): CodeIgniter\Exceptions\FrameworkException::forInvalidFile()
#1 /var/www/html/plataforma-contabilidad/vendor/codeigniter4/framework/system/Common.php(1089): CodeIgniter\View\View->render()
#2 /var/www/html/plataforma-contabilidad/app/Controllers/AuthController.php(452): view()
#3 /var/www/html/plataforma-contabilidad/app/Controllers/AuthController.php(181): App\Controllers\AuthController->_render()
#4 /var/www/html/plataforma-contabilidad/vendor/codeigniter4/framework/system/CodeIgniter.php(832): App\Controllers\AuthController->login()
#5 /var/www/html/plataforma-contabilidad/vendor/codeigniter4/framework/system/CodeIgniter.php(419): CodeIgniter\CodeIgniter->runController()
#6 /var/www/html/plataforma-contabilidad/vendor/codeigniter4/framework/system/CodeIgniter.php(326): CodeIgniter\CodeIgniter->handleRequest()
#7 /var/www/html/plataforma-contabilidad/public/index.php(37): CodeIgniter\CodeIgniter->run()
#8 {main}
CRITICAL - 2022-05-31 17:32:20 --> Invalid file: roles\list.php
#0 /var/www/html/plataforma-contabilidad/vendor/codeigniter4/framework/system/View/View.php(198): CodeIgniter\Exceptions\FrameworkException::forInvalidFile()
#1 /var/www/html/plataforma-contabilidad/vendor/codeigniter4/framework/system/Common.php(1089): CodeIgniter\View\View->render()
#2 /var/www/html/plataforma-contabilidad/app/Controllers/RoleController.php(212): view()
#3 /var/www/html/plataforma-contabilidad/app/Controllers/RoleController.php(85): App\Controllers\RoleController->_render()
#4 /var/www/html/plataforma-contabilidad/vendor/codeigniter4/framework/system/CodeIgniter.php(832): App\Controllers\RoleController->roles()
#5 /var/www/html/plataforma-contabilidad/vendor/codeigniter4/framework/system/CodeIgniter.php(419): CodeIgniter\CodeIgniter->runController()
#6 /var/www/html/plataforma-contabilidad/vendor/codeigniter4/framework/system/CodeIgniter.php(326): CodeIgniter\CodeIgniter->handleRequest()
#7 /var/www/html/plataforma-contabilidad/public/index.php(37): CodeIgniter\CodeIgniter->run()
#8 {main}
CRITICAL - 2022-05-31 17:34:04 --> Invalid file: auth\login.php
#0 /var/www/html/plataforma-contabilidad/vendor/codeigniter4/framework/system/View/View.php(198): CodeIgniter\Exceptions\FrameworkException::forInvalidFile()
#1 /var/www/html/plataforma-contabilidad/vendor/codeigniter4/framework/system/Common.php(1089): CodeIgniter\View\View->render()
#2 /var/www/html/plataforma-contabilidad/app/Controllers/AuthController.php(452): view()
#3 /var/www/html/plataforma-contabilidad/app/Controllers/AuthController.php(181): App\Controllers\AuthController->_render()
#4 /var/www/html/plataforma-contabilidad/vendor/codeigniter4/framework/system/CodeIgniter.php(832): App\Controllers\AuthController->login()
#5 /var/www/html/plataforma-contabilidad/vendor/codeigniter4/framework/system/CodeIgniter.php(419): CodeIgniter\CodeIgniter->runController()
#6 /var/www/html/plataforma-contabilidad/vendor/codeigniter4/framework/system/CodeIgniter.php(326): CodeIgniter\CodeIgniter->handleRequest()
#7 /var/www/html/plataforma-contabilidad/public/index.php(37): CodeIgniter\CodeIgniter->run()
#8 {main}
CRITICAL - 2022-05-31 17:35:05 --> Invalid file: _alert.php
#0 /var/www/html/plataforma-contabilidad/vendor/codeigniter4/framework/system/View/View.php(198): CodeIgniter\Exceptions\FrameworkException::forInvalidFile()
#1 /var/www/html/plataforma-contabilidad/vendor/codeigniter4/framework/system/Common.php(1089): CodeIgniter\View\View->render()
#2 /var/www/html/plataforma-contabilidad/app/Views/auth/login.php(38): view()
#3 /var/www/html/plataforma-contabilidad/vendor/codeigniter4/framework/system/View/View.php(210): include('/var/www/html/p...')
#4 /var/www/html/plataforma-contabilidad/vendor/codeigniter4/framework/system/View/View.php(213): CodeIgniter\View\View->CodeIgniter\View\{closure}()
#5 /var/www/html/plataforma-contabilidad/vendor/codeigniter4/framework/system/Common.php(1089): CodeIgniter\View\View->render()
#6 /var/www/html/plataforma-contabilidad/app/Controllers/AuthController.php(181): view()
#7 /var/www/html/plataforma-contabilidad/vendor/codeigniter4/framework/system/CodeIgniter.php(832): App\Controllers\AuthController->login()
#8 /var/www/html/plataforma-contabilidad/vendor/codeigniter4/framework/system/CodeIgniter.php(419): CodeIgniter\CodeIgniter->runController()
#9 /var/www/html/plataforma-contabilidad/vendor/codeigniter4/framework/system/CodeIgniter.php(326): CodeIgniter\CodeIgniter->handleRequest()
#10 /var/www/html/plataforma-contabilidad/public/index.php(37): CodeIgniter\CodeIgniter->run()
#11 {main}
CRITICAL - 2022-05-31 17:35:06 --> Invalid file: _alert.php
#0 /var/www/html/plataforma-contabilidad/vendor/codeigniter4/framework/system/View/View.php(198): CodeIgniter\Exceptions\FrameworkException::forInvalidFile()
#1 /var/www/html/plataforma-contabilidad/vendor/codeigniter4/framework/system/Common.php(1089): CodeIgniter\View\View->render()
#2 /var/www/html/plataforma-contabilidad/app/Views/auth/login.php(38): view()
#3 /var/www/html/plataforma-contabilidad/vendor/codeigniter4/framework/system/View/View.php(210): include('/var/www/html/p...')
#4 /var/www/html/plataforma-contabilidad/vendor/codeigniter4/framework/system/View/View.php(213): CodeIgniter\View\View->CodeIgniter\View\{closure}()
#5 /var/www/html/plataforma-contabilidad/vendor/codeigniter4/framework/system/Common.php(1089): CodeIgniter\View\View->render()
#6 /var/www/html/plataforma-contabilidad/app/Controllers/AuthController.php(181): view()
#7 /var/www/html/plataforma-contabilidad/vendor/codeigniter4/framework/system/CodeIgniter.php(832): App\Controllers\AuthController->login()
#8 /var/www/html/plataforma-contabilidad/vendor/codeigniter4/framework/system/CodeIgniter.php(419): CodeIgniter\CodeIgniter->runController()
#9 /var/www/html/plataforma-contabilidad/vendor/codeigniter4/framework/system/CodeIgniter.php(326): CodeIgniter\CodeIgniter->handleRequest()
#10 /var/www/html/plataforma-contabilidad/public/index.php(37): CodeIgniter\CodeIgniter->run()
#11 {main}
CRITICAL - 2022-05-31 17:35:53 --> Invalid file: _alert.php
#0 /var/www/html/plataforma-contabilidad/vendor/codeigniter4/framework/system/View/View.php(198): CodeIgniter\Exceptions\FrameworkException::forInvalidFile()
#1 /var/www/html/plataforma-contabilidad/vendor/codeigniter4/framework/system/Common.php(1089): CodeIgniter\View\View->render()
#2 /var/www/html/plataforma-contabilidad/app/Views/auth/login.php(38): view()
#3 /var/www/html/plataforma-contabilidad/vendor/codeigniter4/framework/system/View/View.php(210): include('/var/www/html/p...')
#4 /var/www/html/plataforma-contabilidad/vendor/codeigniter4/framework/system/View/View.php(213): CodeIgniter\View\View->CodeIgniter\View\{closure}()
#5 /var/www/html/plataforma-contabilidad/vendor/codeigniter4/framework/system/Common.php(1089): CodeIgniter\View\View->render()
#6 /var/www/html/plataforma-contabilidad/app/Controllers/AuthController.php(181): view()
#7 /var/www/html/plataforma-contabilidad/vendor/codeigniter4/framework/system/CodeIgniter.php(832): App\Controllers\AuthController->login()
#8 /var/www/html/plataforma-contabilidad/vendor/codeigniter4/framework/system/CodeIgniter.php(419): CodeIgniter\CodeIgniter->runController()
#9 /var/www/html/plataforma-contabilidad/vendor/codeigniter4/framework/system/CodeIgniter.php(326): CodeIgniter\CodeIgniter->handleRequest()
#10 /var/www/html/plataforma-contabilidad/public/index.php(37): CodeIgniter\CodeIgniter->run()
#11 {main}
CRITICAL - 2022-05-31 17:35:53 --> Invalid file: _alert.php
#0 /var/www/html/plataforma-contabilidad/vendor/codeigniter4/framework/system/View/View.php(198): CodeIgniter\Exceptions\FrameworkException::forInvalidFile()
#1 /var/www/html/plataforma-contabilidad/vendor/codeigniter4/framework/system/Common.php(1089): CodeIgniter\View\View->render()
#2 /var/www/html/plataforma-contabilidad/app/Views/auth/login.php(38): view()
#3 /var/www/html/plataforma-contabilidad/vendor/codeigniter4/framework/system/View/View.php(210): include('/var/www/html/p...')
#4 /var/www/html/plataforma-contabilidad/vendor/codeigniter4/framework/system/View/View.php(213): CodeIgniter\View\View->CodeIgniter\View\{closure}()
#5 /var/www/html/plataforma-contabilidad/vendor/codeigniter4/framework/system/Common.php(1089): CodeIgniter\View\View->render()
#6 /var/www/html/plataforma-contabilidad/app/Controllers/AuthController.php(181): view()
#7 /var/www/html/plataforma-contabilidad/vendor/codeigniter4/framework/system/CodeIgniter.php(832): App\Controllers\AuthController->login()
#8 /var/www/html/plataforma-contabilidad/vendor/codeigniter4/framework/system/CodeIgniter.php(419): CodeIgniter\CodeIgniter->runController()
#9 /var/www/html/plataforma-contabilidad/vendor/codeigniter4/framework/system/CodeIgniter.php(326): CodeIgniter\CodeIgniter->handleRequest()
#10 /var/www/html/plataforma-contabilidad/public/index.php(37): CodeIgniter\CodeIgniter->run()
#11 {main}
CRITICAL - 2022-05-31 17:35:54 --> Invalid file: _alert.php
#0 /var/www/html/plataforma-contabilidad/vendor/codeigniter4/framework/system/View/View.php(198): CodeIgniter\Exceptions\FrameworkException::forInvalidFile()
#1 /var/www/html/plataforma-contabilidad/vendor/codeigniter4/framework/system/Common.php(1089): CodeIgniter\View\View->render()
#2 /var/www/html/plataforma-contabilidad/app/Views/auth/login.php(38): view()
#3 /var/www/html/plataforma-contabilidad/vendor/codeigniter4/framework/system/View/View.php(210): include('/var/www/html/p...')
#4 /var/www/html/plataforma-contabilidad/vendor/codeigniter4/framework/system/View/View.php(213): CodeIgniter\View\View->CodeIgniter\View\{closure}()
#5 /var/www/html/plataforma-contabilidad/vendor/codeigniter4/framework/system/Common.php(1089): CodeIgniter\View\View->render()
#6 /var/www/html/plataforma-contabilidad/app/Controllers/AuthController.php(181): view()
#7 /var/www/html/plataforma-contabilidad/vendor/codeigniter4/framework/system/CodeIgniter.php(832): App\Controllers\AuthController->login()
#8 /var/www/html/plataforma-contabilidad/vendor/codeigniter4/framework/system/CodeIgniter.php(419): CodeIgniter\CodeIgniter->runController()
#9 /var/www/html/plataforma-contabilidad/vendor/codeigniter4/framework/system/CodeIgniter.php(326): CodeIgniter\CodeIgniter->handleRequest()
#10 /var/www/html/plataforma-contabilidad/public/index.php(37): CodeIgniter\CodeIgniter->run()
#11 {main}
CRITICAL - 2022-05-31 17:37:08 --> Invalid file: _alert.php
#0 /var/www/html/plataforma-contabilidad/vendor/codeigniter4/framework/system/View/View.php(198): CodeIgniter\Exceptions\FrameworkException::forInvalidFile()
#1 /var/www/html/plataforma-contabilidad/vendor/codeigniter4/framework/system/Common.php(1089): CodeIgniter\View\View->render()
#2 /var/www/html/plataforma-contabilidad/app/Views/auth/login.php(38): view()
#3 /var/www/html/plataforma-contabilidad/vendor/codeigniter4/framework/system/View/View.php(210): include('/var/www/html/p...')
#4 /var/www/html/plataforma-contabilidad/vendor/codeigniter4/framework/system/View/View.php(213): CodeIgniter\View\View->CodeIgniter\View\{closure}()
#5 /var/www/html/plataforma-contabilidad/vendor/codeigniter4/framework/system/Common.php(1089): CodeIgniter\View\View->render()
#6 /var/www/html/plataforma-contabilidad/app/Controllers/AuthController.php(181): view()
#7 /var/www/html/plataforma-contabilidad/vendor/codeigniter4/framework/system/CodeIgniter.php(832): App\Controllers\AuthController->login()
#8 /var/www/html/plataforma-contabilidad/vendor/codeigniter4/framework/system/CodeIgniter.php(419): CodeIgniter\CodeIgniter->runController()
#9 /var/www/html/plataforma-contabilidad/vendor/codeigniter4/framework/system/CodeIgniter.php(326): CodeIgniter\CodeIgniter->handleRequest()
#10 /var/www/html/plataforma-contabilidad/public/index.php(37): CodeIgniter\CodeIgniter->run()
#11 {main}
CRITICAL - 2022-05-31 17:37:11 --> Invalid file: _alert.php
#0 /var/www/html/plataforma-contabilidad/vendor/codeigniter4/framework/system/View/View.php(198): CodeIgniter\Exceptions\FrameworkException::forInvalidFile()
#1 /var/www/html/plataforma-contabilidad/vendor/codeigniter4/framework/system/Common.php(1089): CodeIgniter\View\View->render()
#2 /var/www/html/plataforma-contabilidad/app/Views/auth/login.php(38): view()
#3 /var/www/html/plataforma-contabilidad/vendor/codeigniter4/framework/system/View/View.php(210): include('/var/www/html/p...')
#4 /var/www/html/plataforma-contabilidad/vendor/codeigniter4/framework/system/View/View.php(213): CodeIgniter\View\View->CodeIgniter\View\{closure}()
#5 /var/www/html/plataforma-contabilidad/vendor/codeigniter4/framework/system/Common.php(1089): CodeIgniter\View\View->render()
#6 /var/www/html/plataforma-contabilidad/app/Controllers/AuthController.php(181): view()
#7 /var/www/html/plataforma-contabilidad/vendor/codeigniter4/framework/system/CodeIgniter.php(832): App\Controllers\AuthController->login()
#8 /var/www/html/plataforma-contabilidad/vendor/codeigniter4/framework/system/CodeIgniter.php(419): CodeIgniter\CodeIgniter->runController()
#9 /var/www/html/plataforma-contabilidad/vendor/codeigniter4/framework/system/CodeIgniter.php(326): CodeIgniter\CodeIgniter->handleRequest()
#10 /var/www/html/plataforma-contabilidad/public/index.php(37): CodeIgniter\CodeIgniter->run()
#11 {main}
CRITICAL - 2022-05-31 17:38:59 --> Undefined variable: config
#0 /var/www/html/plataforma-contabilidad/app/Views/auth/login.php(43): CodeIgniter\Debug\Exceptions->errorHandler()
#1 /var/www/html/plataforma-contabilidad/vendor/codeigniter4/framework/system/View/View.php(210): include('/var/www/html/p...')
#2 /var/www/html/plataforma-contabilidad/vendor/codeigniter4/framework/system/View/View.php(213): CodeIgniter\View\View->CodeIgniter\View\{closure}()
#3 /var/www/html/plataforma-contabilidad/vendor/codeigniter4/framework/system/Common.php(1089): CodeIgniter\View\View->render()
#4 /var/www/html/plataforma-contabilidad/app/Controllers/AuthController.php(181): view()
#5 /var/www/html/plataforma-contabilidad/vendor/codeigniter4/framework/system/CodeIgniter.php(832): App\Controllers\AuthController->login()
#6 /var/www/html/plataforma-contabilidad/vendor/codeigniter4/framework/system/CodeIgniter.php(419): CodeIgniter\CodeIgniter->runController()
#7 /var/www/html/plataforma-contabilidad/vendor/codeigniter4/framework/system/CodeIgniter.php(326): CodeIgniter\CodeIgniter->handleRequest()
#8 /var/www/html/plataforma-contabilidad/public/index.php(37): CodeIgniter\CodeIgniter->run()
#9 {main}
CRITICAL - 2022-05-31 17:43:50 --> Class 'App\Password' not found
#0 /var/www/html/plataforma-contabilidad/app/Authentication/LocalAuthenticator.php(24): App\Authentication\LocalAuthenticator->validate()
#1 /var/www/html/plataforma-contabilidad/app/Controllers/AuthController.php(212): App\Authentication\LocalAuthenticator->attempt()
#2 /var/www/html/plataforma-contabilidad/vendor/codeigniter4/framework/system/CodeIgniter.php(832): App\Controllers\AuthController->loginDo()
#3 /var/www/html/plataforma-contabilidad/vendor/codeigniter4/framework/system/CodeIgniter.php(419): CodeIgniter\CodeIgniter->runController()
#4 /var/www/html/plataforma-contabilidad/vendor/codeigniter4/framework/system/CodeIgniter.php(326): CodeIgniter\CodeIgniter->handleRequest()
#5 /var/www/html/plataforma-contabilidad/public/index.php(37): CodeIgniter\CodeIgniter->run()
#6 {main}
CRITICAL - 2022-05-31 17:44:29 --> Class 'App\Authtentication\Password' not found
#0 /var/www/html/plataforma-contabilidad/app/Authentication/LocalAuthenticator.php(24): App\Authentication\LocalAuthenticator->validate()
#1 /var/www/html/plataforma-contabilidad/app/Controllers/AuthController.php(212): App\Authentication\LocalAuthenticator->attempt()
#2 /var/www/html/plataforma-contabilidad/vendor/codeigniter4/framework/system/CodeIgniter.php(832): App\Controllers\AuthController->loginDo()
#3 /var/www/html/plataforma-contabilidad/vendor/codeigniter4/framework/system/CodeIgniter.php(419): CodeIgniter\CodeIgniter->runController()
#4 /var/www/html/plataforma-contabilidad/vendor/codeigniter4/framework/system/CodeIgniter.php(326): CodeIgniter\CodeIgniter->handleRequest()
#5 /var/www/html/plataforma-contabilidad/public/index.php(37): CodeIgniter\CodeIgniter->run()
#6 {main}
CRITICAL - 2022-05-31 17:45:48 --> Call to undefined method App\Models\User::isBanned
#0 /var/www/html/plataforma-contabilidad/app/Authentication/LocalAuthenticator.php(34): CodeIgniter\Model->__call()
#1 /var/www/html/plataforma-contabilidad/app/Controllers/AuthController.php(212): App\Authentication\LocalAuthenticator->attempt()
#2 /var/www/html/plataforma-contabilidad/vendor/codeigniter4/framework/system/CodeIgniter.php(832): App\Controllers\AuthController->loginDo()
#3 /var/www/html/plataforma-contabilidad/vendor/codeigniter4/framework/system/CodeIgniter.php(419): CodeIgniter\CodeIgniter->runController()
#4 /var/www/html/plataforma-contabilidad/vendor/codeigniter4/framework/system/CodeIgniter.php(326): CodeIgniter\CodeIgniter->handleRequest()
#5 /var/www/html/plataforma-contabilidad/public/index.php(37): CodeIgniter\CodeIgniter->run()
#6 {main}
CRITICAL - 2022-05-31 17:52:45 --> Call to undefined method App\Models\User::isBanned
#0 /var/www/html/plataforma-contabilidad/app/Authentication/LocalAuthenticator.php(34): CodeIgniter\Model->__call()
#1 /var/www/html/plataforma-contabilidad/app/Controllers/AuthController.php(212): App\Authentication\LocalAuthenticator->attempt()
#2 /var/www/html/plataforma-contabilidad/vendor/codeigniter4/framework/system/CodeIgniter.php(832): App\Controllers\AuthController->loginDo()
#3 /var/www/html/plataforma-contabilidad/vendor/codeigniter4/framework/system/CodeIgniter.php(419): CodeIgniter\CodeIgniter->runController()
#4 /var/www/html/plataforma-contabilidad/vendor/codeigniter4/framework/system/CodeIgniter.php(326): CodeIgniter\CodeIgniter->handleRequest()
#5 /var/www/html/plataforma-contabilidad/public/index.php(37): CodeIgniter\CodeIgniter->run()
#6 {main}
CRITICAL - 2022-05-31 17:52:53 --> Call to undefined method App\Models\User::isBanned
#0 /var/www/html/plataforma-contabilidad/app/Authentication/LocalAuthenticator.php(34): CodeIgniter\Model->__call()
#1 /var/www/html/plataforma-contabilidad/app/Controllers/AuthController.php(212): App\Authentication\LocalAuthenticator->attempt()
#2 /var/www/html/plataforma-contabilidad/vendor/codeigniter4/framework/system/CodeIgniter.php(832): App\Controllers\AuthController->loginDo()
#3 /var/www/html/plataforma-contabilidad/vendor/codeigniter4/framework/system/CodeIgniter.php(419): CodeIgniter\CodeIgniter->runController()
#4 /var/www/html/plataforma-contabilidad/vendor/codeigniter4/framework/system/CodeIgniter.php(326): CodeIgniter\CodeIgniter->handleRequest()
#5 /var/www/html/plataforma-contabilidad/public/index.php(37): CodeIgniter\CodeIgniter->run()
#6 {main}
CRITICAL - 2022-05-31 17:54:40 --> Call to undefined method App\Models\User::isBanned
#0 /var/www/html/plataforma-contabilidad/app/Authentication/LocalAuthenticator.php(34): CodeIgniter\Model->__call()
#1 /var/www/html/plataforma-contabilidad/app/Controllers/AuthController.php(212): App\Authentication\LocalAuthenticator->attempt()
#2 /var/www/html/plataforma-contabilidad/vendor/codeigniter4/framework/system/CodeIgniter.php(832): App\Controllers\AuthController->loginDo()
#3 /var/www/html/plataforma-contabilidad/vendor/codeigniter4/framework/system/CodeIgniter.php(419): CodeIgniter\CodeIgniter->runController()
#4 /var/www/html/plataforma-contabilidad/vendor/codeigniter4/framework/system/CodeIgniter.php(326): CodeIgniter\CodeIgniter->handleRequest()
#5 /var/www/html/plataforma-contabilidad/public/index.php(37): CodeIgniter\CodeIgniter->run()
#6 {main}
