CRITICAL - 2022-06-07 09:42:14 --> Argument 3 passed to CodeIgniter\Router\RouteCollection::get() must be of the type array or null, string given, called in C:\xampp\htdocs\plataforma-contabilidad\app\Config\Routes.php on line 39
#0 C:\xampp\htdocs\plataforma-contabilidad\app\Config\Routes.php(39): CodeIgniter\Router\RouteCollection->get('/', Array, 'LoginController...')
#1 C:\xampp\htdocs\plataforma-contabilidad\vendor\codeigniter4\framework\system\CodeIgniter.php(713): require('C:\\xampp\\htdocs...')
#2 C:\xampp\htdocs\plataforma-contabilidad\vendor\codeigniter4\framework\system\CodeIgniter.php(368): CodeIgniter\CodeIgniter->tryToRouteIt(Object(CodeIgniter\Router\RouteCollection))
#3 C:\xampp\htdocs\plataforma-contabilidad\vendor\codeigniter4\framework\system\CodeIgniter.php(326): CodeIgniter\CodeIgniter->handleRequest(NULL, Object(Config\Cache), false)
#4 C:\xampp\htdocs\plataforma-contabilidad\public\index.php(37): CodeIgniter\CodeIgniter->run()
#5 C:\xampp\htdocs\plataforma-contabilidad\vendor\codeigniter4\framework\system\Commands\Server\rewrite.php(43): require_once('C:\\xampp\\htdocs...')
#6 {main}
CRITICAL - 2022-06-07 14:23:01 --> syntax error, unexpected '}'
#0 C:\xampp\htdocs\plataforma-contabilidad\vendor\codeigniter4\framework\system\Autoloader\Autoloader.php(241): CodeIgniter\Autoloader\Autoloader->includeFile('C:\\xampp\\htdocs...')
#1 C:\xampp\htdocs\plataforma-contabilidad\vendor\codeigniter4\framework\system\Autoloader\Autoloader.php(219): CodeIgniter\Autoloader\Autoloader->loadInNamespace('App\\Controllers...')
#2 [internal function]: CodeIgniter\Autoloader\Autoloader->loadClass('App\\Controllers...')
#3 [internal function]: spl_autoload_call('App\\Controllers...')
#4 C:\xampp\htdocs\plataforma-contabilidad\vendor\codeigniter4\framework\system\CodeIgniter.php(797): class_exists('\\App\\Controller...', true)
#5 C:\xampp\htdocs\plataforma-contabilidad\vendor\codeigniter4\framework\system\CodeIgniter.php(406): CodeIgniter\CodeIgniter->startController()
#6 C:\xampp\htdocs\plataforma-contabilidad\vendor\codeigniter4\framework\system\CodeIgniter.php(326): CodeIgniter\CodeIgniter->handleRequest(NULL, Object(Config\Cache), false)
#7 C:\xampp\htdocs\plataforma-contabilidad\public\index.php(37): CodeIgniter\CodeIgniter->run()
#8 C:\xampp\htdocs\plataforma-contabilidad\vendor\codeigniter4\framework\system\Commands\Server\rewrite.php(43): require_once('C:\\xampp\\htdocs...')
#9 {main}
CRITICAL - 2022-06-07 14:49:54 --> syntax error, unexpected '}', expecting ';'
#0 C:\xampp\htdocs\plataforma-contabilidad\vendor\codeigniter4\framework\system\Autoloader\Autoloader.php(241): CodeIgniter\Autoloader\Autoloader->includeFile('C:\\xampp\\htdocs...')
#1 C:\xampp\htdocs\plataforma-contabilidad\vendor\codeigniter4\framework\system\Autoloader\Autoloader.php(219): CodeIgniter\Autoloader\Autoloader->loadInNamespace('App\\Controllers...')
#2 [internal function]: CodeIgniter\Autoloader\Autoloader->loadClass('App\\Controllers...')
#3 [internal function]: spl_autoload_call('App\\Controllers...')
#4 C:\xampp\htdocs\plataforma-contabilidad\vendor\codeigniter4\framework\system\CodeIgniter.php(797): class_exists('\\App\\Controller...', true)
#5 C:\xampp\htdocs\plataforma-contabilidad\vendor\codeigniter4\framework\system\CodeIgniter.php(406): CodeIgniter\CodeIgniter->startController()
#6 C:\xampp\htdocs\plataforma-contabilidad\vendor\codeigniter4\framework\system\CodeIgniter.php(326): CodeIgniter\CodeIgniter->handleRequest(NULL, Object(Config\Cache), false)
#7 C:\xampp\htdocs\plataforma-contabilidad\public\index.php(37): CodeIgniter\CodeIgniter->run()
#8 C:\xampp\htdocs\plataforma-contabilidad\vendor\codeigniter4\framework\system\Commands\Server\rewrite.php(43): require_once('C:\\xampp\\htdocs...')
#9 {main}
CRITICAL - 2022-06-07 14:51:29 --> Undefined variable: empresa
#0 C:\xampp\htdocs\plataforma-contabilidad\app\Views\empleado\nuevo.php(11): CodeIgniter\Debug\Exceptions->errorHandler(8, 'Undefined varia...', 'C:\\xampp\\htdocs...', 11, Array)
#1 C:\xampp\htdocs\plataforma-contabilidad\vendor\codeigniter4\framework\system\View\View.php(210): include('C:\\xampp\\htdocs...')
#2 C:\xampp\htdocs\plataforma-contabilidad\vendor\codeigniter4\framework\system\View\View.php(213): CodeIgniter\View\View->CodeIgniter\View\{closure}()
#3 C:\xampp\htdocs\plataforma-contabilidad\vendor\codeigniter4\framework\system\Common.php(1089): CodeIgniter\View\View->render('empleado/nuevo', Array, true)
#4 C:\xampp\htdocs\plataforma-contabilidad\app\Controllers\EmpleadoController.php(35): view('empleado/nuevo')
#5 C:\xampp\htdocs\plataforma-contabilidad\vendor\codeigniter4\framework\system\CodeIgniter.php(832): App\Controllers\EmpleadoController->create('$id')
#6 C:\xampp\htdocs\plataforma-contabilidad\vendor\codeigniter4\framework\system\CodeIgniter.php(419): CodeIgniter\CodeIgniter->runController(Object(App\Controllers\EmpleadoController))
#7 C:\xampp\htdocs\plataforma-contabilidad\vendor\codeigniter4\framework\system\CodeIgniter.php(326): CodeIgniter\CodeIgniter->handleRequest(NULL, Object(Config\Cache), false)
#8 C:\xampp\htdocs\plataforma-contabilidad\public\index.php(37): CodeIgniter\CodeIgniter->run()
#9 C:\xampp\htdocs\plataforma-contabilidad\vendor\codeigniter4\framework\system\Commands\Server\rewrite.php(43): require_once('C:\\xampp\\htdocs...')
#10 {main}
ERROR - 2022-06-07 14:53:46 --> ErrorException: pg_query(): Query failed: ERROR:  invalid input syntax for integer: &quot;$id&quot;
LINE 3: WHERE &quot;empresas&quot;.&quot;id&quot; = '$id'
                                ^ in C:\xampp\htdocs\plataforma-contabilidad\vendor\codeigniter4\framework\system\Database\Postgre\Connection.php:135
Stack trace:
#0 [internal function]: CodeIgniter\Debug\Exceptions->errorHandler(2, 'pg_query(): Que...', 'C:\\xampp\\htdocs...', 135, Array)
#1 C:\xampp\htdocs\plataforma-contabilidad\vendor\codeigniter4\framework\system\Database\Postgre\Connection.php(135): pg_query(Resource id #134, 'SELECT *\nFROM "...')
#2 C:\xampp\htdocs\plataforma-contabilidad\vendor\codeigniter4\framework\system\Database\BaseConnection.php(670): CodeIgniter\Database\Postgre\Connection->execute('SELECT *\nFROM "...')
#3 C:\xampp\htdocs\plataforma-contabilidad\vendor\codeigniter4\framework\system\Database\BaseConnection.php(598): CodeIgniter\Database\BaseConnection->simpleQuery('SELECT *\nFROM "...')
#4 C:\xampp\htdocs\plataforma-contabilidad\vendor\codeigniter4\framework\system\Database\BaseBuilder.php(1455): CodeIgniter\Database\BaseConnection->query('SELECT *\nFROM "...', Array, false)
#5 C:\xampp\htdocs\plataforma-contabilidad\vendor\codeigniter4\framework\system\Model.php(142): CodeIgniter\Database\BaseBuilder->get()
#6 C:\xampp\htdocs\plataforma-contabilidad\vendor\codeigniter4\framework\system\BaseModel.php(523): CodeIgniter\Model->doFind(true, '$id')
#7 C:\xampp\htdocs\plataforma-contabilidad\app\Controllers\EmpleadoController.php(36): CodeIgniter\BaseModel->find('$id')
#8 C:\xampp\htdocs\plataforma-contabilidad\vendor\codeigniter4\framework\system\CodeIgniter.php(832): App\Controllers\EmpleadoController->create('$id')
#9 C:\xampp\htdocs\plataforma-contabilidad\vendor\codeigniter4\framework\system\CodeIgniter.php(419): CodeIgniter\CodeIgniter->runController(Object(App\Controllers\EmpleadoController))
#10 C:\xampp\htdocs\plataforma-contabilidad\vendor\codeigniter4\framework\system\CodeIgniter.php(326): CodeIgniter\CodeIgniter->handleRequest(NULL, Object(Config\Cache), false)
#11 C:\xampp\htdocs\plataforma-contabilidad\public\index.php(37): CodeIgniter\CodeIgniter->run()
#12 C:\xampp\htdocs\plataforma-contabilidad\vendor\codeigniter4\framework\system\Commands\Server\rewrite.php(43): require_once('C:\\xampp\\htdocs...')
#13 {main}
CRITICAL - 2022-06-07 14:53:46 --> pg_query(): Query failed: ERROR:  invalid input syntax for integer: &quot;$id&quot;
LINE 3: WHERE &quot;empresas&quot;.&quot;id&quot; = '$id'
                                ^
#0 [internal function]: CodeIgniter\Debug\Exceptions->errorHandler(2, 'pg_query(): Que...', 'C:\\xampp\\htdocs...', 135, Array)
#1 C:\xampp\htdocs\plataforma-contabilidad\vendor\codeigniter4\framework\system\Database\Postgre\Connection.php(135): pg_query(Resource id #134, 'SELECT *\nFROM "...')
#2 C:\xampp\htdocs\plataforma-contabilidad\vendor\codeigniter4\framework\system\Database\BaseConnection.php(670): CodeIgniter\Database\Postgre\Connection->execute('SELECT *\nFROM "...')
#3 C:\xampp\htdocs\plataforma-contabilidad\vendor\codeigniter4\framework\system\Database\BaseConnection.php(598): CodeIgniter\Database\BaseConnection->simpleQuery('SELECT *\nFROM "...')
#4 C:\xampp\htdocs\plataforma-contabilidad\vendor\codeigniter4\framework\system\Database\BaseBuilder.php(1455): CodeIgniter\Database\BaseConnection->query('SELECT *\nFROM "...', Array, false)
#5 C:\xampp\htdocs\plataforma-contabilidad\vendor\codeigniter4\framework\system\Model.php(142): CodeIgniter\Database\BaseBuilder->get()
#6 C:\xampp\htdocs\plataforma-contabilidad\vendor\codeigniter4\framework\system\BaseModel.php(523): CodeIgniter\Model->doFind(true, '$id')
#7 C:\xampp\htdocs\plataforma-contabilidad\app\Controllers\EmpleadoController.php(36): CodeIgniter\BaseModel->find('$id')
#8 C:\xampp\htdocs\plataforma-contabilidad\vendor\codeigniter4\framework\system\CodeIgniter.php(832): App\Controllers\EmpleadoController->create('$id')
#9 C:\xampp\htdocs\plataforma-contabilidad\vendor\codeigniter4\framework\system\CodeIgniter.php(419): CodeIgniter\CodeIgniter->runController(Object(App\Controllers\EmpleadoController))
#10 C:\xampp\htdocs\plataforma-contabilidad\vendor\codeigniter4\framework\system\CodeIgniter.php(326): CodeIgniter\CodeIgniter->handleRequest(NULL, Object(Config\Cache), false)
#11 C:\xampp\htdocs\plataforma-contabilidad\public\index.php(37): CodeIgniter\CodeIgniter->run()
#12 C:\xampp\htdocs\plataforma-contabilidad\vendor\codeigniter4\framework\system\Commands\Server\rewrite.php(43): require_once('C:\\xampp\\htdocs...')
#13 {main}
CRITICAL - 2022-06-07 14:59:36 --> Undefined variable: empleado
#0 C:\xampp\htdocs\plataforma-contabilidad\app\Views\empleado\nuevo.php(650): CodeIgniter\Debug\Exceptions->errorHandler(8, 'Undefined varia...', 'C:\\xampp\\htdocs...', 650, Array)
#1 C:\xampp\htdocs\plataforma-contabilidad\vendor\codeigniter4\framework\system\View\View.php(210): include('C:\\xampp\\htdocs...')
#2 C:\xampp\htdocs\plataforma-contabilidad\vendor\codeigniter4\framework\system\View\View.php(213): CodeIgniter\View\View->CodeIgniter\View\{closure}()
#3 C:\xampp\htdocs\plataforma-contabilidad\vendor\codeigniter4\framework\system\Common.php(1089): CodeIgniter\View\View->render('empleado/nuevo', Array, true)
#4 C:\xampp\htdocs\plataforma-contabilidad\app\Controllers\EmpleadoController.php(37): view('empleado/nuevo', Array)
#5 C:\xampp\htdocs\plataforma-contabilidad\vendor\codeigniter4\framework\system\CodeIgniter.php(832): App\Controllers\EmpleadoController->create('1')
#6 C:\xampp\htdocs\plataforma-contabilidad\vendor\codeigniter4\framework\system\CodeIgniter.php(419): CodeIgniter\CodeIgniter->runController(Object(App\Controllers\EmpleadoController))
#7 C:\xampp\htdocs\plataforma-contabilidad\vendor\codeigniter4\framework\system\CodeIgniter.php(326): CodeIgniter\CodeIgniter->handleRequest(NULL, Object(Config\Cache), false)
#8 C:\xampp\htdocs\plataforma-contabilidad\public\index.php(37): CodeIgniter\CodeIgniter->run()
#9 C:\xampp\htdocs\plataforma-contabilidad\vendor\codeigniter4\framework\system\Commands\Server\rewrite.php(43): require_once('C:\\xampp\\htdocs...')
#10 {main}
CRITICAL - 2022-06-07 15:00:24 --> Undefined variable: empleado
#0 C:\xampp\htdocs\plataforma-contabilidad\app\Views\empleado\nuevo.php(650): CodeIgniter\Debug\Exceptions->errorHandler(8, 'Undefined varia...', 'C:\\xampp\\htdocs...', 650, Array)
#1 C:\xampp\htdocs\plataforma-contabilidad\vendor\codeigniter4\framework\system\View\View.php(210): include('C:\\xampp\\htdocs...')
#2 C:\xampp\htdocs\plataforma-contabilidad\vendor\codeigniter4\framework\system\View\View.php(213): CodeIgniter\View\View->CodeIgniter\View\{closure}()
#3 C:\xampp\htdocs\plataforma-contabilidad\vendor\codeigniter4\framework\system\Common.php(1089): CodeIgniter\View\View->render('empleado/nuevo', Array, true)
#4 C:\xampp\htdocs\plataforma-contabilidad\app\Controllers\EmpleadoController.php(37): view('empleado/nuevo', Array)
#5 C:\xampp\htdocs\plataforma-contabilidad\vendor\codeigniter4\framework\system\CodeIgniter.php(832): App\Controllers\EmpleadoController->create('1')
#6 C:\xampp\htdocs\plataforma-contabilidad\vendor\codeigniter4\framework\system\CodeIgniter.php(419): CodeIgniter\CodeIgniter->runController(Object(App\Controllers\EmpleadoController))
#7 C:\xampp\htdocs\plataforma-contabilidad\vendor\codeigniter4\framework\system\CodeIgniter.php(326): CodeIgniter\CodeIgniter->handleRequest(NULL, Object(Config\Cache), false)
#8 C:\xampp\htdocs\plataforma-contabilidad\public\index.php(37): CodeIgniter\CodeIgniter->run()
#9 C:\xampp\htdocs\plataforma-contabilidad\vendor\codeigniter4\framework\system\Commands\Server\rewrite.php(43): require_once('C:\\xampp\\htdocs...')
#10 {main}
CRITICAL - 2022-06-07 15:12:04 -->  is not a valid rule.
#0 C:\xampp\htdocs\plataforma-contabilidad\vendor\codeigniter4\framework\system\Validation\Validation.php(300): CodeIgniter\Validation\Exceptions\ValidationException::forRuleNotFound('')
#1 C:\xampp\htdocs\plataforma-contabilidad\vendor\codeigniter4\framework\system\Validation\Validation.php(157): CodeIgniter\Validation\Validation->processRules('rut', 'rut', '', Array, Array)
#2 C:\xampp\htdocs\plataforma-contabilidad\vendor\codeigniter4\framework\system\Controller.php(160): CodeIgniter\Validation\Validation->run()
#3 C:\xampp\htdocs\plataforma-contabilidad\app\Controllers\EmpleadoController.php(46): CodeIgniter\Controller->validate(Array)
#4 C:\xampp\htdocs\plataforma-contabilidad\vendor\codeigniter4\framework\system\CodeIgniter.php(832): App\Controllers\EmpleadoController->add()
#5 C:\xampp\htdocs\plataforma-contabilidad\vendor\codeigniter4\framework\system\CodeIgniter.php(419): CodeIgniter\CodeIgniter->runController(Object(App\Controllers\EmpleadoController))
#6 C:\xampp\htdocs\plataforma-contabilidad\vendor\codeigniter4\framework\system\CodeIgniter.php(326): CodeIgniter\CodeIgniter->handleRequest(NULL, Object(Config\Cache), false)
#7 C:\xampp\htdocs\plataforma-contabilidad\public\index.php(37): CodeIgniter\CodeIgniter->run()
#8 C:\xampp\htdocs\plataforma-contabilidad\vendor\codeigniter4\framework\system\Commands\Server\rewrite.php(43): require_once('C:\\xampp\\htdocs...')
#9 {main}
CRITICAL - 2022-06-07 15:12:13 --> 1111 is not a valid rule.
#0 C:\xampp\htdocs\plataforma-contabilidad\vendor\codeigniter4\framework\system\Validation\Validation.php(300): CodeIgniter\Validation\Exceptions\ValidationException::forRuleNotFound('1111')
#1 C:\xampp\htdocs\plataforma-contabilidad\vendor\codeigniter4\framework\system\Validation\Validation.php(157): CodeIgniter\Validation\Validation->processRules('rut', 'rut', '1111', Array, Array)
#2 C:\xampp\htdocs\plataforma-contabilidad\vendor\codeigniter4\framework\system\Controller.php(160): CodeIgniter\Validation\Validation->run()
#3 C:\xampp\htdocs\plataforma-contabilidad\app\Controllers\EmpleadoController.php(46): CodeIgniter\Controller->validate(Array)
#4 C:\xampp\htdocs\plataforma-contabilidad\vendor\codeigniter4\framework\system\CodeIgniter.php(832): App\Controllers\EmpleadoController->add()
#5 C:\xampp\htdocs\plataforma-contabilidad\vendor\codeigniter4\framework\system\CodeIgniter.php(419): CodeIgniter\CodeIgniter->runController(Object(App\Controllers\EmpleadoController))
#6 C:\xampp\htdocs\plataforma-contabilidad\vendor\codeigniter4\framework\system\CodeIgniter.php(326): CodeIgniter\CodeIgniter->handleRequest(NULL, Object(Config\Cache), false)
#7 C:\xampp\htdocs\plataforma-contabilidad\public\index.php(37): CodeIgniter\CodeIgniter->run()
#8 C:\xampp\htdocs\plataforma-contabilidad\vendor\codeigniter4\framework\system\Commands\Server\rewrite.php(43): require_once('C:\\xampp\\htdocs...')
#9 {main}
CRITICAL - 2022-06-07 15:12:29 --> 2222 is not a valid rule.
#0 C:\xampp\htdocs\plataforma-contabilidad\vendor\codeigniter4\framework\system\Validation\Validation.php(300): CodeIgniter\Validation\Exceptions\ValidationException::forRuleNotFound('2222')
#1 C:\xampp\htdocs\plataforma-contabilidad\vendor\codeigniter4\framework\system\Validation\Validation.php(157): CodeIgniter\Validation\Validation->processRules('rut', 'rut', '2222', Array, Array)
#2 C:\xampp\htdocs\plataforma-contabilidad\vendor\codeigniter4\framework\system\Controller.php(160): CodeIgniter\Validation\Validation->run()
#3 C:\xampp\htdocs\plataforma-contabilidad\app\Controllers\EmpleadoController.php(46): CodeIgniter\Controller->validate(Array)
#4 C:\xampp\htdocs\plataforma-contabilidad\vendor\codeigniter4\framework\system\CodeIgniter.php(832): App\Controllers\EmpleadoController->add()
#5 C:\xampp\htdocs\plataforma-contabilidad\vendor\codeigniter4\framework\system\CodeIgniter.php(419): CodeIgniter\CodeIgniter->runController(Object(App\Controllers\EmpleadoController))
#6 C:\xampp\htdocs\plataforma-contabilidad\vendor\codeigniter4\framework\system\CodeIgniter.php(326): CodeIgniter\CodeIgniter->handleRequest(NULL, Object(Config\Cache), false)
#7 C:\xampp\htdocs\plataforma-contabilidad\public\index.php(37): CodeIgniter\CodeIgniter->run()
#8 C:\xampp\htdocs\plataforma-contabilidad\vendor\codeigniter4\framework\system\Commands\Server\rewrite.php(43): require_once('C:\\xampp\\htdocs...')
#9 {main}
CRITICAL - 2022-06-07 15:53:13 --> Undefined variable: empresa
#0 C:\xampp\htdocs\plataforma-contabilidad\app\Views\empleado\nuevo.php(11): CodeIgniter\Debug\Exceptions->errorHandler(8, 'Undefined varia...', 'C:\\xampp\\htdocs...', 11, Array)
#1 C:\xampp\htdocs\plataforma-contabilidad\vendor\codeigniter4\framework\system\View\View.php(210): include('C:\\xampp\\htdocs...')
#2 C:\xampp\htdocs\plataforma-contabilidad\vendor\codeigniter4\framework\system\View\View.php(213): CodeIgniter\View\View->CodeIgniter\View\{closure}()
#3 C:\xampp\htdocs\plataforma-contabilidad\vendor\codeigniter4\framework\system\Common.php(1089): CodeIgniter\View\View->render('empleado/nuevo', Array, true)
#4 C:\xampp\htdocs\plataforma-contabilidad\app\Controllers\EmpleadoController.php(99): view('empleado/nuevo', Array)
#5 C:\xampp\htdocs\plataforma-contabilidad\vendor\codeigniter4\framework\system\CodeIgniter.php(832): App\Controllers\EmpleadoController->add()
#6 C:\xampp\htdocs\plataforma-contabilidad\vendor\codeigniter4\framework\system\CodeIgniter.php(419): CodeIgniter\CodeIgniter->runController(Object(App\Controllers\EmpleadoController))
#7 C:\xampp\htdocs\plataforma-contabilidad\vendor\codeigniter4\framework\system\CodeIgniter.php(326): CodeIgniter\CodeIgniter->handleRequest(NULL, Object(Config\Cache), false)
#8 C:\xampp\htdocs\plataforma-contabilidad\public\index.php(37): CodeIgniter\CodeIgniter->run()
#9 C:\xampp\htdocs\plataforma-contabilidad\vendor\codeigniter4\framework\system\Commands\Server\rewrite.php(43): require_once('C:\\xampp\\htdocs...')
#10 {main}
CRITICAL - 2022-06-07 16:04:52 --> Undefined variable: validation
#0 C:\xampp\htdocs\plataforma-contabilidad\app\Views\empleado\nuevo.php(12): CodeIgniter\Debug\Exceptions->errorHandler(8, 'Undefined varia...', 'C:\\xampp\\htdocs...', 12, Array)
#1 C:\xampp\htdocs\plataforma-contabilidad\vendor\codeigniter4\framework\system\View\View.php(210): include('C:\\xampp\\htdocs...')
#2 C:\xampp\htdocs\plataforma-contabilidad\vendor\codeigniter4\framework\system\View\View.php(213): CodeIgniter\View\View->CodeIgniter\View\{closure}()
#3 C:\xampp\htdocs\plataforma-contabilidad\vendor\codeigniter4\framework\system\Common.php(1089): CodeIgniter\View\View->render('empleado/nuevo', Array, true)
#4 C:\xampp\htdocs\plataforma-contabilidad\app\Controllers\EmpleadoController.php(37): view('empleado/nuevo', Array)
#5 C:\xampp\htdocs\plataforma-contabilidad\vendor\codeigniter4\framework\system\CodeIgniter.php(832): App\Controllers\EmpleadoController->create('1')
#6 C:\xampp\htdocs\plataforma-contabilidad\vendor\codeigniter4\framework\system\CodeIgniter.php(419): CodeIgniter\CodeIgniter->runController(Object(App\Controllers\EmpleadoController))
#7 C:\xampp\htdocs\plataforma-contabilidad\vendor\codeigniter4\framework\system\CodeIgniter.php(326): CodeIgniter\CodeIgniter->handleRequest(NULL, Object(Config\Cache), false)
#8 C:\xampp\htdocs\plataforma-contabilidad\public\index.php(37): CodeIgniter\CodeIgniter->run()
#9 C:\xampp\htdocs\plataforma-contabilidad\vendor\codeigniter4\framework\system\Commands\Server\rewrite.php(43): require_once('C:\\xampp\\htdocs...')
#10 {main}
CRITICAL - 2022-06-07 16:08:36 --> Undefined variable: validation
#0 C:\xampp\htdocs\plataforma-contabilidad\app\Views\empleado\nuevo.php(12): CodeIgniter\Debug\Exceptions->errorHandler(8, 'Undefined varia...', 'C:\\xampp\\htdocs...', 12, Array)
#1 C:\xampp\htdocs\plataforma-contabilidad\vendor\codeigniter4\framework\system\View\View.php(210): include('C:\\xampp\\htdocs...')
#2 C:\xampp\htdocs\plataforma-contabilidad\vendor\codeigniter4\framework\system\View\View.php(213): CodeIgniter\View\View->CodeIgniter\View\{closure}()
#3 C:\xampp\htdocs\plataforma-contabilidad\vendor\codeigniter4\framework\system\Common.php(1089): CodeIgniter\View\View->render('empleado/nuevo', Array, true)
#4 C:\xampp\htdocs\plataforma-contabilidad\app\Controllers\EmpleadoController.php(37): view('empleado/nuevo', Array)
#5 C:\xampp\htdocs\plataforma-contabilidad\vendor\codeigniter4\framework\system\CodeIgniter.php(832): App\Controllers\EmpleadoController->create('1')
#6 C:\xampp\htdocs\plataforma-contabilidad\vendor\codeigniter4\framework\system\CodeIgniter.php(419): CodeIgniter\CodeIgniter->runController(Object(App\Controllers\EmpleadoController))
#7 C:\xampp\htdocs\plataforma-contabilidad\vendor\codeigniter4\framework\system\CodeIgniter.php(326): CodeIgniter\CodeIgniter->handleRequest(NULL, Object(Config\Cache), false)
#8 C:\xampp\htdocs\plataforma-contabilidad\public\index.php(37): CodeIgniter\CodeIgniter->run()
#9 C:\xampp\htdocs\plataforma-contabilidad\vendor\codeigniter4\framework\system\Commands\Server\rewrite.php(43): require_once('C:\\xampp\\htdocs...')
#10 {main}
CRITICAL - 2022-06-07 16:08:46 --> Undefined variable: validation
#0 C:\xampp\htdocs\plataforma-contabilidad\app\Views\empleado\nuevo.php(12): CodeIgniter\Debug\Exceptions->errorHandler(8, 'Undefined varia...', 'C:\\xampp\\htdocs...', 12, Array)
#1 C:\xampp\htdocs\plataforma-contabilidad\vendor\codeigniter4\framework\system\View\View.php(210): include('C:\\xampp\\htdocs...')
#2 C:\xampp\htdocs\plataforma-contabilidad\vendor\codeigniter4\framework\system\View\View.php(213): CodeIgniter\View\View->CodeIgniter\View\{closure}()
#3 C:\xampp\htdocs\plataforma-contabilidad\vendor\codeigniter4\framework\system\Common.php(1089): CodeIgniter\View\View->render('empleado/nuevo', Array, true)
#4 C:\xampp\htdocs\plataforma-contabilidad\app\Controllers\EmpleadoController.php(37): view('empleado/nuevo', Array)
#5 C:\xampp\htdocs\plataforma-contabilidad\vendor\codeigniter4\framework\system\CodeIgniter.php(832): App\Controllers\EmpleadoController->create('1')
#6 C:\xampp\htdocs\plataforma-contabilidad\vendor\codeigniter4\framework\system\CodeIgniter.php(419): CodeIgniter\CodeIgniter->runController(Object(App\Controllers\EmpleadoController))
#7 C:\xampp\htdocs\plataforma-contabilidad\vendor\codeigniter4\framework\system\CodeIgniter.php(326): CodeIgniter\CodeIgniter->handleRequest(NULL, Object(Config\Cache), false)
#8 C:\xampp\htdocs\plataforma-contabilidad\public\index.php(37): CodeIgniter\CodeIgniter->run()
#9 C:\xampp\htdocs\plataforma-contabilidad\vendor\codeigniter4\framework\system\Commands\Server\rewrite.php(43): require_once('C:\\xampp\\htdocs...')
#10 {main}
CRITICAL - 2022-06-07 16:08:48 --> Undefined variable: validation
#0 C:\xampp\htdocs\plataforma-contabilidad\app\Views\empleado\nuevo.php(12): CodeIgniter\Debug\Exceptions->errorHandler(8, 'Undefined varia...', 'C:\\xampp\\htdocs...', 12, Array)
#1 C:\xampp\htdocs\plataforma-contabilidad\vendor\codeigniter4\framework\system\View\View.php(210): include('C:\\xampp\\htdocs...')
#2 C:\xampp\htdocs\plataforma-contabilidad\vendor\codeigniter4\framework\system\View\View.php(213): CodeIgniter\View\View->CodeIgniter\View\{closure}()
#3 C:\xampp\htdocs\plataforma-contabilidad\vendor\codeigniter4\framework\system\Common.php(1089): CodeIgniter\View\View->render('empleado/nuevo', Array, true)
#4 C:\xampp\htdocs\plataforma-contabilidad\app\Controllers\EmpleadoController.php(37): view('empleado/nuevo', Array)
#5 C:\xampp\htdocs\plataforma-contabilidad\vendor\codeigniter4\framework\system\CodeIgniter.php(832): App\Controllers\EmpleadoController->create('1')
#6 C:\xampp\htdocs\plataforma-contabilidad\vendor\codeigniter4\framework\system\CodeIgniter.php(419): CodeIgniter\CodeIgniter->runController(Object(App\Controllers\EmpleadoController))
#7 C:\xampp\htdocs\plataforma-contabilidad\vendor\codeigniter4\framework\system\CodeIgniter.php(326): CodeIgniter\CodeIgniter->handleRequest(NULL, Object(Config\Cache), false)
#8 C:\xampp\htdocs\plataforma-contabilidad\public\index.php(37): CodeIgniter\CodeIgniter->run()
#9 C:\xampp\htdocs\plataforma-contabilidad\vendor\codeigniter4\framework\system\Commands\Server\rewrite.php(43): require_once('C:\\xampp\\htdocs...')
#10 {main}
CRITICAL - 2022-06-07 17:05:13 --> Undefined variable: validation
#0 C:\xampp\htdocs\plataforma-contabilidad\app\Views\empleado\nuevo.php(12): CodeIgniter\Debug\Exceptions->errorHandler(8, 'Undefined varia...', 'C:\\xampp\\htdocs...', 12, Array)
#1 C:\xampp\htdocs\plataforma-contabilidad\vendor\codeigniter4\framework\system\View\View.php(210): include('C:\\xampp\\htdocs...')
#2 C:\xampp\htdocs\plataforma-contabilidad\vendor\codeigniter4\framework\system\View\View.php(213): CodeIgniter\View\View->CodeIgniter\View\{closure}()
#3 C:\xampp\htdocs\plataforma-contabilidad\vendor\codeigniter4\framework\system\Common.php(1089): CodeIgniter\View\View->render('empleado/nuevo', Array, true)
#4 C:\xampp\htdocs\plataforma-contabilidad\app\Controllers\EmpleadoController.php(37): view('empleado/nuevo', Array)
#5 C:\xampp\htdocs\plataforma-contabilidad\vendor\codeigniter4\framework\system\CodeIgniter.php(832): App\Controllers\EmpleadoController->create('1')
#6 C:\xampp\htdocs\plataforma-contabilidad\vendor\codeigniter4\framework\system\CodeIgniter.php(419): CodeIgniter\CodeIgniter->runController(Object(App\Controllers\EmpleadoController))
#7 C:\xampp\htdocs\plataforma-contabilidad\vendor\codeigniter4\framework\system\CodeIgniter.php(326): CodeIgniter\CodeIgniter->handleRequest(NULL, Object(Config\Cache), false)
#8 C:\xampp\htdocs\plataforma-contabilidad\public\index.php(37): CodeIgniter\CodeIgniter->run()
#9 C:\xampp\htdocs\plataforma-contabilidad\vendor\codeigniter4\framework\system\Commands\Server\rewrite.php(43): require_once('C:\\xampp\\htdocs...')
#10 {main}
CRITICAL - 2022-06-07 17:05:33 --> Undefined variable: validation
#0 C:\xampp\htdocs\plataforma-contabilidad\app\Views\empleado\nuevo.php(12): CodeIgniter\Debug\Exceptions->errorHandler(8, 'Undefined varia...', 'C:\\xampp\\htdocs...', 12, Array)
#1 C:\xampp\htdocs\plataforma-contabilidad\vendor\codeigniter4\framework\system\View\View.php(210): include('C:\\xampp\\htdocs...')
#2 C:\xampp\htdocs\plataforma-contabilidad\vendor\codeigniter4\framework\system\View\View.php(213): CodeIgniter\View\View->CodeIgniter\View\{closure}()
#3 C:\xampp\htdocs\plataforma-contabilidad\vendor\codeigniter4\framework\system\Common.php(1089): CodeIgniter\View\View->render('empleado/nuevo', Array, true)
#4 C:\xampp\htdocs\plataforma-contabilidad\app\Controllers\EmpleadoController.php(37): view('empleado/nuevo', Array)
#5 C:\xampp\htdocs\plataforma-contabilidad\vendor\codeigniter4\framework\system\CodeIgniter.php(832): App\Controllers\EmpleadoController->create('1')
#6 C:\xampp\htdocs\plataforma-contabilidad\vendor\codeigniter4\framework\system\CodeIgniter.php(419): CodeIgniter\CodeIgniter->runController(Object(App\Controllers\EmpleadoController))
#7 C:\xampp\htdocs\plataforma-contabilidad\vendor\codeigniter4\framework\system\CodeIgniter.php(326): CodeIgniter\CodeIgniter->handleRequest(NULL, Object(Config\Cache), false)
#8 C:\xampp\htdocs\plataforma-contabilidad\public\index.php(37): CodeIgniter\CodeIgniter->run()
#9 C:\xampp\htdocs\plataforma-contabilidad\vendor\codeigniter4\framework\system\Commands\Server\rewrite.php(43): require_once('C:\\xampp\\htdocs...')
#10 {main}
CRITICAL - 2022-06-07 17:05:35 --> Undefined variable: validation
#0 C:\xampp\htdocs\plataforma-contabilidad\app\Views\empleado\nuevo.php(12): CodeIgniter\Debug\Exceptions->errorHandler(8, 'Undefined varia...', 'C:\\xampp\\htdocs...', 12, Array)
#1 C:\xampp\htdocs\plataforma-contabilidad\vendor\codeigniter4\framework\system\View\View.php(210): include('C:\\xampp\\htdocs...')
#2 C:\xampp\htdocs\plataforma-contabilidad\vendor\codeigniter4\framework\system\View\View.php(213): CodeIgniter\View\View->CodeIgniter\View\{closure}()
#3 C:\xampp\htdocs\plataforma-contabilidad\vendor\codeigniter4\framework\system\Common.php(1089): CodeIgniter\View\View->render('empleado/nuevo', Array, true)
#4 C:\xampp\htdocs\plataforma-contabilidad\app\Controllers\EmpleadoController.php(37): view('empleado/nuevo', Array)
#5 C:\xampp\htdocs\plataforma-contabilidad\vendor\codeigniter4\framework\system\CodeIgniter.php(832): App\Controllers\EmpleadoController->create('1')
#6 C:\xampp\htdocs\plataforma-contabilidad\vendor\codeigniter4\framework\system\CodeIgniter.php(419): CodeIgniter\CodeIgniter->runController(Object(App\Controllers\EmpleadoController))
#7 C:\xampp\htdocs\plataforma-contabilidad\vendor\codeigniter4\framework\system\CodeIgniter.php(326): CodeIgniter\CodeIgniter->handleRequest(NULL, Object(Config\Cache), false)
#8 C:\xampp\htdocs\plataforma-contabilidad\public\index.php(37): CodeIgniter\CodeIgniter->run()
#9 C:\xampp\htdocs\plataforma-contabilidad\vendor\codeigniter4\framework\system\Commands\Server\rewrite.php(43): require_once('C:\\xampp\\htdocs...')
#10 {main}
CRITICAL - 2022-06-07 17:05:35 --> Undefined variable: validation
#0 C:\xampp\htdocs\plataforma-contabilidad\app\Views\empleado\nuevo.php(12): CodeIgniter\Debug\Exceptions->errorHandler(8, 'Undefined varia...', 'C:\\xampp\\htdocs...', 12, Array)
#1 C:\xampp\htdocs\plataforma-contabilidad\vendor\codeigniter4\framework\system\View\View.php(210): include('C:\\xampp\\htdocs...')
#2 C:\xampp\htdocs\plataforma-contabilidad\vendor\codeigniter4\framework\system\View\View.php(213): CodeIgniter\View\View->CodeIgniter\View\{closure}()
#3 C:\xampp\htdocs\plataforma-contabilidad\vendor\codeigniter4\framework\system\Common.php(1089): CodeIgniter\View\View->render('empleado/nuevo', Array, true)
#4 C:\xampp\htdocs\plataforma-contabilidad\app\Controllers\EmpleadoController.php(37): view('empleado/nuevo', Array)
#5 C:\xampp\htdocs\plataforma-contabilidad\vendor\codeigniter4\framework\system\CodeIgniter.php(832): App\Controllers\EmpleadoController->create('1')
#6 C:\xampp\htdocs\plataforma-contabilidad\vendor\codeigniter4\framework\system\CodeIgniter.php(419): CodeIgniter\CodeIgniter->runController(Object(App\Controllers\EmpleadoController))
#7 C:\xampp\htdocs\plataforma-contabilidad\vendor\codeigniter4\framework\system\CodeIgniter.php(326): CodeIgniter\CodeIgniter->handleRequest(NULL, Object(Config\Cache), false)
#8 C:\xampp\htdocs\plataforma-contabilidad\public\index.php(37): CodeIgniter\CodeIgniter->run()
#9 C:\xampp\htdocs\plataforma-contabilidad\vendor\codeigniter4\framework\system\Commands\Server\rewrite.php(43): require_once('C:\\xampp\\htdocs...')
#10 {main}
CRITICAL - 2022-06-07 17:05:36 --> Undefined variable: validation
#0 C:\xampp\htdocs\plataforma-contabilidad\app\Views\empleado\nuevo.php(12): CodeIgniter\Debug\Exceptions->errorHandler(8, 'Undefined varia...', 'C:\\xampp\\htdocs...', 12, Array)
#1 C:\xampp\htdocs\plataforma-contabilidad\vendor\codeigniter4\framework\system\View\View.php(210): include('C:\\xampp\\htdocs...')
#2 C:\xampp\htdocs\plataforma-contabilidad\vendor\codeigniter4\framework\system\View\View.php(213): CodeIgniter\View\View->CodeIgniter\View\{closure}()
#3 C:\xampp\htdocs\plataforma-contabilidad\vendor\codeigniter4\framework\system\Common.php(1089): CodeIgniter\View\View->render('empleado/nuevo', Array, true)
#4 C:\xampp\htdocs\plataforma-contabilidad\app\Controllers\EmpleadoController.php(37): view('empleado/nuevo', Array)
#5 C:\xampp\htdocs\plataforma-contabilidad\vendor\codeigniter4\framework\system\CodeIgniter.php(832): App\Controllers\EmpleadoController->create('1')
#6 C:\xampp\htdocs\plataforma-contabilidad\vendor\codeigniter4\framework\system\CodeIgniter.php(419): CodeIgniter\CodeIgniter->runController(Object(App\Controllers\EmpleadoController))
#7 C:\xampp\htdocs\plataforma-contabilidad\vendor\codeigniter4\framework\system\CodeIgniter.php(326): CodeIgniter\CodeIgniter->handleRequest(NULL, Object(Config\Cache), false)
#8 C:\xampp\htdocs\plataforma-contabilidad\public\index.php(37): CodeIgniter\CodeIgniter->run()
#9 C:\xampp\htdocs\plataforma-contabilidad\vendor\codeigniter4\framework\system\Commands\Server\rewrite.php(43): require_once('C:\\xampp\\htdocs...')
#10 {main}
CRITICAL - 2022-06-07 17:05:36 --> Undefined variable: validation
#0 C:\xampp\htdocs\plataforma-contabilidad\app\Views\empleado\nuevo.php(12): CodeIgniter\Debug\Exceptions->errorHandler(8, 'Undefined varia...', 'C:\\xampp\\htdocs...', 12, Array)
#1 C:\xampp\htdocs\plataforma-contabilidad\vendor\codeigniter4\framework\system\View\View.php(210): include('C:\\xampp\\htdocs...')
#2 C:\xampp\htdocs\plataforma-contabilidad\vendor\codeigniter4\framework\system\View\View.php(213): CodeIgniter\View\View->CodeIgniter\View\{closure}()
#3 C:\xampp\htdocs\plataforma-contabilidad\vendor\codeigniter4\framework\system\Common.php(1089): CodeIgniter\View\View->render('empleado/nuevo', Array, true)
#4 C:\xampp\htdocs\plataforma-contabilidad\app\Controllers\EmpleadoController.php(37): view('empleado/nuevo', Array)
#5 C:\xampp\htdocs\plataforma-contabilidad\vendor\codeigniter4\framework\system\CodeIgniter.php(832): App\Controllers\EmpleadoController->create('1')
#6 C:\xampp\htdocs\plataforma-contabilidad\vendor\codeigniter4\framework\system\CodeIgniter.php(419): CodeIgniter\CodeIgniter->runController(Object(App\Controllers\EmpleadoController))
#7 C:\xampp\htdocs\plataforma-contabilidad\vendor\codeigniter4\framework\system\CodeIgniter.php(326): CodeIgniter\CodeIgniter->handleRequest(NULL, Object(Config\Cache), false)
#8 C:\xampp\htdocs\plataforma-contabilidad\public\index.php(37): CodeIgniter\CodeIgniter->run()
#9 C:\xampp\htdocs\plataforma-contabilidad\vendor\codeigniter4\framework\system\Commands\Server\rewrite.php(43): require_once('C:\\xampp\\htdocs...')
#10 {main}
CRITICAL - 2022-06-07 17:05:36 --> Undefined variable: validation
#0 C:\xampp\htdocs\plataforma-contabilidad\app\Views\empleado\nuevo.php(12): CodeIgniter\Debug\Exceptions->errorHandler(8, 'Undefined varia...', 'C:\\xampp\\htdocs...', 12, Array)
#1 C:\xampp\htdocs\plataforma-contabilidad\vendor\codeigniter4\framework\system\View\View.php(210): include('C:\\xampp\\htdocs...')
#2 C:\xampp\htdocs\plataforma-contabilidad\vendor\codeigniter4\framework\system\View\View.php(213): CodeIgniter\View\View->CodeIgniter\View\{closure}()
#3 C:\xampp\htdocs\plataforma-contabilidad\vendor\codeigniter4\framework\system\Common.php(1089): CodeIgniter\View\View->render('empleado/nuevo', Array, true)
#4 C:\xampp\htdocs\plataforma-contabilidad\app\Controllers\EmpleadoController.php(37): view('empleado/nuevo', Array)
#5 C:\xampp\htdocs\plataforma-contabilidad\vendor\codeigniter4\framework\system\CodeIgniter.php(832): App\Controllers\EmpleadoController->create('1')
#6 C:\xampp\htdocs\plataforma-contabilidad\vendor\codeigniter4\framework\system\CodeIgniter.php(419): CodeIgniter\CodeIgniter->runController(Object(App\Controllers\EmpleadoController))
#7 C:\xampp\htdocs\plataforma-contabilidad\vendor\codeigniter4\framework\system\CodeIgniter.php(326): CodeIgniter\CodeIgniter->handleRequest(NULL, Object(Config\Cache), false)
#8 C:\xampp\htdocs\plataforma-contabilidad\public\index.php(37): CodeIgniter\CodeIgniter->run()
#9 C:\xampp\htdocs\plataforma-contabilidad\vendor\codeigniter4\framework\system\Commands\Server\rewrite.php(43): require_once('C:\\xampp\\htdocs...')
#10 {main}
CRITICAL - 2022-06-07 17:05:37 --> Undefined variable: validation
#0 C:\xampp\htdocs\plataforma-contabilidad\app\Views\empleado\nuevo.php(12): CodeIgniter\Debug\Exceptions->errorHandler(8, 'Undefined varia...', 'C:\\xampp\\htdocs...', 12, Array)
#1 C:\xampp\htdocs\plataforma-contabilidad\vendor\codeigniter4\framework\system\View\View.php(210): include('C:\\xampp\\htdocs...')
#2 C:\xampp\htdocs\plataforma-contabilidad\vendor\codeigniter4\framework\system\View\View.php(213): CodeIgniter\View\View->CodeIgniter\View\{closure}()
#3 C:\xampp\htdocs\plataforma-contabilidad\vendor\codeigniter4\framework\system\Common.php(1089): CodeIgniter\View\View->render('empleado/nuevo', Array, true)
#4 C:\xampp\htdocs\plataforma-contabilidad\app\Controllers\EmpleadoController.php(37): view('empleado/nuevo', Array)
#5 C:\xampp\htdocs\plataforma-contabilidad\vendor\codeigniter4\framework\system\CodeIgniter.php(832): App\Controllers\EmpleadoController->create('1')
#6 C:\xampp\htdocs\plataforma-contabilidad\vendor\codeigniter4\framework\system\CodeIgniter.php(419): CodeIgniter\CodeIgniter->runController(Object(App\Controllers\EmpleadoController))
#7 C:\xampp\htdocs\plataforma-contabilidad\vendor\codeigniter4\framework\system\CodeIgniter.php(326): CodeIgniter\CodeIgniter->handleRequest(NULL, Object(Config\Cache), false)
#8 C:\xampp\htdocs\plataforma-contabilidad\public\index.php(37): CodeIgniter\CodeIgniter->run()
#9 C:\xampp\htdocs\plataforma-contabilidad\vendor\codeigniter4\framework\system\Commands\Server\rewrite.php(43): require_once('C:\\xampp\\htdocs...')
#10 {main}
CRITICAL - 2022-06-07 17:05:37 --> Undefined variable: validation
#0 C:\xampp\htdocs\plataforma-contabilidad\app\Views\empleado\nuevo.php(12): CodeIgniter\Debug\Exceptions->errorHandler(8, 'Undefined varia...', 'C:\\xampp\\htdocs...', 12, Array)
#1 C:\xampp\htdocs\plataforma-contabilidad\vendor\codeigniter4\framework\system\View\View.php(210): include('C:\\xampp\\htdocs...')
#2 C:\xampp\htdocs\plataforma-contabilidad\vendor\codeigniter4\framework\system\View\View.php(213): CodeIgniter\View\View->CodeIgniter\View\{closure}()
#3 C:\xampp\htdocs\plataforma-contabilidad\vendor\codeigniter4\framework\system\Common.php(1089): CodeIgniter\View\View->render('empleado/nuevo', Array, true)
#4 C:\xampp\htdocs\plataforma-contabilidad\app\Controllers\EmpleadoController.php(37): view('empleado/nuevo', Array)
#5 C:\xampp\htdocs\plataforma-contabilidad\vendor\codeigniter4\framework\system\CodeIgniter.php(832): App\Controllers\EmpleadoController->create('1')
#6 C:\xampp\htdocs\plataforma-contabilidad\vendor\codeigniter4\framework\system\CodeIgniter.php(419): CodeIgniter\CodeIgniter->runController(Object(App\Controllers\EmpleadoController))
#7 C:\xampp\htdocs\plataforma-contabilidad\vendor\codeigniter4\framework\system\CodeIgniter.php(326): CodeIgniter\CodeIgniter->handleRequest(NULL, Object(Config\Cache), false)
#8 C:\xampp\htdocs\plataforma-contabilidad\public\index.php(37): CodeIgniter\CodeIgniter->run()
#9 C:\xampp\htdocs\plataforma-contabilidad\vendor\codeigniter4\framework\system\Commands\Server\rewrite.php(43): require_once('C:\\xampp\\htdocs...')
#10 {main}
CRITICAL - 2022-06-07 17:05:37 --> Undefined variable: validation
#0 C:\xampp\htdocs\plataforma-contabilidad\app\Views\empleado\nuevo.php(12): CodeIgniter\Debug\Exceptions->errorHandler(8, 'Undefined varia...', 'C:\\xampp\\htdocs...', 12, Array)
#1 C:\xampp\htdocs\plataforma-contabilidad\vendor\codeigniter4\framework\system\View\View.php(210): include('C:\\xampp\\htdocs...')
#2 C:\xampp\htdocs\plataforma-contabilidad\vendor\codeigniter4\framework\system\View\View.php(213): CodeIgniter\View\View->CodeIgniter\View\{closure}()
#3 C:\xampp\htdocs\plataforma-contabilidad\vendor\codeigniter4\framework\system\Common.php(1089): CodeIgniter\View\View->render('empleado/nuevo', Array, true)
#4 C:\xampp\htdocs\plataforma-contabilidad\app\Controllers\EmpleadoController.php(37): view('empleado/nuevo', Array)
#5 C:\xampp\htdocs\plataforma-contabilidad\vendor\codeigniter4\framework\system\CodeIgniter.php(832): App\Controllers\EmpleadoController->create('1')
#6 C:\xampp\htdocs\plataforma-contabilidad\vendor\codeigniter4\framework\system\CodeIgniter.php(419): CodeIgniter\CodeIgniter->runController(Object(App\Controllers\EmpleadoController))
#7 C:\xampp\htdocs\plataforma-contabilidad\vendor\codeigniter4\framework\system\CodeIgniter.php(326): CodeIgniter\CodeIgniter->handleRequest(NULL, Object(Config\Cache), false)
#8 C:\xampp\htdocs\plataforma-contabilidad\public\index.php(37): CodeIgniter\CodeIgniter->run()
#9 C:\xampp\htdocs\plataforma-contabilidad\vendor\codeigniter4\framework\system\Commands\Server\rewrite.php(43): require_once('C:\\xampp\\htdocs...')
#10 {main}
CRITICAL - 2022-06-07 17:05:37 --> Undefined variable: validation
#0 C:\xampp\htdocs\plataforma-contabilidad\app\Views\empleado\nuevo.php(12): CodeIgniter\Debug\Exceptions->errorHandler(8, 'Undefined varia...', 'C:\\xampp\\htdocs...', 12, Array)
#1 C:\xampp\htdocs\plataforma-contabilidad\vendor\codeigniter4\framework\system\View\View.php(210): include('C:\\xampp\\htdocs...')
#2 C:\xampp\htdocs\plataforma-contabilidad\vendor\codeigniter4\framework\system\View\View.php(213): CodeIgniter\View\View->CodeIgniter\View\{closure}()
#3 C:\xampp\htdocs\plataforma-contabilidad\vendor\codeigniter4\framework\system\Common.php(1089): CodeIgniter\View\View->render('empleado/nuevo', Array, true)
#4 C:\xampp\htdocs\plataforma-contabilidad\app\Controllers\EmpleadoController.php(37): view('empleado/nuevo', Array)
#5 C:\xampp\htdocs\plataforma-contabilidad\vendor\codeigniter4\framework\system\CodeIgniter.php(832): App\Controllers\EmpleadoController->create('1')
#6 C:\xampp\htdocs\plataforma-contabilidad\vendor\codeigniter4\framework\system\CodeIgniter.php(419): CodeIgniter\CodeIgniter->runController(Object(App\Controllers\EmpleadoController))
#7 C:\xampp\htdocs\plataforma-contabilidad\vendor\codeigniter4\framework\system\CodeIgniter.php(326): CodeIgniter\CodeIgniter->handleRequest(NULL, Object(Config\Cache), false)
#8 C:\xampp\htdocs\plataforma-contabilidad\public\index.php(37): CodeIgniter\CodeIgniter->run()
#9 C:\xampp\htdocs\plataforma-contabilidad\vendor\codeigniter4\framework\system\Commands\Server\rewrite.php(43): require_once('C:\\xampp\\htdocs...')
#10 {main}
CRITICAL - 2022-06-07 17:05:37 --> Undefined variable: validation
#0 C:\xampp\htdocs\plataforma-contabilidad\app\Views\empleado\nuevo.php(12): CodeIgniter\Debug\Exceptions->errorHandler(8, 'Undefined varia...', 'C:\\xampp\\htdocs...', 12, Array)
#1 C:\xampp\htdocs\plataforma-contabilidad\vendor\codeigniter4\framework\system\View\View.php(210): include('C:\\xampp\\htdocs...')
#2 C:\xampp\htdocs\plataforma-contabilidad\vendor\codeigniter4\framework\system\View\View.php(213): CodeIgniter\View\View->CodeIgniter\View\{closure}()
#3 C:\xampp\htdocs\plataforma-contabilidad\vendor\codeigniter4\framework\system\Common.php(1089): CodeIgniter\View\View->render('empleado/nuevo', Array, true)
#4 C:\xampp\htdocs\plataforma-contabilidad\app\Controllers\EmpleadoController.php(37): view('empleado/nuevo', Array)
#5 C:\xampp\htdocs\plataforma-contabilidad\vendor\codeigniter4\framework\system\CodeIgniter.php(832): App\Controllers\EmpleadoController->create('1')
#6 C:\xampp\htdocs\plataforma-contabilidad\vendor\codeigniter4\framework\system\CodeIgniter.php(419): CodeIgniter\CodeIgniter->runController(Object(App\Controllers\EmpleadoController))
#7 C:\xampp\htdocs\plataforma-contabilidad\vendor\codeigniter4\framework\system\CodeIgniter.php(326): CodeIgniter\CodeIgniter->handleRequest(NULL, Object(Config\Cache), false)
#8 C:\xampp\htdocs\plataforma-contabilidad\public\index.php(37): CodeIgniter\CodeIgniter->run()
#9 C:\xampp\htdocs\plataforma-contabilidad\vendor\codeigniter4\framework\system\Commands\Server\rewrite.php(43): require_once('C:\\xampp\\htdocs...')
#10 {main}
CRITICAL - 2022-06-07 17:05:37 --> Undefined variable: validation
#0 C:\xampp\htdocs\plataforma-contabilidad\app\Views\empleado\nuevo.php(12): CodeIgniter\Debug\Exceptions->errorHandler(8, 'Undefined varia...', 'C:\\xampp\\htdocs...', 12, Array)
#1 C:\xampp\htdocs\plataforma-contabilidad\vendor\codeigniter4\framework\system\View\View.php(210): include('C:\\xampp\\htdocs...')
#2 C:\xampp\htdocs\plataforma-contabilidad\vendor\codeigniter4\framework\system\View\View.php(213): CodeIgniter\View\View->CodeIgniter\View\{closure}()
#3 C:\xampp\htdocs\plataforma-contabilidad\vendor\codeigniter4\framework\system\Common.php(1089): CodeIgniter\View\View->render('empleado/nuevo', Array, true)
#4 C:\xampp\htdocs\plataforma-contabilidad\app\Controllers\EmpleadoController.php(37): view('empleado/nuevo', Array)
#5 C:\xampp\htdocs\plataforma-contabilidad\vendor\codeigniter4\framework\system\CodeIgniter.php(832): App\Controllers\EmpleadoController->create('1')
#6 C:\xampp\htdocs\plataforma-contabilidad\vendor\codeigniter4\framework\system\CodeIgniter.php(419): CodeIgniter\CodeIgniter->runController(Object(App\Controllers\EmpleadoController))
#7 C:\xampp\htdocs\plataforma-contabilidad\vendor\codeigniter4\framework\system\CodeIgniter.php(326): CodeIgniter\CodeIgniter->handleRequest(NULL, Object(Config\Cache), false)
#8 C:\xampp\htdocs\plataforma-contabilidad\public\index.php(37): CodeIgniter\CodeIgniter->run()
#9 C:\xampp\htdocs\plataforma-contabilidad\vendor\codeigniter4\framework\system\Commands\Server\rewrite.php(43): require_once('C:\\xampp\\htdocs...')
#10 {main}
CRITICAL - 2022-06-07 17:05:38 --> Undefined variable: validation
#0 C:\xampp\htdocs\plataforma-contabilidad\app\Views\empleado\nuevo.php(12): CodeIgniter\Debug\Exceptions->errorHandler(8, 'Undefined varia...', 'C:\\xampp\\htdocs...', 12, Array)
#1 C:\xampp\htdocs\plataforma-contabilidad\vendor\codeigniter4\framework\system\View\View.php(210): include('C:\\xampp\\htdocs...')
#2 C:\xampp\htdocs\plataforma-contabilidad\vendor\codeigniter4\framework\system\View\View.php(213): CodeIgniter\View\View->CodeIgniter\View\{closure}()
#3 C:\xampp\htdocs\plataforma-contabilidad\vendor\codeigniter4\framework\system\Common.php(1089): CodeIgniter\View\View->render('empleado/nuevo', Array, true)
#4 C:\xampp\htdocs\plataforma-contabilidad\app\Controllers\EmpleadoController.php(37): view('empleado/nuevo', Array)
#5 C:\xampp\htdocs\plataforma-contabilidad\vendor\codeigniter4\framework\system\CodeIgniter.php(832): App\Controllers\EmpleadoController->create('1')
#6 C:\xampp\htdocs\plataforma-contabilidad\vendor\codeigniter4\framework\system\CodeIgniter.php(419): CodeIgniter\CodeIgniter->runController(Object(App\Controllers\EmpleadoController))
#7 C:\xampp\htdocs\plataforma-contabilidad\vendor\codeigniter4\framework\system\CodeIgniter.php(326): CodeIgniter\CodeIgniter->handleRequest(NULL, Object(Config\Cache), false)
#8 C:\xampp\htdocs\plataforma-contabilidad\public\index.php(37): CodeIgniter\CodeIgniter->run()
#9 C:\xampp\htdocs\plataforma-contabilidad\vendor\codeigniter4\framework\system\Commands\Server\rewrite.php(43): require_once('C:\\xampp\\htdocs...')
#10 {main}
CRITICAL - 2022-06-07 17:05:48 --> empleado is not a valid rule.
#0 C:\xampp\htdocs\plataforma-contabilidad\vendor\codeigniter4\framework\system\Controller.php(148): CodeIgniter\Validation\Exceptions\ValidationException::forRuleNotFound('empleado')
#1 C:\xampp\htdocs\plataforma-contabilidad\app\Controllers\EmpleadoController.php(51): CodeIgniter\Controller->validate('empleado')
#2 C:\xampp\htdocs\plataforma-contabilidad\vendor\codeigniter4\framework\system\CodeIgniter.php(832): App\Controllers\EmpleadoController->add()
#3 C:\xampp\htdocs\plataforma-contabilidad\vendor\codeigniter4\framework\system\CodeIgniter.php(419): CodeIgniter\CodeIgniter->runController(Object(App\Controllers\EmpleadoController))
#4 C:\xampp\htdocs\plataforma-contabilidad\vendor\codeigniter4\framework\system\CodeIgniter.php(326): CodeIgniter\CodeIgniter->handleRequest(NULL, Object(Config\Cache), false)
#5 C:\xampp\htdocs\plataforma-contabilidad\public\index.php(37): CodeIgniter\CodeIgniter->run()
#6 C:\xampp\htdocs\plataforma-contabilidad\vendor\codeigniter4\framework\system\Commands\Server\rewrite.php(43): require_once('C:\\xampp\\htdocs...')
#7 {main}
CRITICAL - 2022-06-07 17:06:33 --> empleado is not a valid rule.
#0 C:\xampp\htdocs\plataforma-contabilidad\vendor\codeigniter4\framework\system\Controller.php(148): CodeIgniter\Validation\Exceptions\ValidationException::forRuleNotFound('empleado')
#1 C:\xampp\htdocs\plataforma-contabilidad\app\Controllers\EmpleadoController.php(51): CodeIgniter\Controller->validate('empleado')
#2 C:\xampp\htdocs\plataforma-contabilidad\vendor\codeigniter4\framework\system\CodeIgniter.php(832): App\Controllers\EmpleadoController->add()
#3 C:\xampp\htdocs\plataforma-contabilidad\vendor\codeigniter4\framework\system\CodeIgniter.php(419): CodeIgniter\CodeIgniter->runController(Object(App\Controllers\EmpleadoController))
#4 C:\xampp\htdocs\plataforma-contabilidad\vendor\codeigniter4\framework\system\CodeIgniter.php(326): CodeIgniter\CodeIgniter->handleRequest(NULL, Object(Config\Cache), false)
#5 C:\xampp\htdocs\plataforma-contabilidad\public\index.php(37): CodeIgniter\CodeIgniter->run()
#6 C:\xampp\htdocs\plataforma-contabilidad\vendor\codeigniter4\framework\system\Commands\Server\rewrite.php(43): require_once('C:\\xampp\\htdocs...')
#7 {main}
CRITICAL - 2022-06-07 17:06:38 --> empleado is not a valid rule.
#0 C:\xampp\htdocs\plataforma-contabilidad\vendor\codeigniter4\framework\system\Controller.php(148): CodeIgniter\Validation\Exceptions\ValidationException::forRuleNotFound('empleado')
#1 C:\xampp\htdocs\plataforma-contabilidad\app\Controllers\EmpleadoController.php(51): CodeIgniter\Controller->validate('empleado')
#2 C:\xampp\htdocs\plataforma-contabilidad\vendor\codeigniter4\framework\system\CodeIgniter.php(832): App\Controllers\EmpleadoController->add()
#3 C:\xampp\htdocs\plataforma-contabilidad\vendor\codeigniter4\framework\system\CodeIgniter.php(419): CodeIgniter\CodeIgniter->runController(Object(App\Controllers\EmpleadoController))
#4 C:\xampp\htdocs\plataforma-contabilidad\vendor\codeigniter4\framework\system\CodeIgniter.php(326): CodeIgniter\CodeIgniter->handleRequest(NULL, Object(Config\Cache), false)
#5 C:\xampp\htdocs\plataforma-contabilidad\public\index.php(37): CodeIgniter\CodeIgniter->run()
#6 C:\xampp\htdocs\plataforma-contabilidad\vendor\codeigniter4\framework\system\Commands\Server\rewrite.php(43): require_once('C:\\xampp\\htdocs...')
#7 {main}
CRITICAL - 2022-06-07 17:07:36 --> empleado is not a valid rule.
#0 C:\xampp\htdocs\plataforma-contabilidad\vendor\codeigniter4\framework\system\Controller.php(148): CodeIgniter\Validation\Exceptions\ValidationException::forRuleNotFound('empleado')
#1 C:\xampp\htdocs\plataforma-contabilidad\app\Controllers\EmpleadoController.php(51): CodeIgniter\Controller->validate('empleado')
#2 C:\xampp\htdocs\plataforma-contabilidad\vendor\codeigniter4\framework\system\CodeIgniter.php(832): App\Controllers\EmpleadoController->add()
#3 C:\xampp\htdocs\plataforma-contabilidad\vendor\codeigniter4\framework\system\CodeIgniter.php(419): CodeIgniter\CodeIgniter->runController(Object(App\Controllers\EmpleadoController))
#4 C:\xampp\htdocs\plataforma-contabilidad\vendor\codeigniter4\framework\system\CodeIgniter.php(326): CodeIgniter\CodeIgniter->handleRequest(NULL, Object(Config\Cache), false)
#5 C:\xampp\htdocs\plataforma-contabilidad\public\index.php(37): CodeIgniter\CodeIgniter->run()
#6 C:\xampp\htdocs\plataforma-contabilidad\vendor\codeigniter4\framework\system\Commands\Server\rewrite.php(43): require_once('C:\\xampp\\htdocs...')
#7 {main}
CRITICAL - 2022-06-07 17:12:41 --> empleado is not a valid rule.
#0 C:\xampp\htdocs\plataforma-contabilidad\vendor\codeigniter4\framework\system\Controller.php(148): CodeIgniter\Validation\Exceptions\ValidationException::forRuleNotFound('empleado')
#1 C:\xampp\htdocs\plataforma-contabilidad\app\Controllers\EmpleadoController.php(51): CodeIgniter\Controller->validate('empleado')
#2 C:\xampp\htdocs\plataforma-contabilidad\vendor\codeigniter4\framework\system\CodeIgniter.php(832): App\Controllers\EmpleadoController->add()
#3 C:\xampp\htdocs\plataforma-contabilidad\vendor\codeigniter4\framework\system\CodeIgniter.php(419): CodeIgniter\CodeIgniter->runController(Object(App\Controllers\EmpleadoController))
#4 C:\xampp\htdocs\plataforma-contabilidad\vendor\codeigniter4\framework\system\CodeIgniter.php(326): CodeIgniter\CodeIgniter->handleRequest(NULL, Object(Config\Cache), false)
#5 C:\xampp\htdocs\plataforma-contabilidad\public\index.php(37): CodeIgniter\CodeIgniter->run()
#6 C:\xampp\htdocs\plataforma-contabilidad\vendor\codeigniter4\framework\system\Commands\Server\rewrite.php(43): require_once('C:\\xampp\\htdocs...')
#7 {main}
CRITICAL - 2022-06-07 17:20:52 --> Undefined variable: validation
#0 C:\xampp\htdocs\plataforma-contabilidad\app\Views\empleado\nuevo.php(12): CodeIgniter\Debug\Exceptions->errorHandler(8, 'Undefined varia...', 'C:\\xampp\\htdocs...', 12, Array)
#1 C:\xampp\htdocs\plataforma-contabilidad\vendor\codeigniter4\framework\system\View\View.php(210): include('C:\\xampp\\htdocs...')
#2 C:\xampp\htdocs\plataforma-contabilidad\vendor\codeigniter4\framework\system\View\View.php(213): CodeIgniter\View\View->CodeIgniter\View\{closure}()
#3 C:\xampp\htdocs\plataforma-contabilidad\vendor\codeigniter4\framework\system\Common.php(1089): CodeIgniter\View\View->render('empleado/nuevo', Array, true)
#4 C:\xampp\htdocs\plataforma-contabilidad\app\Controllers\EmpleadoController.php(37): view('empleado/nuevo', Array)
#5 C:\xampp\htdocs\plataforma-contabilidad\vendor\codeigniter4\framework\system\CodeIgniter.php(832): App\Controllers\EmpleadoController->create('1')
#6 C:\xampp\htdocs\plataforma-contabilidad\vendor\codeigniter4\framework\system\CodeIgniter.php(419): CodeIgniter\CodeIgniter->runController(Object(App\Controllers\EmpleadoController))
#7 C:\xampp\htdocs\plataforma-contabilidad\vendor\codeigniter4\framework\system\CodeIgniter.php(326): CodeIgniter\CodeIgniter->handleRequest(NULL, Object(Config\Cache), false)
#8 C:\xampp\htdocs\plataforma-contabilidad\public\index.php(37): CodeIgniter\CodeIgniter->run()
#9 C:\xampp\htdocs\plataforma-contabilidad\vendor\codeigniter4\framework\system\Commands\Server\rewrite.php(43): require_once('C:\\xampp\\htdocs...')
#10 {main}
CRITICAL - 2022-06-07 17:25:50 --> Undefined variable: validation
#0 C:\xampp\htdocs\plataforma-contabilidad\app\Views\empleado\nuevo.php(12): CodeIgniter\Debug\Exceptions->errorHandler(8, 'Undefined varia...', 'C:\\xampp\\htdocs...', 12, Array)
#1 C:\xampp\htdocs\plataforma-contabilidad\vendor\codeigniter4\framework\system\View\View.php(210): include('C:\\xampp\\htdocs...')
#2 C:\xampp\htdocs\plataforma-contabilidad\vendor\codeigniter4\framework\system\View\View.php(213): CodeIgniter\View\View->CodeIgniter\View\{closure}()
#3 C:\xampp\htdocs\plataforma-contabilidad\vendor\codeigniter4\framework\system\Common.php(1089): CodeIgniter\View\View->render('empleado/nuevo', Array, true)
#4 C:\xampp\htdocs\plataforma-contabilidad\app\Controllers\EmpleadoController.php(37): view('empleado/nuevo', Array)
#5 C:\xampp\htdocs\plataforma-contabilidad\vendor\codeigniter4\framework\system\CodeIgniter.php(832): App\Controllers\EmpleadoController->create('1')
#6 C:\xampp\htdocs\plataforma-contabilidad\vendor\codeigniter4\framework\system\CodeIgniter.php(419): CodeIgniter\CodeIgniter->runController(Object(App\Controllers\EmpleadoController))
#7 C:\xampp\htdocs\plataforma-contabilidad\vendor\codeigniter4\framework\system\CodeIgniter.php(326): CodeIgniter\CodeIgniter->handleRequest(NULL, Object(Config\Cache), false)
#8 C:\xampp\htdocs\plataforma-contabilidad\public\index.php(37): CodeIgniter\CodeIgniter->run()
#9 C:\xampp\htdocs\plataforma-contabilidad\vendor\codeigniter4\framework\system\Commands\Server\rewrite.php(43): require_once('C:\\xampp\\htdocs...')
#10 {main}
CRITICAL - 2022-06-07 17:41:28 --> syntax error, unexpected '<', expecting end of file
#0 C:\xampp\htdocs\plataforma-contabilidad\vendor\codeigniter4\framework\system\View\View.php(213): CodeIgniter\View\View->CodeIgniter\View\{closure}()
#1 C:\xampp\htdocs\plataforma-contabilidad\vendor\codeigniter4\framework\system\Common.php(1089): CodeIgniter\View\View->render('empleado/nuevo', Array, true)
#2 C:\xampp\htdocs\plataforma-contabilidad\app\Controllers\EmpleadoController.php(37): view('empleado/nuevo', Array)
#3 C:\xampp\htdocs\plataforma-contabilidad\vendor\codeigniter4\framework\system\CodeIgniter.php(832): App\Controllers\EmpleadoController->create('1')
#4 C:\xampp\htdocs\plataforma-contabilidad\vendor\codeigniter4\framework\system\CodeIgniter.php(419): CodeIgniter\CodeIgniter->runController(Object(App\Controllers\EmpleadoController))
#5 C:\xampp\htdocs\plataforma-contabilidad\vendor\codeigniter4\framework\system\CodeIgniter.php(326): CodeIgniter\CodeIgniter->handleRequest(NULL, Object(Config\Cache), false)
#6 C:\xampp\htdocs\plataforma-contabilidad\public\index.php(37): CodeIgniter\CodeIgniter->run()
#7 C:\xampp\htdocs\plataforma-contabilidad\vendor\codeigniter4\framework\system\Commands\Server\rewrite.php(43): require_once('C:\\xampp\\htdocs...')
#8 {main}
CRITICAL - 2022-06-07 17:42:04 --> Undefined variable: empleadoModel
#0 C:\xampp\htdocs\plataforma-contabilidad\app\Controllers\EmpleadoController.php(105): CodeIgniter\Debug\Exceptions->errorHandler(8, 'Undefined varia...', 'C:\\xampp\\htdocs...', 105, Array)
#1 C:\xampp\htdocs\plataforma-contabilidad\vendor\codeigniter4\framework\system\CodeIgniter.php(832): App\Controllers\EmpleadoController->add()
#2 C:\xampp\htdocs\plataforma-contabilidad\vendor\codeigniter4\framework\system\CodeIgniter.php(419): CodeIgniter\CodeIgniter->runController(Object(App\Controllers\EmpleadoController))
#3 C:\xampp\htdocs\plataforma-contabilidad\vendor\codeigniter4\framework\system\CodeIgniter.php(326): CodeIgniter\CodeIgniter->handleRequest(NULL, Object(Config\Cache), false)
#4 C:\xampp\htdocs\plataforma-contabilidad\public\index.php(37): CodeIgniter\CodeIgniter->run()
#5 C:\xampp\htdocs\plataforma-contabilidad\vendor\codeigniter4\framework\system\Commands\Server\rewrite.php(43): require_once('C:\\xampp\\htdocs...')
#6 {main}
CRITICAL - 2022-06-07 17:42:49 --> Undefined variable: empresa
#0 C:\xampp\htdocs\plataforma-contabilidad\app\Views\empleado\nuevo.php(11): CodeIgniter\Debug\Exceptions->errorHandler(8, 'Undefined varia...', 'C:\\xampp\\htdocs...', 11, Array)
#1 C:\xampp\htdocs\plataforma-contabilidad\vendor\codeigniter4\framework\system\View\View.php(210): include('C:\\xampp\\htdocs...')
#2 C:\xampp\htdocs\plataforma-contabilidad\vendor\codeigniter4\framework\system\View\View.php(213): CodeIgniter\View\View->CodeIgniter\View\{closure}()
#3 C:\xampp\htdocs\plataforma-contabilidad\vendor\codeigniter4\framework\system\Common.php(1089): CodeIgniter\View\View->render('empleado/nuevo', Array, true)
#4 C:\xampp\htdocs\plataforma-contabilidad\app\Controllers\EmpleadoController.php(108): view('empleado/nuevo', Array)
#5 C:\xampp\htdocs\plataforma-contabilidad\vendor\codeigniter4\framework\system\CodeIgniter.php(832): App\Controllers\EmpleadoController->add()
#6 C:\xampp\htdocs\plataforma-contabilidad\vendor\codeigniter4\framework\system\CodeIgniter.php(419): CodeIgniter\CodeIgniter->runController(Object(App\Controllers\EmpleadoController))
#7 C:\xampp\htdocs\plataforma-contabilidad\vendor\codeigniter4\framework\system\CodeIgniter.php(326): CodeIgniter\CodeIgniter->handleRequest(NULL, Object(Config\Cache), false)
#8 C:\xampp\htdocs\plataforma-contabilidad\public\index.php(37): CodeIgniter\CodeIgniter->run()
#9 C:\xampp\htdocs\plataforma-contabilidad\vendor\codeigniter4\framework\system\Commands\Server\rewrite.php(43): require_once('C:\\xampp\\htdocs...')
#10 {main}
CRITICAL - 2022-06-07 17:44:11 --> Undefined variable: empresa
#0 C:\xampp\htdocs\plataforma-contabilidad\app\Views\empleado\nuevo.php(11): CodeIgniter\Debug\Exceptions->errorHandler(8, 'Undefined varia...', 'C:\\xampp\\htdocs...', 11, Array)
#1 C:\xampp\htdocs\plataforma-contabilidad\vendor\codeigniter4\framework\system\View\View.php(210): include('C:\\xampp\\htdocs...')
#2 C:\xampp\htdocs\plataforma-contabilidad\vendor\codeigniter4\framework\system\View\View.php(213): CodeIgniter\View\View->CodeIgniter\View\{closure}()
#3 C:\xampp\htdocs\plataforma-contabilidad\vendor\codeigniter4\framework\system\Common.php(1089): CodeIgniter\View\View->render('empleado/nuevo', Array, true)
#4 C:\xampp\htdocs\plataforma-contabilidad\app\Controllers\EmpleadoController.php(109): view('empleado/nuevo', Array)
#5 C:\xampp\htdocs\plataforma-contabilidad\vendor\codeigniter4\framework\system\CodeIgniter.php(832): App\Controllers\EmpleadoController->add()
#6 C:\xampp\htdocs\plataforma-contabilidad\vendor\codeigniter4\framework\system\CodeIgniter.php(419): CodeIgniter\CodeIgniter->runController(Object(App\Controllers\EmpleadoController))
#7 C:\xampp\htdocs\plataforma-contabilidad\vendor\codeigniter4\framework\system\CodeIgniter.php(326): CodeIgniter\CodeIgniter->handleRequest(NULL, Object(Config\Cache), false)
#8 C:\xampp\htdocs\plataforma-contabilidad\public\index.php(37): CodeIgniter\CodeIgniter->run()
#9 C:\xampp\htdocs\plataforma-contabilidad\vendor\codeigniter4\framework\system\Commands\Server\rewrite.php(43): require_once('C:\\xampp\\htdocs...')
#10 {main}
CRITICAL - 2022-06-07 17:45:58 --> Undefined variable: empresa
#0 C:\xampp\htdocs\plataforma-contabilidad\app\Views\empleado\nuevo.php(11): CodeIgniter\Debug\Exceptions->errorHandler(8, 'Undefined varia...', 'C:\\xampp\\htdocs...', 11, Array)
#1 C:\xampp\htdocs\plataforma-contabilidad\vendor\codeigniter4\framework\system\View\View.php(210): include('C:\\xampp\\htdocs...')
#2 C:\xampp\htdocs\plataforma-contabilidad\vendor\codeigniter4\framework\system\View\View.php(213): CodeIgniter\View\View->CodeIgniter\View\{closure}()
#3 C:\xampp\htdocs\plataforma-contabilidad\vendor\codeigniter4\framework\system\Common.php(1089): CodeIgniter\View\View->render('empleado/nuevo', Array, true)
#4 C:\xampp\htdocs\plataforma-contabilidad\app\Controllers\EmpleadoController.php(109): view('empleado/nuevo', Array)
#5 C:\xampp\htdocs\plataforma-contabilidad\vendor\codeigniter4\framework\system\CodeIgniter.php(832): App\Controllers\EmpleadoController->add()
#6 C:\xampp\htdocs\plataforma-contabilidad\vendor\codeigniter4\framework\system\CodeIgniter.php(419): CodeIgniter\CodeIgniter->runController(Object(App\Controllers\EmpleadoController))
#7 C:\xampp\htdocs\plataforma-contabilidad\vendor\codeigniter4\framework\system\CodeIgniter.php(326): CodeIgniter\CodeIgniter->handleRequest(NULL, Object(Config\Cache), false)
#8 C:\xampp\htdocs\plataforma-contabilidad\public\index.php(37): CodeIgniter\CodeIgniter->run()
#9 C:\xampp\htdocs\plataforma-contabilidad\vendor\codeigniter4\framework\system\Commands\Server\rewrite.php(43): require_once('C:\\xampp\\htdocs...')
#10 {main}
CRITICAL - 2022-06-07 17:46:11 --> Undefined variable: empresa
#0 C:\xampp\htdocs\plataforma-contabilidad\app\Views\empleado\nuevo.php(11): CodeIgniter\Debug\Exceptions->errorHandler(8, 'Undefined varia...', 'C:\\xampp\\htdocs...', 11, Array)
#1 C:\xampp\htdocs\plataforma-contabilidad\vendor\codeigniter4\framework\system\View\View.php(210): include('C:\\xampp\\htdocs...')
#2 C:\xampp\htdocs\plataforma-contabilidad\vendor\codeigniter4\framework\system\View\View.php(213): CodeIgniter\View\View->CodeIgniter\View\{closure}()
#3 C:\xampp\htdocs\plataforma-contabilidad\vendor\codeigniter4\framework\system\Common.php(1089): CodeIgniter\View\View->render('empleado/nuevo', Array, true)
#4 C:\xampp\htdocs\plataforma-contabilidad\app\Controllers\EmpleadoController.php(109): view('empleado/nuevo', Array)
#5 C:\xampp\htdocs\plataforma-contabilidad\vendor\codeigniter4\framework\system\CodeIgniter.php(832): App\Controllers\EmpleadoController->add()
#6 C:\xampp\htdocs\plataforma-contabilidad\vendor\codeigniter4\framework\system\CodeIgniter.php(419): CodeIgniter\CodeIgniter->runController(Object(App\Controllers\EmpleadoController))
#7 C:\xampp\htdocs\plataforma-contabilidad\vendor\codeigniter4\framework\system\CodeIgniter.php(326): CodeIgniter\CodeIgniter->handleRequest(NULL, Object(Config\Cache), false)
#8 C:\xampp\htdocs\plataforma-contabilidad\public\index.php(37): CodeIgniter\CodeIgniter->run()
#9 C:\xampp\htdocs\plataforma-contabilidad\vendor\codeigniter4\framework\system\Commands\Server\rewrite.php(43): require_once('C:\\xampp\\htdocs...')
#10 {main}
CRITICAL - 2022-06-07 17:46:43 --> Undefined variable: empresa
#0 C:\xampp\htdocs\plataforma-contabilidad\app\Views\empleado\nuevo.php(11): CodeIgniter\Debug\Exceptions->errorHandler(8, 'Undefined varia...', 'C:\\xampp\\htdocs...', 11, Array)
#1 C:\xampp\htdocs\plataforma-contabilidad\vendor\codeigniter4\framework\system\View\View.php(210): include('C:\\xampp\\htdocs...')
#2 C:\xampp\htdocs\plataforma-contabilidad\vendor\codeigniter4\framework\system\View\View.php(213): CodeIgniter\View\View->CodeIgniter\View\{closure}()
#3 C:\xampp\htdocs\plataforma-contabilidad\vendor\codeigniter4\framework\system\Common.php(1089): CodeIgniter\View\View->render('empleado/nuevo', Array, true)
#4 C:\xampp\htdocs\plataforma-contabilidad\app\Controllers\EmpleadoController.php(109): view('empleado/nuevo', Array)
#5 C:\xampp\htdocs\plataforma-contabilidad\vendor\codeigniter4\framework\system\CodeIgniter.php(832): App\Controllers\EmpleadoController->add()
#6 C:\xampp\htdocs\plataforma-contabilidad\vendor\codeigniter4\framework\system\CodeIgniter.php(419): CodeIgniter\CodeIgniter->runController(Object(App\Controllers\EmpleadoController))
#7 C:\xampp\htdocs\plataforma-contabilidad\vendor\codeigniter4\framework\system\CodeIgniter.php(326): CodeIgniter\CodeIgniter->handleRequest(NULL, Object(Config\Cache), false)
#8 C:\xampp\htdocs\plataforma-contabilidad\public\index.php(37): CodeIgniter\CodeIgniter->run()
#9 C:\xampp\htdocs\plataforma-contabilidad\vendor\codeigniter4\framework\system\Commands\Server\rewrite.php(43): require_once('C:\\xampp\\htdocs...')
#10 {main}
CRITICAL - 2022-06-07 17:46:49 --> Undefined variable: empresa
#0 C:\xampp\htdocs\plataforma-contabilidad\app\Views\empleado\nuevo.php(11): CodeIgniter\Debug\Exceptions->errorHandler(8, 'Undefined varia...', 'C:\\xampp\\htdocs...', 11, Array)
#1 C:\xampp\htdocs\plataforma-contabilidad\vendor\codeigniter4\framework\system\View\View.php(210): include('C:\\xampp\\htdocs...')
#2 C:\xampp\htdocs\plataforma-contabilidad\vendor\codeigniter4\framework\system\View\View.php(213): CodeIgniter\View\View->CodeIgniter\View\{closure}()
#3 C:\xampp\htdocs\plataforma-contabilidad\vendor\codeigniter4\framework\system\Common.php(1089): CodeIgniter\View\View->render('empleado/nuevo', Array, true)
#4 C:\xampp\htdocs\plataforma-contabilidad\app\Controllers\EmpleadoController.php(109): view('empleado/nuevo', Array)
#5 C:\xampp\htdocs\plataforma-contabilidad\vendor\codeigniter4\framework\system\CodeIgniter.php(832): App\Controllers\EmpleadoController->add()
#6 C:\xampp\htdocs\plataforma-contabilidad\vendor\codeigniter4\framework\system\CodeIgniter.php(419): CodeIgniter\CodeIgniter->runController(Object(App\Controllers\EmpleadoController))
#7 C:\xampp\htdocs\plataforma-contabilidad\vendor\codeigniter4\framework\system\CodeIgniter.php(326): CodeIgniter\CodeIgniter->handleRequest(NULL, Object(Config\Cache), false)
#8 C:\xampp\htdocs\plataforma-contabilidad\public\index.php(37): CodeIgniter\CodeIgniter->run()
#9 C:\xampp\htdocs\plataforma-contabilidad\vendor\codeigniter4\framework\system\Commands\Server\rewrite.php(43): require_once('C:\\xampp\\htdocs...')
#10 {main}
