CRITICAL - 2022-06-06 17:27:42 --> Use of undefined constant vase - assumed 'vase' (this will throw an Error in a future version of PHP)
#0 C:\xampp\htdocs\plataforma-contabilidad\app\Views\empleado\nuevo.php(583): CodeIgniter\Debug\Exceptions->errorHandler(2, 'Use of undefine...', 'C:\\xampp\\htdocs...', 583, Array)
#1 C:\xampp\htdocs\plataforma-contabilidad\vendor\codeigniter4\framework\system\View\View.php(210): include('C:\\xampp\\htdocs...')
#2 C:\xampp\htdocs\plataforma-contabilidad\vendor\codeigniter4\framework\system\View\View.php(213): CodeIgniter\View\View->CodeIgniter\View\{closure}()
#3 C:\xampp\htdocs\plataforma-contabilidad\vendor\codeigniter4\framework\system\Common.php(1089): CodeIgniter\View\View->render('empleado/nuevo', Array, true)
#4 C:\xampp\htdocs\plataforma-contabilidad\app\Controllers\EmpleadoController.php(27): view('empleado/nuevo', Array)
#5 C:\xampp\htdocs\plataforma-contabilidad\vendor\codeigniter4\framework\system\CodeIgniter.php(832): App\Controllers\EmpleadoController->edit('3')
#6 C:\xampp\htdocs\plataforma-contabilidad\vendor\codeigniter4\framework\system\CodeIgniter.php(419): CodeIgniter\CodeIgniter->runController(Object(App\Controllers\EmpleadoController))
#7 C:\xampp\htdocs\plataforma-contabilidad\vendor\codeigniter4\framework\system\CodeIgniter.php(326): CodeIgniter\CodeIgniter->handleRequest(NULL, Object(Config\Cache), false)
#8 C:\xampp\htdocs\plataforma-contabilidad\public\index.php(37): CodeIgniter\CodeIgniter->run()
#9 C:\xampp\htdocs\plataforma-contabilidad\vendor\codeigniter4\framework\system\Commands\Server\rewrite.php(43): require_once('C:\\xampp\\htdocs...')
#10 {main}
CRITICAL - 2022-06-06 17:55:11 --> Invalid file: /empleado/datos_contrato.php
#0 C:\xampp\htdocs\plataforma-contabilidad\vendor\codeigniter4\framework\system\View\View.php(198): CodeIgniter\Exceptions\FrameworkException::forInvalidFile('/empleado/datos...')
#1 C:\xampp\htdocs\plataforma-contabilidad\vendor\codeigniter4\framework\system\Common.php(1089): CodeIgniter\View\View->render('/empleado/datos...', Array, true)
#2 C:\xampp\htdocs\plataforma-contabilidad\app\Controllers\EmpleadoController.php(30): view('/empleado/datos...')
#3 C:\xampp\htdocs\plataforma-contabilidad\vendor\codeigniter4\framework\system\CodeIgniter.php(832): App\Controllers\EmpleadoController->editContrato('$id')
#4 C:\xampp\htdocs\plataforma-contabilidad\vendor\codeigniter4\framework\system\CodeIgniter.php(419): CodeIgniter\CodeIgniter->runController(Object(App\Controllers\EmpleadoController))
#5 C:\xampp\htdocs\plataforma-contabilidad\vendor\codeigniter4\framework\system\CodeIgniter.php(326): CodeIgniter\CodeIgniter->handleRequest(NULL, Object(Config\Cache), false)
#6 C:\xampp\htdocs\plataforma-contabilidad\public\index.php(37): CodeIgniter\CodeIgniter->run()
#7 C:\xampp\htdocs\plataforma-contabilidad\vendor\codeigniter4\framework\system\Commands\Server\rewrite.php(43): require_once('C:\\xampp\\htdocs...')
#8 {main}
CRITICAL - 2022-06-06 17:56:55 --> Invalid file: /empleado/datos_contrato.php
#0 C:\xampp\htdocs\plataforma-contabilidad\vendor\codeigniter4\framework\system\View\View.php(198): CodeIgniter\Exceptions\FrameworkException::forInvalidFile('/empleado/datos...')
#1 C:\xampp\htdocs\plataforma-contabilidad\vendor\codeigniter4\framework\system\Common.php(1089): CodeIgniter\View\View->render('/empleado/datos...', Array, true)
#2 C:\xampp\htdocs\plataforma-contabilidad\app\Controllers\EmpleadoController.php(30): view('/empleado/datos...')
#3 C:\xampp\htdocs\plataforma-contabilidad\vendor\codeigniter4\framework\system\CodeIgniter.php(832): App\Controllers\EmpleadoController->editContrato('$id')
#4 C:\xampp\htdocs\plataforma-contabilidad\vendor\codeigniter4\framework\system\CodeIgniter.php(419): CodeIgniter\CodeIgniter->runController(Object(App\Controllers\EmpleadoController))
#5 C:\xampp\htdocs\plataforma-contabilidad\vendor\codeigniter4\framework\system\CodeIgniter.php(326): CodeIgniter\CodeIgniter->handleRequest(NULL, Object(Config\Cache), false)
#6 C:\xampp\htdocs\plataforma-contabilidad\public\index.php(37): CodeIgniter\CodeIgniter->run()
#7 C:\xampp\htdocs\plataforma-contabilidad\vendor\codeigniter4\framework\system\Commands\Server\rewrite.php(43): require_once('C:\\xampp\\htdocs...')
#8 {main}
CRITICAL - 2022-06-06 17:57:17 --> Undefined variable: empresa
#0 C:\xampp\htdocs\plataforma-contabilidad\app\Views\empleado\datos_contrato.php(12): CodeIgniter\Debug\Exceptions->errorHandler(8, 'Undefined varia...', 'C:\\xampp\\htdocs...', 12, Array)
#1 C:\xampp\htdocs\plataforma-contabilidad\vendor\codeigniter4\framework\system\View\View.php(210): include('C:\\xampp\\htdocs...')
#2 C:\xampp\htdocs\plataforma-contabilidad\vendor\codeigniter4\framework\system\View\View.php(213): CodeIgniter\View\View->CodeIgniter\View\{closure}()
#3 C:\xampp\htdocs\plataforma-contabilidad\vendor\codeigniter4\framework\system\Common.php(1089): CodeIgniter\View\View->render('/empleado/datos...', Array, true)
#4 C:\xampp\htdocs\plataforma-contabilidad\app\Controllers\EmpleadoController.php(30): view('/empleado/datos...')
#5 C:\xampp\htdocs\plataforma-contabilidad\vendor\codeigniter4\framework\system\CodeIgniter.php(832): App\Controllers\EmpleadoController->editContrato('$id')
#6 C:\xampp\htdocs\plataforma-contabilidad\vendor\codeigniter4\framework\system\CodeIgniter.php(419): CodeIgniter\CodeIgniter->runController(Object(App\Controllers\EmpleadoController))
#7 C:\xampp\htdocs\plataforma-contabilidad\vendor\codeigniter4\framework\system\CodeIgniter.php(326): CodeIgniter\CodeIgniter->handleRequest(NULL, Object(Config\Cache), false)
#8 C:\xampp\htdocs\plataforma-contabilidad\public\index.php(37): CodeIgniter\CodeIgniter->run()
#9 C:\xampp\htdocs\plataforma-contabilidad\vendor\codeigniter4\framework\system\Commands\Server\rewrite.php(43): require_once('C:\\xampp\\htdocs...')
#10 {main}
